#
# There is insufficient memory for the Java Runtime Environment to continue.
# Native memory allocation (malloc) failed to allocate 1073456 bytes for Chunk::new
# Possible reasons:
#   The system is out of physical RAM or swap space
#   The process is running with CompressedOops enabled, and the Java Heap may be blocking the growth of the native heap
# Possible solutions:
#   Reduce memory load on the system
#   Increase physical memory or swap space
#   Check if swap backing store is full
#   Decrease Java heap size (-Xmx/-Xms)
#   Decrease number of Java threads
#   Decrease Java thread stack sizes (-Xss)
#   Set larger code cache with -XX:ReservedCodeCacheSize=
#   JVM is running with Unscaled Compressed Oops mode in which the Java heap is
#     placed in the first 4GB address space. The Java Heap base address is the
#     maximum limit for the native heap growth. Please use -XX:HeapBaseMinAddress
#     to set the Java Heap base and to place the Java Heap above 4GB virtual address.
# This output file may be truncated or incomplete.
#
#  Out of Memory Error (./src/hotspot/share/memory/arena.cpp:197), pid=14920, tid=4564
#
# JRE version: OpenJDK Runtime Environment (11.0.13) (build 11.0.13+0-b1751.21-8125866)
# Java VM: OpenJDK 64-Bit Server VM (11.0.13+0-b1751.21-8125866, mixed mode, tiered, compressed oops, g1 gc, windows-amd64)
# No core dump will be written. Minidumps are not enabled by default on client versions of Windows
#

---------------  S U M M A R Y ------------

Command Line: --add-opens=java.base/java.util=ALL-UNNAMED --add-opens=java.base/java.lang=ALL-UNNAMED --add-opens=java.base/java.lang.invoke=ALL-UNNAMED --add-opens=java.base/java.util=ALL-UNNAMED --add-opens=java.prefs/java.util.prefs=ALL-UNNAMED --add-opens=java.prefs/java.util.prefs=ALL-UNNAMED --add-opens=java.base/java.nio.charset=ALL-UNNAMED --add-opens=java.base/java.net=ALL-UNNAMED --add-opens=java.base/java.util.concurrent.atomic=ALL-UNNAMED -Xmx2048m -Dfile.encoding=UTF-8 -Duser.country=IN -Duser.language=en -Duser.variant org.gradle.launcher.daemon.bootstrap.GradleDaemon 7.4

Host: AMD Ryzen 5 5500U with Radeon Graphics         , 12 cores, 5G,  Windows 11 , 64 bit Build 22621 (10.0.22621.963)
Time: Wed Jan  4 11:45:18 2023 India Standard Time elapsed time: 15.477814 seconds (0d 0h 0m 15s)

---------------  T H R E A D  ---------------

Current thread (0x0000021a881f6000):  JavaThread "C2 CompilerThread0" daemon [_thread_in_native, id=4564, stack(0x000000c8ece00000,0x000000c8ecf00000)]


Current CompileTask:
C2:  15477 8774       4       java.lang.Class::privateGetPublicMethods (224 bytes)

Stack: [0x000000c8ece00000,0x000000c8ecf00000]
Native frames: (J=compiled Java code, j=interpreted, Vv=VM code, C=native code)
V  [jvm.dll+0x6100fa]
V  [jvm.dll+0x747090]
V  [jvm.dll+0x7486ad]
V  [jvm.dll+0x748d83]
V  [jvm.dll+0x24ab48]
V  [jvm.dll+0xc04dc]
V  [jvm.dll+0xc0a0c]
V  [jvm.dll+0x2bfab4]
V  [jvm.dll+0x524238]
V  [jvm.dll+0x20491a]
V  [jvm.dll+0x2023c2]
V  [jvm.dll+0x188e01]
V  [jvm.dll+0x21106b]
V  [jvm.dll+0x20f8c1]
V  [jvm.dll+0x70de0f]
V  [jvm.dll+0x706a75]
V  [jvm.dll+0x60ed66]
C  [ucrtbase.dll+0x29363]
C  [KERNEL32.DLL+0x126bd]
C  [ntdll.dll+0x5dfb8]


---------------  P R O C E S S  ---------------

Threads class SMR info:
_java_thread_list=0x0000021a8f63a170, length=166, elements={
0x0000021aecea9000, 0x0000021a87871800, 0x0000021a8787b800, 0x0000021a881f2800,
0x0000021a881f3800, 0x0000021a881f4800, 0x0000021a881f6000, 0x0000021a881f7800,
0x0000021a881fd800, 0x0000021a88342000, 0x0000021a8a596000, 0x0000021a8a6ff800,
0x0000021a89faa800, 0x0000021a89cba800, 0x0000021a89b2d800, 0x0000021a8bd44800,
0x0000021a8994f000, 0x0000021a8ac48000, 0x0000021a89d41800, 0x0000021a8a6df800,
0x0000021a8a6dd000, 0x0000021a8a6e0000, 0x0000021a8a6dd800, 0x0000021a8a6de800,
0x0000021a8a6da800, 0x0000021a8a6db000, 0x0000021a8a6e1000, 0x0000021a8a6dc000,
0x0000021a8d87d800, 0x0000021a8d87d000, 0x0000021a8d87e800, 0x0000021a8d87f800,
0x0000021a8d87b800, 0x0000021a8d880000, 0x0000021a8d881000, 0x0000021a8d882000,
0x0000021a8d87c000, 0x0000021a8d884000, 0x0000021a8d882800, 0x0000021a8d889000,
0x0000021a8d885000, 0x0000021a8d883800, 0x0000021a8d88a000, 0x0000021a8d888800,
0x0000021a8d887800, 0x0000021a8d886800, 0x0000021a8d3e4000, 0x0000021a8d3df000,
0x0000021a8d3e1800, 0x0000021a8d3e2800, 0x0000021a8d3de800, 0x0000021a8d3e0000,
0x0000021a8d3e5000, 0x0000021a8d3e3000, 0x0000021a8d3e5800, 0x0000021a8d3e6800,
0x0000021a8d3e1000, 0x0000021a8d3eb800, 0x0000021a8d3ed000, 0x0000021a8d3e7800,
0x0000021a8d3ec000, 0x0000021a8d3e8000, 0x0000021a8d3e9000, 0x0000021a8d3e9800,
0x0000021a8d3ea800, 0x0000021a891af800, 0x0000021a891b1000, 0x0000021a891b2000,
0x0000021a891b3800, 0x0000021a891b4000, 0x0000021a891b6000, 0x0000021a891b2800,
0x0000021a891b5000, 0x0000021a891b0000, 0x0000021a891b8800, 0x0000021a891ba000,
0x0000021a891bb800, 0x0000021a891bb000, 0x0000021a891bc800, 0x0000021a891b6800,
0x0000021a891bd000, 0x0000021a891b7800, 0x0000021a891be000, 0x0000021a891b9000,
0x0000021a8d8b6000, 0x0000021a8d8b1000, 0x0000021a8d8b2000, 0x0000021a8d8b3000,
0x0000021a8d8b0800, 0x0000021a8d8b7000, 0x0000021a8d8b7800, 0x0000021a8d8b8800,
0x0000021a8d8b3800, 0x0000021a8d8b4800, 0x0000021a8d8b5800, 0x0000021a8d8b9800,
0x0000021a8d8bd800, 0x0000021a8d8ba000, 0x0000021a8d8be000, 0x0000021a8d8bb000,
0x0000021a8d8bf000, 0x0000021a8d8bc000, 0x0000021a8d8bc800, 0x0000021a8d3b2000,
0x0000021a8d3b3000, 0x0000021a8d3b5800, 0x0000021a8d3b4000, 0x0000021a8d3b6800,
0x0000021a8d3b0800, 0x0000021a8d3b7000, 0x0000021a8d3b4800, 0x0000021a8d3b1800,
0x0000021a8d3bc000, 0x0000021a8d3bd000, 0x0000021a8d3bd800, 0x0000021a8d3b8000,
0x0000021a8d3bb000, 0x0000021a8d3b9800, 0x0000021a8d3ba800, 0x0000021a8d3be800,
0x0000021a8d3b8800, 0x0000021a8d3bf000, 0x0000021a8ff06800, 0x0000021a8ff08000,
0x0000021a8ff05800, 0x0000021a8ff04800, 0x0000021a8ff07000, 0x0000021a8ff02800,
0x0000021a8ff03000, 0x0000021a8ff09000, 0x0000021a8ff09800, 0x0000021a8ff04000,
0x0000021a8ff10000, 0x0000021a8ff0d000, 0x0000021a8ff0c000, 0x0000021a8ff0d800,
0x0000021a8ff0f800, 0x0000021a8ff0a800, 0x0000021a8ff0e800, 0x0000021a8ff11000,
0x0000021a8ff0b000, 0x0000021a8d92b800, 0x0000021a8d92c800, 0x0000021a8d92a000,
0x0000021a8d927800, 0x0000021a8d926800, 0x0000021a8d92d000, 0x0000021a8d92e000,
0x0000021a8d92b000, 0x0000021a8d929000, 0x0000021a8d928800, 0x0000021a8d92f000,
0x0000021a8d932000, 0x0000021a8d934800, 0x0000021a8d933000, 0x0000021a8d935800,
0x0000021a8d930800, 0x0000021a8d92f800, 0x0000021a8d931800, 0x0000021a8d933800,
0x0000021a8fd44800, 0x0000021a8fd42800, 0x0000021a8fd46800, 0x0000021a8fd45000,
0x0000021a8fd47800, 0x0000021a8fd42000
}

Java Threads: ( => current thread )
  0x0000021aecea9000 JavaThread "main" [_thread_blocked, id=3860, stack(0x000000c8ec200000,0x000000c8ec300000)]
  0x0000021a87871800 JavaThread "Reference Handler" daemon [_thread_blocked, id=14444, stack(0x000000c8ec900000,0x000000c8eca00000)]
  0x0000021a8787b800 JavaThread "Finalizer" daemon [_thread_blocked, id=16840, stack(0x000000c8eca00000,0x000000c8ecb00000)]
  0x0000021a881f2800 JavaThread "Signal Dispatcher" daemon [_thread_blocked, id=19048, stack(0x000000c8ecb00000,0x000000c8ecc00000)]
  0x0000021a881f3800 JavaThread "Attach Listener" daemon [_thread_blocked, id=16644, stack(0x000000c8ecc00000,0x000000c8ecd00000)]
  0x0000021a881f4800 JavaThread "Service Thread" daemon [_thread_blocked, id=5232, stack(0x000000c8ecd00000,0x000000c8ece00000)]
=>0x0000021a881f6000 JavaThread "C2 CompilerThread0" daemon [_thread_in_native, id=4564, stack(0x000000c8ece00000,0x000000c8ecf00000)]
  0x0000021a881f7800 JavaThread "C1 CompilerThread0" daemon [_thread_in_native, id=12576, stack(0x000000c8ecf00000,0x000000c8ed000000)]
  0x0000021a881fd800 JavaThread "Sweeper thread" daemon [_thread_blocked, id=12636, stack(0x000000c8ed000000,0x000000c8ed100000)]
  0x0000021a88342000 JavaThread "Common-Cleaner" daemon [_thread_blocked, id=2828, stack(0x000000c8ed100000,0x000000c8ed200000)]
  0x0000021a8a596000 JavaThread "Daemon health stats" [_thread_blocked, id=13088, stack(0x000000c8ed400000,0x000000c8ed500000)]
  0x0000021a8a6ff800 JavaThread "Incoming local TCP Connector on port 64640" [_thread_in_native, id=7448, stack(0x000000c8ed300000,0x000000c8ed400000)]
  0x0000021a89faa800 JavaThread "Daemon periodic checks" [_thread_blocked, id=17584, stack(0x000000c8ed600000,0x000000c8ed700000)]
  0x0000021a89cba800 JavaThread "Daemon" [_thread_blocked, id=13692, stack(0x000000c8ed700000,0x000000c8ed800000)]
  0x0000021a89b2d800 JavaThread "Handler for socket connection from /127.0.0.1:64640 to /127.0.0.1:64641" [_thread_in_native, id=15744, stack(0x000000c8ed800000,0x000000c8ed900000)]
  0x0000021a8bd44800 JavaThread "Cancel handler" [_thread_blocked, id=9204, stack(0x000000c8ed900000,0x000000c8eda00000)]
  0x0000021a8994f000 JavaThread "Daemon worker" [_thread_in_vm, id=18332, stack(0x000000c8eda00000,0x000000c8edb00000)]
  0x0000021a8ac48000 JavaThread "Asynchronous log dispatcher for DefaultDaemonConnection: socket connection from /127.0.0.1:64640 to /127.0.0.1:64641" [_thread_blocked, id=3740, stack(0x000000c8edb00000,0x000000c8edc00000)]
  0x0000021a89d41800 JavaThread "Stdin handler" [_thread_blocked, id=3688, stack(0x000000c8edc00000,0x000000c8edd00000)]
  0x0000021a8a6df800 JavaThread "Daemon client event forwarder" [_thread_blocked, id=7524, stack(0x000000c8edd00000,0x000000c8ede00000)]
  0x0000021a8a6dd000 JavaThread "Cache worker for journal cache (C:\Users\venni\.gradle\caches\journal-1)" [_thread_blocked, id=13452, stack(0x000000c8ede00000,0x000000c8edf00000)]
  0x0000021a8a6e0000 JavaThread "File lock request listener" [_thread_in_native, id=11428, stack(0x000000c8edf00000,0x000000c8ee000000)]
  0x0000021a8a6dd800 JavaThread "Cache worker for file hash cache (C:\Users\venni\.gradle\caches\7.4\fileHashes)" [_thread_blocked, id=11156, stack(0x000000c8eea00000,0x000000c8eeb00000)]
  0x0000021a8a6de800 JavaThread "File watcher server" daemon [_thread_in_native, id=3412, stack(0x000000c8eec00000,0x000000c8eed00000)]
  0x0000021a8a6da800 JavaThread "File watcher consumer" daemon [_thread_blocked, id=18308, stack(0x000000c8eed00000,0x000000c8eee00000)]
  0x0000021a8a6db000 JavaThread "jar transforms" [_thread_blocked, id=8584, stack(0x000000c8eee00000,0x000000c8eef00000)]
  0x0000021a8a6e1000 JavaThread "jar transforms Thread 2" [_thread_blocked, id=18668, stack(0x000000c8eef00000,0x000000c8ef000000)]
  0x0000021a8a6dc000 JavaThread "jar transforms Thread 3" [_thread_blocked, id=8000, stack(0x000000c8ef000000,0x000000c8ef100000)]
  0x0000021a8d87d800 JavaThread "jar transforms Thread 4" [_thread_blocked, id=18632, stack(0x000000c8ef100000,0x000000c8ef200000)]
  0x0000021a8d87d000 JavaThread "jar transforms Thread 5" [_thread_blocked, id=13304, stack(0x000000c8ef200000,0x000000c8ef300000)]
  0x0000021a8d87e800 JavaThread "jar transforms Thread 6" [_thread_blocked, id=12484, stack(0x000000c8ef300000,0x000000c8ef400000)]
  0x0000021a8d87f800 JavaThread "jar transforms Thread 7" [_thread_blocked, id=1464, stack(0x000000c8ef400000,0x000000c8ef500000)]
  0x0000021a8d87b800 JavaThread "jar transforms Thread 8" [_thread_blocked, id=19396, stack(0x000000c8ef500000,0x000000c8ef600000)]
  0x0000021a8d880000 JavaThread "jar transforms Thread 9" [_thread_blocked, id=17176, stack(0x000000c8ef600000,0x000000c8ef700000)]
  0x0000021a8d881000 JavaThread "jar transforms Thread 10" [_thread_blocked, id=8316, stack(0x000000c8ef700000,0x000000c8ef800000)]
  0x0000021a8d882000 JavaThread "jar transforms Thread 11" [_thread_blocked, id=15840, stack(0x000000c8ef800000,0x000000c8ef900000)]
  0x0000021a8d87c000 JavaThread "jar transforms Thread 12" [_thread_blocked, id=11344, stack(0x000000c8ef900000,0x000000c8efa00000)]
  0x0000021a8d884000 JavaThread "Cache worker for checksums cache (C:\Users\venni\AndroidStudioProjects\DoorLock\.gradle\7.4\checksums)" [_thread_blocked, id=13068, stack(0x000000c8efa00000,0x000000c8efb00000)]
  0x0000021a8d882800 JavaThread "Cache worker for cache directory md-rule (C:\Users\venni\.gradle\caches\7.4\md-rule)" [_thread_blocked, id=10324, stack(0x000000c8efb00000,0x000000c8efc00000)]
  0x0000021a8d889000 JavaThread "Cache worker for file hash cache (C:\Users\venni\AndroidStudioProjects\DoorLock\.gradle\7.4\fileHashes)" [_thread_blocked, id=5776, stack(0x000000c8efc00000,0x000000c8efd00000)]
  0x0000021a8d885000 JavaThread "Cache worker for cache directory md-supplier (C:\Users\venni\.gradle\caches\7.4\md-supplier)" [_thread_blocked, id=16652, stack(0x000000c8efd00000,0x000000c8efe00000)]
  0x0000021a8d883800 JavaThread "Cache worker for execution history cache (C:\Users\venni\.gradle\caches\7.4\executionHistory)" [_thread_blocked, id=11956, stack(0x000000c8efe00000,0x000000c8eff00000)]
  0x0000021a8d88a000 JavaThread "Cache worker for file content cache (C:\Users\venni\.gradle\caches\7.4\fileContent)" [_thread_blocked, id=8288, stack(0x000000c8eff00000,0x000000c8f0000000)]
  0x0000021a8d888800 JavaThread "Cache worker for dependencies-accessors (C:\Users\venni\AndroidStudioProjects\DoorLock\.gradle\7.4\dependencies-accessors)" [_thread_blocked, id=8896, stack(0x000000c8f0000000,0x000000c8f0100000)]
  0x0000021a8d887800 JavaThread "Cache worker for Build Output Cleanup Cache (C:\Users\venni\AndroidStudioProjects\DoorLock\.gradle\buildOutputCleanup)" [_thread_blocked, id=11184, stack(0x000000c8f0100000,0x000000c8f0200000)]
  0x0000021a8d886800 JavaThread "Unconstrained build operations" [_thread_blocked, id=8948, stack(0x000000c8f0200000,0x000000c8f0300000)]
  0x0000021a8d3e4000 JavaThread "Unconstrained build operations Thread 2" [_thread_blocked, id=14040, stack(0x000000c8f0300000,0x000000c8f0400000)]
  0x0000021a8d3df000 JavaThread "Unconstrained build operations Thread 3" [_thread_blocked, id=7472, stack(0x000000c8f0400000,0x000000c8f0500000)]
  0x0000021a8d3e1800 JavaThread "Unconstrained build operations Thread 4" [_thread_blocked, id=8612, stack(0x000000c8f0500000,0x000000c8f0600000)]
  0x0000021a8d3e2800 JavaThread "Unconstrained build operations Thread 5" [_thread_blocked, id=6128, stack(0x000000c8f0600000,0x000000c8f0700000)]
  0x0000021a8d3de800 JavaThread "Unconstrained build operations Thread 6" [_thread_blocked, id=10264, stack(0x000000c8f0700000,0x000000c8f0800000)]
  0x0000021a8d3e0000 JavaThread "Unconstrained build operations Thread 7" [_thread_blocked, id=3620, stack(0x000000c8f0800000,0x000000c8f0900000)]
  0x0000021a8d3e5000 JavaThread "Unconstrained build operations Thread 8" [_thread_blocked, id=4252, stack(0x000000c8f0900000,0x000000c8f0a00000)]
  0x0000021a8d3e3000 JavaThread "Unconstrained build operations Thread 9" [_thread_blocked, id=192, stack(0x000000c8f0a00000,0x000000c8f0b00000)]
  0x0000021a8d3e5800 JavaThread "Unconstrained build operations Thread 10" [_thread_blocked, id=2856, stack(0x000000c8f0b00000,0x000000c8f0c00000)]
  0x0000021a8d3e6800 JavaThread "Unconstrained build operations Thread 11" [_thread_blocked, id=17564, stack(0x000000c8f0c00000,0x000000c8f0d00000)]
  0x0000021a8d3e1000 JavaThread "Unconstrained build operations Thread 12" [_thread_blocked, id=7112, stack(0x000000c8f0d00000,0x000000c8f0e00000)]
  0x0000021a8d3eb800 JavaThread "Unconstrained build operations Thread 13" [_thread_blocked, id=18196, stack(0x000000c8f0e00000,0x000000c8f0f00000)]
  0x0000021a8d3ed000 JavaThread "Unconstrained build operations Thread 14" [_thread_blocked, id=14140, stack(0x000000c8f0f00000,0x000000c8f1000000)]
  0x0000021a8d3e7800 JavaThread "Unconstrained build operations Thread 15" [_thread_blocked, id=11764, stack(0x000000c8f1000000,0x000000c8f1100000)]
  0x0000021a8d3ec000 JavaThread "Unconstrained build operations Thread 16" [_thread_blocked, id=17172, stack(0x000000c8f1100000,0x000000c8f1200000)]
  0x0000021a8d3e8000 JavaThread "Unconstrained build operations Thread 17" [_thread_blocked, id=4640, stack(0x000000c8f1200000,0x000000c8f1300000)]
  0x0000021a8d3e9000 JavaThread "Unconstrained build operations Thread 18" [_thread_blocked, id=11132, stack(0x000000c8f1300000,0x000000c8f1400000)]
  0x0000021a8d3e9800 JavaThread "Unconstrained build operations Thread 19" [_thread_blocked, id=18132, stack(0x000000c8f1400000,0x000000c8f1500000)]
  0x0000021a8d3ea800 JavaThread "Unconstrained build operations Thread 20" [_thread_blocked, id=12144, stack(0x000000c8f1500000,0x000000c8f1600000)]
  0x0000021a891af800 JavaThread "Unconstrained build operations Thread 21" [_thread_blocked, id=15452, stack(0x000000c8f1600000,0x000000c8f1700000)]
  0x0000021a891b1000 JavaThread "Unconstrained build operations Thread 22" [_thread_blocked, id=17524, stack(0x000000c8f1700000,0x000000c8f1800000)]
  0x0000021a891b2000 JavaThread "Unconstrained build operations Thread 23" [_thread_blocked, id=2212, stack(0x000000c8f1800000,0x000000c8f1900000)]
  0x0000021a891b3800 JavaThread "Unconstrained build operations Thread 24" [_thread_blocked, id=19248, stack(0x000000c8f1900000,0x000000c8f1a00000)]
  0x0000021a891b4000 JavaThread "Unconstrained build operations Thread 25" [_thread_blocked, id=18352, stack(0x000000c8f1a00000,0x000000c8f1b00000)]
  0x0000021a891b6000 JavaThread "Unconstrained build operations Thread 26" [_thread_blocked, id=6928, stack(0x000000c8f1b00000,0x000000c8f1c00000)]
  0x0000021a891b2800 JavaThread "Unconstrained build operations Thread 27" [_thread_blocked, id=6592, stack(0x000000c8f1c00000,0x000000c8f1d00000)]
  0x0000021a891b5000 JavaThread "Unconstrained build operations Thread 28" [_thread_blocked, id=13904, stack(0x000000c8f1d00000,0x000000c8f1e00000)]
  0x0000021a891b0000 JavaThread "Unconstrained build operations Thread 29" [_thread_blocked, id=16212, stack(0x000000c8f1e00000,0x000000c8f1f00000)]
  0x0000021a891b8800 JavaThread "Unconstrained build operations Thread 30" [_thread_blocked, id=4312, stack(0x000000c8f1f00000,0x000000c8f2000000)]
  0x0000021a891ba000 JavaThread "Unconstrained build operations Thread 31" [_thread_blocked, id=3656, stack(0x000000c8f2000000,0x000000c8f2100000)]
  0x0000021a891bb800 JavaThread "Unconstrained build operations Thread 32" [_thread_blocked, id=14356, stack(0x000000c8f2100000,0x000000c8f2200000)]
  0x0000021a891bb000 JavaThread "Unconstrained build operations Thread 33" [_thread_blocked, id=13344, stack(0x000000c8f2200000,0x000000c8f2300000)]
  0x0000021a891bc800 JavaThread "Unconstrained build operations Thread 34" [_thread_blocked, id=10700, stack(0x000000c8f2300000,0x000000c8f2400000)]
  0x0000021a891b6800 JavaThread "Unconstrained build operations Thread 35" [_thread_blocked, id=5428, stack(0x000000c8f2400000,0x000000c8f2500000)]
  0x0000021a891bd000 JavaThread "Unconstrained build operations Thread 36" [_thread_blocked, id=15060, stack(0x000000c8f2500000,0x000000c8f2600000)]
  0x0000021a891b7800 JavaThread "Unconstrained build operations Thread 37" [_thread_blocked, id=4076, stack(0x000000c8f2600000,0x000000c8f2700000)]
  0x0000021a891be000 JavaThread "Unconstrained build operations Thread 38" [_thread_blocked, id=18296, stack(0x000000c8f2700000,0x000000c8f2800000)]
  0x0000021a891b9000 JavaThread "Unconstrained build operations Thread 39" [_thread_blocked, id=19064, stack(0x000000c8f2800000,0x000000c8f2900000)]
  0x0000021a8d8b6000 JavaThread "Unconstrained build operations Thread 40" [_thread_blocked, id=11892, stack(0x000000c8f2900000,0x000000c8f2a00000)]
  0x0000021a8d8b1000 JavaThread "Unconstrained build operations Thread 41" [_thread_blocked, id=8272, stack(0x000000c8f2a00000,0x000000c8f2b00000)]
  0x0000021a8d8b2000 JavaThread "Unconstrained build operations Thread 42" [_thread_blocked, id=11368, stack(0x000000c8f2b00000,0x000000c8f2c00000)]
  0x0000021a8d8b3000 JavaThread "Unconstrained build operations Thread 43" [_thread_blocked, id=7400, stack(0x000000c8f2c00000,0x000000c8f2d00000)]
  0x0000021a8d8b0800 JavaThread "Unconstrained build operations Thread 44" [_thread_blocked, id=5480, stack(0x000000c8f2d00000,0x000000c8f2e00000)]
  0x0000021a8d8b7000 JavaThread "Unconstrained build operations Thread 45" [_thread_blocked, id=9512, stack(0x000000c8f2e00000,0x000000c8f2f00000)]
  0x0000021a8d8b7800 JavaThread "Unconstrained build operations Thread 46" [_thread_blocked, id=2644, stack(0x000000c8f2f00000,0x000000c8f3000000)]
  0x0000021a8d8b8800 JavaThread "Unconstrained build operations Thread 47" [_thread_blocked, id=6460, stack(0x000000c8f3000000,0x000000c8f3100000)]
  0x0000021a8d8b3800 JavaThread "Unconstrained build operations Thread 48" [_thread_blocked, id=5460, stack(0x000000c8f3100000,0x000000c8f3200000)]
  0x0000021a8d8b4800 JavaThread "Unconstrained build operations Thread 49" [_thread_blocked, id=3676, stack(0x000000c8f3200000,0x000000c8f3300000)]
  0x0000021a8d8b5800 JavaThread "Unconstrained build operations Thread 50" [_thread_blocked, id=2848, stack(0x000000c8f3300000,0x000000c8f3400000)]
  0x0000021a8d8b9800 JavaThread "Unconstrained build operations Thread 51" [_thread_blocked, id=12556, stack(0x000000c8f3400000,0x000000c8f3500000)]
  0x0000021a8d8bd800 JavaThread "Unconstrained build operations Thread 52" [_thread_blocked, id=7980, stack(0x000000c8f3500000,0x000000c8f3600000)]
  0x0000021a8d8ba000 JavaThread "Unconstrained build operations Thread 53" [_thread_blocked, id=4976, stack(0x000000c8f3600000,0x000000c8f3700000)]
  0x0000021a8d8be000 JavaThread "Unconstrained build operations Thread 54" [_thread_blocked, id=17780, stack(0x000000c8f3700000,0x000000c8f3800000)]
  0x0000021a8d8bb000 JavaThread "Unconstrained build operations Thread 55" [_thread_blocked, id=18888, stack(0x000000c8f3800000,0x000000c8f3900000)]
  0x0000021a8d8bf000 JavaThread "Unconstrained build operations Thread 56" [_thread_blocked, id=5380, stack(0x000000c8f3900000,0x000000c8f3a00000)]
  0x0000021a8d8bc000 JavaThread "Unconstrained build operations Thread 57" [_thread_blocked, id=1796, stack(0x000000c8f3a00000,0x000000c8f3b00000)]
  0x0000021a8d8bc800 JavaThread "Unconstrained build operations Thread 58" [_thread_blocked, id=2768, stack(0x000000c8f3b00000,0x000000c8f3c00000)]
  0x0000021a8d3b2000 JavaThread "Unconstrained build operations Thread 59" [_thread_blocked, id=18348, stack(0x000000c8f3c00000,0x000000c8f3d00000)]
  0x0000021a8d3b3000 JavaThread "Unconstrained build operations Thread 60" [_thread_blocked, id=19340, stack(0x000000c8f3d00000,0x000000c8f3e00000)]
  0x0000021a8d3b5800 JavaThread "Unconstrained build operations Thread 61" [_thread_blocked, id=7932, stack(0x000000c8f3e00000,0x000000c8f3f00000)]
  0x0000021a8d3b4000 JavaThread "Unconstrained build operations Thread 62" [_thread_blocked, id=3420, stack(0x000000c8f3f00000,0x000000c8f4000000)]
  0x0000021a8d3b6800 JavaThread "Unconstrained build operations Thread 63" [_thread_blocked, id=6784, stack(0x000000c8f4000000,0x000000c8f4100000)]
  0x0000021a8d3b0800 JavaThread "Unconstrained build operations Thread 64" [_thread_blocked, id=2664, stack(0x000000c8f4100000,0x000000c8f4200000)]
  0x0000021a8d3b7000 JavaThread "Unconstrained build operations Thread 65" [_thread_blocked, id=14320, stack(0x000000c8f4200000,0x000000c8f4300000)]
  0x0000021a8d3b4800 JavaThread "Unconstrained build operations Thread 66" [_thread_blocked, id=15964, stack(0x000000c8f4300000,0x000000c8f4400000)]
  0x0000021a8d3b1800 JavaThread "Unconstrained build operations Thread 67" [_thread_blocked, id=10608, stack(0x000000c8f4400000,0x000000c8f4500000)]
  0x0000021a8d3bc000 JavaThread "Unconstrained build operations Thread 68" [_thread_blocked, id=3764, stack(0x000000c8f4500000,0x000000c8f4600000)]
  0x0000021a8d3bd000 JavaThread "Unconstrained build operations Thread 69" [_thread_blocked, id=2904, stack(0x000000c8f4600000,0x000000c8f4700000)]
  0x0000021a8d3bd800 JavaThread "Unconstrained build operations Thread 70" [_thread_blocked, id=8168, stack(0x000000c8f4700000,0x000000c8f4800000)]
  0x0000021a8d3b8000 JavaThread "Unconstrained build operations Thread 71" [_thread_blocked, id=12368, stack(0x000000c8f4800000,0x000000c8f4900000)]
  0x0000021a8d3bb000 JavaThread "Unconstrained build operations Thread 72" [_thread_blocked, id=15336, stack(0x000000c8f4900000,0x000000c8f4a00000)]
  0x0000021a8d3b9800 JavaThread "Unconstrained build operations Thread 73" [_thread_blocked, id=10408, stack(0x000000c8f4a00000,0x000000c8f4b00000)]
  0x0000021a8d3ba800 JavaThread "Unconstrained build operations Thread 74" [_thread_blocked, id=13824, stack(0x000000c8f4b00000,0x000000c8f4c00000)]
  0x0000021a8d3be800 JavaThread "Unconstrained build operations Thread 75" [_thread_blocked, id=2276, stack(0x000000c8f4c00000,0x000000c8f4d00000)]
  0x0000021a8d3b8800 JavaThread "Unconstrained build operations Thread 76" [_thread_blocked, id=12876, stack(0x000000c8f4d00000,0x000000c8f4e00000)]
  0x0000021a8d3bf000 JavaThread "Unconstrained build operations Thread 77" [_thread_blocked, id=17980, stack(0x000000c8f4e00000,0x000000c8f4f00000)]
  0x0000021a8ff06800 JavaThread "Unconstrained build operations Thread 78" [_thread_blocked, id=1564, stack(0x000000c8f4f00000,0x000000c8f5000000)]
  0x0000021a8ff08000 JavaThread "Unconstrained build operations Thread 79" [_thread_blocked, id=16076, stack(0x000000c8f5000000,0x000000c8f5100000)]
  0x0000021a8ff05800 JavaThread "Unconstrained build operations Thread 80" [_thread_blocked, id=10400, stack(0x000000c8f5100000,0x000000c8f5200000)]
  0x0000021a8ff04800 JavaThread "Unconstrained build operations Thread 81" [_thread_blocked, id=12752, stack(0x000000c8f5200000,0x000000c8f5300000)]
  0x0000021a8ff07000 JavaThread "Unconstrained build operations Thread 82" [_thread_blocked, id=868, stack(0x000000c8f5300000,0x000000c8f5400000)]
  0x0000021a8ff02800 JavaThread "Unconstrained build operations Thread 83" [_thread_blocked, id=14032, stack(0x000000c8f5400000,0x000000c8f5500000)]
  0x0000021a8ff03000 JavaThread "Unconstrained build operations Thread 84" [_thread_blocked, id=11416, stack(0x000000c8f5500000,0x000000c8f5600000)]
  0x0000021a8ff09000 JavaThread "Unconstrained build operations Thread 85" [_thread_blocked, id=13148, stack(0x000000c8f5600000,0x000000c8f5700000)]
  0x0000021a8ff09800 JavaThread "Unconstrained build operations Thread 86" [_thread_blocked, id=17940, stack(0x000000c8f5700000,0x000000c8f5800000)]
  0x0000021a8ff04000 JavaThread "Unconstrained build operations Thread 87" [_thread_blocked, id=2404, stack(0x000000c8f5800000,0x000000c8f5900000)]
  0x0000021a8ff10000 JavaThread "Unconstrained build operations Thread 88" [_thread_blocked, id=8364, stack(0x000000c8f5900000,0x000000c8f5a00000)]
  0x0000021a8ff0d000 JavaThread "Unconstrained build operations Thread 89" [_thread_blocked, id=16688, stack(0x000000c8f5a00000,0x000000c8f5b00000)]
  0x0000021a8ff0c000 JavaThread "Unconstrained build operations Thread 90" [_thread_blocked, id=9744, stack(0x000000c8f5b00000,0x000000c8f5c00000)]
  0x0000021a8ff0d800 JavaThread "Unconstrained build operations Thread 91" [_thread_blocked, id=19400, stack(0x000000c8f5c00000,0x000000c8f5d00000)]
  0x0000021a8ff0f800 JavaThread "Unconstrained build operations Thread 92" [_thread_blocked, id=15616, stack(0x000000c8f5d00000,0x000000c8f5e00000)]
  0x0000021a8ff0a800 JavaThread "Unconstrained build operations Thread 93" [_thread_blocked, id=9484, stack(0x000000c8f5e00000,0x000000c8f5f00000)]
  0x0000021a8ff0e800 JavaThread "Unconstrained build operations Thread 94" [_thread_blocked, id=4032, stack(0x000000c8f5f00000,0x000000c8f6000000)]
  0x0000021a8ff11000 JavaThread "Unconstrained build operations Thread 95" [_thread_blocked, id=2944, stack(0x000000c8f6000000,0x000000c8f6100000)]
  0x0000021a8ff0b000 JavaThread "Unconstrained build operations Thread 96" [_thread_blocked, id=2784, stack(0x000000c8f6100000,0x000000c8f6200000)]
  0x0000021a8d92b800 JavaThread "Unconstrained build operations Thread 97" [_thread_blocked, id=13428, stack(0x000000c8f6200000,0x000000c8f6300000)]
  0x0000021a8d92c800 JavaThread "Unconstrained build operations Thread 98" [_thread_blocked, id=1804, stack(0x000000c8f6300000,0x000000c8f6400000)]
  0x0000021a8d92a000 JavaThread "Unconstrained build operations Thread 99" [_thread_blocked, id=19148, stack(0x000000c8f6400000,0x000000c8f6500000)]
  0x0000021a8d927800 JavaThread "Unconstrained build operations Thread 100" [_thread_blocked, id=17640, stack(0x000000c8f6500000,0x000000c8f6600000)]
  0x0000021a8d926800 JavaThread "Unconstrained build operations Thread 101" [_thread_blocked, id=10072, stack(0x000000c8f6600000,0x000000c8f6700000)]
  0x0000021a8d92d000 JavaThread "Unconstrained build operations Thread 102" [_thread_blocked, id=17420, stack(0x000000c8f6700000,0x000000c8f6800000)]
  0x0000021a8d92e000 JavaThread "Unconstrained build operations Thread 103" [_thread_blocked, id=11420, stack(0x000000c8f6800000,0x000000c8f6900000)]
  0x0000021a8d92b000 JavaThread "Unconstrained build operations Thread 104" [_thread_blocked, id=13980, stack(0x000000c8f6900000,0x000000c8f6a00000)]
  0x0000021a8d929000 JavaThread "Unconstrained build operations Thread 105" [_thread_blocked, id=13164, stack(0x000000c8f6a00000,0x000000c8f6b00000)]
  0x0000021a8d928800 JavaThread "Unconstrained build operations Thread 106" [_thread_blocked, id=16032, stack(0x000000c8f6b00000,0x000000c8f6c00000)]
  0x0000021a8d92f000 JavaThread "Unconstrained build operations Thread 107" [_thread_blocked, id=4192, stack(0x000000c8f6c00000,0x000000c8f6d00000)]
  0x0000021a8d932000 JavaThread "Unconstrained build operations Thread 108" [_thread_blocked, id=18820, stack(0x000000c8f6d00000,0x000000c8f6e00000)]
  0x0000021a8d934800 JavaThread "Unconstrained build operations Thread 109" [_thread_blocked, id=19416, stack(0x000000c8f6e00000,0x000000c8f6f00000)]
  0x0000021a8d933000 JavaThread "Unconstrained build operations Thread 110" [_thread_blocked, id=8848, stack(0x000000c8f6f00000,0x000000c8f7000000)]
  0x0000021a8d935800 JavaThread "Unconstrained build operations Thread 111" [_thread_blocked, id=2620, stack(0x000000c8f7000000,0x000000c8f7100000)]
  0x0000021a8d930800 JavaThread "Unconstrained build operations Thread 112" [_thread_blocked, id=3000, stack(0x000000c8f7100000,0x000000c8f7200000)]
  0x0000021a8d92f800 JavaThread "Unconstrained build operations Thread 113" [_thread_blocked, id=14084, stack(0x000000c8f7200000,0x000000c8f7300000)]
  0x0000021a8d931800 JavaThread "Unconstrained build operations Thread 114" [_thread_blocked, id=17644, stack(0x000000c8f7300000,0x000000c8f7400000)]
  0x0000021a8d933800 JavaThread "Unconstrained build operations Thread 115" [_thread_blocked, id=7884, stack(0x000000c8f7400000,0x000000c8f7500000)]
  0x0000021a8fd44800 JavaThread "Unconstrained build operations Thread 116" [_thread_blocked, id=11396, stack(0x000000c8f7500000,0x000000c8f7600000)]
  0x0000021a8fd42800 JavaThread "Unconstrained build operations Thread 117" [_thread_blocked, id=2388, stack(0x000000c8f7600000,0x000000c8f7700000)]
  0x0000021a8fd46800 JavaThread "Unconstrained build operations Thread 118" [_thread_blocked, id=16128, stack(0x000000c8f7700000,0x000000c8f7800000)]
  0x0000021a8fd45000 JavaThread "Unconstrained build operations Thread 119" [_thread_blocked, id=16576, stack(0x000000c8f7800000,0x000000c8f7900000)]
  0x0000021a8fd47800 JavaThread "Unconstrained build operations Thread 120" [_thread_blocked, id=8528, stack(0x000000c8f7900000,0x000000c8f7a00000)]
  0x0000021a8fd42000 JavaThread "Memory manager" [_thread_blocked, id=2472, stack(0x000000c8eeb00000,0x000000c8eec00000)]

Other Threads:
  0x0000021a8786d800 VMThread "VM Thread" [stack: 0x000000c8ec800000,0x000000c8ec900000] [id=14488]
  0x0000021a88357000 WatcherThread [stack: 0x000000c8ed200000,0x000000c8ed300000] [id=13196]
  0x0000021aecec3000 GCTaskThread "GC Thread#0" [stack: 0x000000c8ec300000,0x000000c8ec400000] [id=9636]
  0x0000021a890c7800 GCTaskThread "GC Thread#1" [stack: 0x000000c8ed500000,0x000000c8ed600000] [id=14928]
  0x0000021a8a054800 GCTaskThread "GC Thread#2" [stack: 0x000000c8ee000000,0x000000c8ee100000] [id=6524]
  0x0000021a89fb9800 GCTaskThread "GC Thread#3" [stack: 0x000000c8ee100000,0x000000c8ee200000] [id=8724]
  0x0000021a8a742800 GCTaskThread "GC Thread#4" [stack: 0x000000c8ee200000,0x000000c8ee300000] [id=19312]
  0x0000021a8b9c7800 GCTaskThread "GC Thread#5" [stack: 0x000000c8ee300000,0x000000c8ee400000] [id=16916]
  0x0000021a8a545800 GCTaskThread "GC Thread#6" [stack: 0x000000c8ee400000,0x000000c8ee500000] [id=10068]
  0x0000021a897a0000 GCTaskThread "GC Thread#7" [stack: 0x000000c8ee500000,0x000000c8ee600000] [id=19196]
  0x0000021a89b3c000 GCTaskThread "GC Thread#8" [stack: 0x000000c8ee600000,0x000000c8ee700000] [id=12656]
  0x0000021a89be1000 GCTaskThread "GC Thread#9" [stack: 0x000000c8ee700000,0x000000c8ee800000] [id=1880]
  0x0000021aecef3000 ConcurrentGCThread "G1 Main Marker" [stack: 0x000000c8ec400000,0x000000c8ec500000] [id=17620]
  0x0000021aecef5800 ConcurrentGCThread "G1 Conc#0" [stack: 0x000000c8ec500000,0x000000c8ec600000] [id=3956]
  0x0000021a8a1b8000 ConcurrentGCThread "G1 Conc#1" [stack: 0x000000c8ee800000,0x000000c8ee900000] [id=3284]
  0x0000021a8a1ba800 ConcurrentGCThread "G1 Conc#2" [stack: 0x000000c8ee900000,0x000000c8eea00000] [id=3208]
  0x0000021aecf73800 ConcurrentGCThread "G1 Refine#0" [stack: 0x000000c8ec600000,0x000000c8ec700000] [id=11024]
  0x0000021aecf76800 ConcurrentGCThread "G1 Young RemSet Sampling" [stack: 0x000000c8ec700000,0x000000c8ec800000] [id=13076]

Threads with active compile tasks:
C2 CompilerThread0  15512 8774       4       java.lang.Class::privateGetPublicMethods (224 bytes)

VM state:not at safepoint (normal execution)

VM Mutex/Monitor currently owned by a thread: None

Heap address: 0x0000000080000000, size: 2048 MB, Compressed Oops mode: 32-bit
Narrow klass base: 0x0000000000000000, Narrow klass shift: 3
Compressed class space size: 1073741824 Address: 0x0000000100000000

Heap:
 garbage-first heap   total 242688K, used 129676K [0x0000000080000000, 0x0000000100000000)
  region size 1024K, 15 young (15360K), 5 survivors (5120K)
 Metaspace       used 82727K, capacity 84920K, committed 85168K, reserved 1122304K
  class space    used 10707K, capacity 11478K, committed 11520K, reserved 1048576K
Heap Regions: E=young(eden), S=young(survivor), O=old, HS=humongous(starts), HC=humongous(continues), CS=collection set, F=free, A=archive, TAMS=top-at-mark-start (previous, next)
|   0|0x0000000080000000, 0x0000000080100000, 0x0000000080100000|100%| O|  |TAMS 0x0000000080100000, 0x0000000080000000| Untracked 
|   1|0x0000000080100000, 0x0000000080200000, 0x0000000080200000|100%| O|  |TAMS 0x0000000080200000, 0x0000000080100000| Untracked 
|   2|0x0000000080200000, 0x0000000080300000, 0x0000000080300000|100%| O|  |TAMS 0x0000000080300000, 0x0000000080200000| Untracked 
|   3|0x0000000080300000, 0x0000000080400000, 0x0000000080400000|100%|HS|  |TAMS 0x0000000080400000, 0x0000000080300000| Complete 
|   4|0x0000000080400000, 0x0000000080500000, 0x0000000080500000|100%|HC|  |TAMS 0x0000000080500000, 0x0000000080400000| Complete 
|   5|0x0000000080500000, 0x0000000080600000, 0x0000000080600000|100%|HC|  |TAMS 0x0000000080600000, 0x0000000080500000| Complete 
|   6|0x0000000080600000, 0x0000000080700000, 0x0000000080700000|100%| O|  |TAMS 0x0000000080700000, 0x0000000080600000| Untracked 
|   7|0x0000000080700000, 0x0000000080800000, 0x0000000080800000|100%| O|  |TAMS 0x0000000080800000, 0x0000000080700000| Untracked 
|   8|0x0000000080800000, 0x0000000080900000, 0x0000000080900000|100%| O|  |TAMS 0x0000000080900000, 0x0000000080800000| Untracked 
|   9|0x0000000080900000, 0x0000000080a00000, 0x0000000080a00000|100%| O|  |TAMS 0x0000000080a00000, 0x0000000080900000| Untracked 
|  10|0x0000000080a00000, 0x0000000080b00000, 0x0000000080b00000|100%| O|  |TAMS 0x0000000080b00000, 0x0000000080a00000| Untracked 
|  11|0x0000000080b00000, 0x0000000080c00000, 0x0000000080c00000|100%| O|  |TAMS 0x0000000080c00000, 0x0000000080b00000| Untracked 
|  12|0x0000000080c00000, 0x0000000080d00000, 0x0000000080d00000|100%| O|  |TAMS 0x0000000080d00000, 0x0000000080c00000| Untracked 
|  13|0x0000000080d00000, 0x0000000080e00000, 0x0000000080e00000|100%| O|  |TAMS 0x0000000080e00000, 0x0000000080d00000| Untracked 
|  14|0x0000000080e00000, 0x0000000080f00000, 0x0000000080f00000|100%| O|  |TAMS 0x0000000080f00000, 0x0000000080e00000| Untracked 
|  15|0x0000000080f00000, 0x0000000081000000, 0x0000000081000000|100%|HS|  |TAMS 0x0000000081000000, 0x0000000080f00000| Complete 
|  16|0x0000000081000000, 0x0000000081100000, 0x0000000081100000|100%|HC|  |TAMS 0x0000000081100000, 0x0000000081000000| Complete 
|  17|0x0000000081100000, 0x0000000081200000, 0x0000000081200000|100%|HS|  |TAMS 0x0000000081200000, 0x0000000081100000| Complete 
|  18|0x0000000081200000, 0x0000000081300000, 0x0000000081300000|100%|HC|  |TAMS 0x0000000081300000, 0x0000000081200000| Complete 
|  19|0x0000000081300000, 0x0000000081400000, 0x0000000081400000|100%|HC|  |TAMS 0x0000000081400000, 0x0000000081300000| Complete 
|  20|0x0000000081400000, 0x0000000081500000, 0x0000000081500000|100%|HS|  |TAMS 0x0000000081500000, 0x0000000081400000| Complete 
|  21|0x0000000081500000, 0x0000000081600000, 0x0000000081600000|100%|HC|  |TAMS 0x0000000081600000, 0x0000000081500000| Complete 
|  22|0x0000000081600000, 0x0000000081700000, 0x0000000081700000|100%|HC|  |TAMS 0x0000000081700000, 0x0000000081600000| Complete 
|  23|0x0000000081700000, 0x0000000081800000, 0x0000000081800000|100%|HS|  |TAMS 0x0000000081800000, 0x0000000081700000| Complete 
|  24|0x0000000081800000, 0x0000000081900000, 0x0000000081900000|100%|HC|  |TAMS 0x0000000081900000, 0x0000000081800000| Complete 
|  25|0x0000000081900000, 0x0000000081a00000, 0x0000000081a00000|100%|HC|  |TAMS 0x0000000081a00000, 0x0000000081900000| Complete 
|  26|0x0000000081a00000, 0x0000000081b00000, 0x0000000081b00000|100%|HC|  |TAMS 0x0000000081b00000, 0x0000000081a00000| Complete 
|  27|0x0000000081b00000, 0x0000000081c00000, 0x0000000081c00000|100%|HS|  |TAMS 0x0000000081c00000, 0x0000000081b00000| Complete 
|  28|0x0000000081c00000, 0x0000000081d00000, 0x0000000081d00000|100%|HC|  |TAMS 0x0000000081d00000, 0x0000000081c00000| Complete 
|  29|0x0000000081d00000, 0x0000000081e00000, 0x0000000081e00000|100%|HC|  |TAMS 0x0000000081e00000, 0x0000000081d00000| Complete 
|  30|0x0000000081e00000, 0x0000000081f00000, 0x0000000081f00000|100%|HC|  |TAMS 0x0000000081f00000, 0x0000000081e00000| Complete 
|  31|0x0000000081f00000, 0x0000000082000000, 0x0000000082000000|100%|HC|  |TAMS 0x0000000082000000, 0x0000000081f00000| Complete 
|  32|0x0000000082000000, 0x0000000082100000, 0x0000000082100000|100%| O|  |TAMS 0x0000000082100000, 0x0000000082000000| Untracked 
|  33|0x0000000082100000, 0x0000000082200000, 0x0000000082200000|100%| O|  |TAMS 0x0000000082200000, 0x0000000082100000| Untracked 
|  34|0x0000000082200000, 0x0000000082300000, 0x0000000082300000|100%| O|  |TAMS 0x0000000082300000, 0x0000000082200000| Untracked 
|  35|0x0000000082300000, 0x0000000082400000, 0x0000000082400000|100%| O|  |TAMS 0x0000000082400000, 0x0000000082300000| Untracked 
|  36|0x0000000082400000, 0x0000000082500000, 0x0000000082500000|100%| O|  |TAMS 0x0000000082500000, 0x0000000082400000| Untracked 
|  37|0x0000000082500000, 0x0000000082600000, 0x0000000082600000|100%| O|  |TAMS 0x0000000082600000, 0x0000000082500000| Untracked 
|  38|0x0000000082600000, 0x0000000082700000, 0x0000000082700000|100%| O|  |TAMS 0x0000000082700000, 0x0000000082600000| Untracked 
|  39|0x0000000082700000, 0x0000000082800000, 0x0000000082800000|100%| O|  |TAMS 0x0000000082800000, 0x0000000082700000| Untracked 
|  40|0x0000000082800000, 0x0000000082900000, 0x0000000082900000|100%| O|  |TAMS 0x0000000082900000, 0x0000000082800000| Untracked 
|  41|0x0000000082900000, 0x0000000082a00000, 0x0000000082a00000|100%| O|  |TAMS 0x0000000082a00000, 0x0000000082900000| Untracked 
|  42|0x0000000082a00000, 0x0000000082b00000, 0x0000000082b00000|100%| O|  |TAMS 0x0000000082b00000, 0x0000000082a00000| Untracked 
|  43|0x0000000082b00000, 0x0000000082c00000, 0x0000000082c00000|100%| O|  |TAMS 0x0000000082c00000, 0x0000000082b00000| Untracked 
|  44|0x0000000082c00000, 0x0000000082d00000, 0x0000000082d00000|100%| O|  |TAMS 0x0000000082d00000, 0x0000000082c00000| Untracked 
|  45|0x0000000082d00000, 0x0000000082e00000, 0x0000000082e00000|100%| O|  |TAMS 0x0000000082e00000, 0x0000000082d00000| Untracked 
|  46|0x0000000082e00000, 0x0000000082f00000, 0x0000000082f00000|100%| O|  |TAMS 0x0000000082f00000, 0x0000000082e00000| Untracked 
|  47|0x0000000082f00000, 0x0000000083000000, 0x0000000083000000|100%| O|  |TAMS 0x0000000083000000, 0x0000000082f00000| Untracked 
|  48|0x0000000083000000, 0x0000000083100000, 0x0000000083100000|100%| O|  |TAMS 0x0000000083100000, 0x0000000083000000| Untracked 
|  49|0x0000000083100000, 0x0000000083200000, 0x0000000083200000|100%| O|  |TAMS 0x0000000083200000, 0x0000000083100000| Untracked 
|  50|0x0000000083200000, 0x0000000083300000, 0x0000000083300000|100%| O|  |TAMS 0x0000000083300000, 0x0000000083200000| Untracked 
|  51|0x0000000083300000, 0x0000000083400000, 0x0000000083400000|100%|HS|  |TAMS 0x0000000083400000, 0x0000000083300000| Complete 
|  52|0x0000000083400000, 0x0000000083500000, 0x0000000083500000|100%|HC|  |TAMS 0x0000000083500000, 0x0000000083400000| Complete 
|  53|0x0000000083500000, 0x0000000083600000, 0x0000000083600000|100%|HC|  |TAMS 0x0000000083600000, 0x0000000083500000| Complete 
|  54|0x0000000083600000, 0x0000000083700000, 0x0000000083700000|100%|HS|  |TAMS 0x0000000083700000, 0x0000000083600000| Complete 
|  55|0x0000000083700000, 0x0000000083800000, 0x0000000083800000|100%|HC|  |TAMS 0x0000000083800000, 0x0000000083700000| Complete 
|  56|0x0000000083800000, 0x0000000083900000, 0x0000000083900000|100%|HS|  |TAMS 0x0000000083900000, 0x0000000083800000| Complete 
|  57|0x0000000083900000, 0x0000000083a00000, 0x0000000083a00000|100%|HC|  |TAMS 0x0000000083a00000, 0x0000000083900000| Complete 
|  58|0x0000000083a00000, 0x0000000083b00000, 0x0000000083b00000|100%|HC|  |TAMS 0x0000000083b00000, 0x0000000083a00000| Complete 
|  59|0x0000000083b00000, 0x0000000083c00000, 0x0000000083c00000|100%| O|  |TAMS 0x0000000083c00000, 0x0000000083b00000| Untracked 
|  60|0x0000000083c00000, 0x0000000083d00000, 0x0000000083d00000|100%| O|  |TAMS 0x0000000083d00000, 0x0000000083c00000| Untracked 
|  61|0x0000000083d00000, 0x0000000083e00000, 0x0000000083e00000|100%| O|  |TAMS 0x0000000083e00000, 0x0000000083d00000| Untracked 
|  62|0x0000000083e00000, 0x0000000083f00000, 0x0000000083f00000|100%| O|  |TAMS 0x0000000083f00000, 0x0000000083e00000| Untracked 
|  63|0x0000000083f00000, 0x0000000084000000, 0x0000000084000000|100%|HS|  |TAMS 0x0000000084000000, 0x0000000083f00000| Complete 
|  64|0x0000000084000000, 0x0000000084100000, 0x0000000084100000|100%|HC|  |TAMS 0x0000000084100000, 0x0000000084000000| Complete 
|  65|0x0000000084100000, 0x0000000084200000, 0x0000000084200000|100%|HC|  |TAMS 0x0000000084200000, 0x0000000084100000| Complete 
|  66|0x0000000084200000, 0x0000000084300000, 0x0000000084300000|100%|HC|  |TAMS 0x0000000084300000, 0x0000000084200000| Complete 
|  67|0x0000000084300000, 0x0000000084400000, 0x0000000084400000|100%| O|  |TAMS 0x0000000084400000, 0x0000000084300000| Untracked 
|  68|0x0000000084400000, 0x0000000084500000, 0x0000000084500000|100%| O|  |TAMS 0x0000000084500000, 0x0000000084400000| Untracked 
|  69|0x0000000084500000, 0x0000000084600000, 0x0000000084600000|100%| O|  |TAMS 0x0000000084600000, 0x0000000084500000| Untracked 
|  70|0x0000000084600000, 0x0000000084700000, 0x0000000084700000|100%| O|  |TAMS 0x0000000084700000, 0x0000000084600000| Untracked 
|  71|0x0000000084700000, 0x0000000084800000, 0x0000000084800000|100%| O|  |TAMS 0x0000000084800000, 0x0000000084700000| Untracked 
|  72|0x0000000084800000, 0x0000000084900000, 0x0000000084900000|100%| O|  |TAMS 0x0000000084900000, 0x0000000084800000| Untracked 
|  73|0x0000000084900000, 0x0000000084a00000, 0x0000000084a00000|100%|HS|  |TAMS 0x0000000084a00000, 0x0000000084900000| Complete 
|  74|0x0000000084a00000, 0x0000000084b00000, 0x0000000084b00000|100%|HC|  |TAMS 0x0000000084b00000, 0x0000000084a00000| Complete 
|  75|0x0000000084b00000, 0x0000000084c00000, 0x0000000084c00000|100%|HC|  |TAMS 0x0000000084c00000, 0x0000000084b00000| Complete 
|  76|0x0000000084c00000, 0x0000000084d00000, 0x0000000084d00000|100%|HC|  |TAMS 0x0000000084d00000, 0x0000000084c00000| Complete 
|  77|0x0000000084d00000, 0x0000000084e00000, 0x0000000084e00000|100%|HC|  |TAMS 0x0000000084e00000, 0x0000000084d00000| Complete 
|  78|0x0000000084e00000, 0x0000000084f00000, 0x0000000084f00000|100%| O|  |TAMS 0x0000000084f00000, 0x0000000084e00000| Untracked 
|  79|0x0000000084f00000, 0x0000000085000000, 0x0000000085000000|100%| O|  |TAMS 0x0000000085000000, 0x0000000084f00000| Untracked 
|  80|0x0000000085000000, 0x0000000085100000, 0x0000000085100000|100%| O|  |TAMS 0x0000000085100000, 0x0000000085000000| Untracked 
|  81|0x0000000085100000, 0x0000000085200000, 0x0000000085200000|100%| O|  |TAMS 0x0000000085200000, 0x0000000085100000| Untracked 
|  82|0x0000000085200000, 0x0000000085300000, 0x0000000085300000|100%| O|  |TAMS 0x0000000085300000, 0x0000000085200000| Untracked 
|  83|0x0000000085300000, 0x0000000085400000, 0x0000000085400000|100%| O|  |TAMS 0x0000000085400000, 0x0000000085300000| Untracked 
|  84|0x0000000085400000, 0x0000000085500000, 0x0000000085500000|100%| O|  |TAMS 0x0000000085500000, 0x0000000085400000| Untracked 
|  85|0x0000000085500000, 0x0000000085600000, 0x0000000085600000|100%|HS|  |TAMS 0x0000000085600000, 0x0000000085500000| Complete 
|  86|0x0000000085600000, 0x0000000085700000, 0x0000000085700000|100%|HS|  |TAMS 0x0000000085700000, 0x0000000085600000| Complete 
|  87|0x0000000085700000, 0x0000000085800000, 0x0000000085800000|100%|HS|  |TAMS 0x0000000085800000, 0x0000000085700000| Complete 
|  88|0x0000000085800000, 0x0000000085900000, 0x0000000085900000|100%|HS|  |TAMS 0x0000000085900000, 0x0000000085800000| Complete 
|  89|0x0000000085900000, 0x0000000085a00000, 0x0000000085a00000|100%|HC|  |TAMS 0x0000000085a00000, 0x0000000085900000| Complete 
|  90|0x0000000085a00000, 0x0000000085b00000, 0x0000000085b00000|100%|HC|  |TAMS 0x0000000085b00000, 0x0000000085a00000| Complete 
|  91|0x0000000085b00000, 0x0000000085c00000, 0x0000000085c00000|100%| O|  |TAMS 0x0000000085c00000, 0x0000000085b00000| Untracked 
|  92|0x0000000085c00000, 0x0000000085d00000, 0x0000000085d00000|100%| O|  |TAMS 0x0000000085d00000, 0x0000000085c00000| Untracked 
|  93|0x0000000085d00000, 0x0000000085e00000, 0x0000000085e00000|100%| O|  |TAMS 0x0000000085e00000, 0x0000000085d00000| Untracked 
|  94|0x0000000085e00000, 0x0000000085f00000, 0x0000000085f00000|100%| O|  |TAMS 0x0000000085f00000, 0x0000000085e00000| Untracked 
|  95|0x0000000085f00000, 0x0000000086000000, 0x0000000086000000|100%| O|  |TAMS 0x0000000086000000, 0x0000000085f00000| Untracked 
|  96|0x0000000086000000, 0x0000000086100000, 0x0000000086100000|100%|HS|  |TAMS 0x0000000086100000, 0x0000000086000000| Complete 
|  97|0x0000000086100000, 0x0000000086200000, 0x0000000086200000|100%|HC|  |TAMS 0x0000000086200000, 0x0000000086100000| Complete 
|  98|0x0000000086200000, 0x0000000086300000, 0x0000000086300000|100%| O|  |TAMS 0x0000000086300000, 0x0000000086200000| Untracked 
|  99|0x0000000086300000, 0x0000000086400000, 0x0000000086400000|100%| O|  |TAMS 0x0000000086400000, 0x0000000086300000| Untracked 
| 100|0x0000000086400000, 0x0000000086500000, 0x0000000086500000|100%| O|  |TAMS 0x0000000086500000, 0x0000000086400000| Untracked 
| 101|0x0000000086500000, 0x0000000086600000, 0x0000000086600000|100%| O|  |TAMS 0x0000000086600000, 0x0000000086500000| Untracked 
| 102|0x0000000086600000, 0x0000000086700000, 0x0000000086700000|100%| O|  |TAMS 0x0000000086700000, 0x0000000086600000| Untracked 
| 103|0x0000000086700000, 0x0000000086800000, 0x0000000086800000|100%| O|  |TAMS 0x0000000086800000, 0x0000000086700000| Untracked 
| 104|0x0000000086800000, 0x0000000086900000, 0x0000000086900000|100%| O|  |TAMS 0x0000000086900000, 0x0000000086800000| Untracked 
| 105|0x0000000086900000, 0x0000000086a00000, 0x0000000086a00000|100%| O|  |TAMS 0x0000000086a00000, 0x0000000086900000| Untracked 
| 106|0x0000000086a00000, 0x0000000086b00000, 0x0000000086b00000|100%| O|  |TAMS 0x0000000086b00000, 0x0000000086a00000| Untracked 
| 107|0x0000000086b00000, 0x0000000086c00000, 0x0000000086c00000|100%| O|  |TAMS 0x0000000086c00000, 0x0000000086b00000| Untracked 
| 108|0x0000000086c00000, 0x0000000086d00000, 0x0000000086d00000|100%| O|  |TAMS 0x0000000086d00000, 0x0000000086c00000| Untracked 
| 109|0x0000000086d00000, 0x0000000086e00000, 0x0000000086e00000|100%| O|  |TAMS 0x0000000086e00000, 0x0000000086d00000| Untracked 
| 110|0x0000000086e00000, 0x0000000086f00000, 0x0000000086f00000|100%| O|  |TAMS 0x0000000086f00000, 0x0000000086e00000| Untracked 
| 111|0x0000000086f00000, 0x0000000087000000, 0x0000000087000000|100%| O|  |TAMS 0x0000000087000000, 0x0000000086f00000| Untracked 
| 112|0x0000000087000000, 0x00000000870a3000, 0x0000000087100000| 63%| O|  |TAMS 0x00000000870a3000, 0x0000000087000000| Untracked 
| 113|0x0000000087100000, 0x0000000087100000, 0x0000000087200000|  0%| F|  |TAMS 0x0000000087100000, 0x0000000087100000| Untracked 
| 114|0x0000000087200000, 0x0000000087200000, 0x0000000087300000|  0%| F|  |TAMS 0x0000000087200000, 0x0000000087200000| Untracked 
| 115|0x0000000087300000, 0x0000000087300000, 0x0000000087400000|  0%| F|  |TAMS 0x0000000087300000, 0x0000000087300000| Untracked 
| 116|0x0000000087400000, 0x0000000087400000, 0x0000000087500000|  0%| F|  |TAMS 0x0000000087400000, 0x0000000087400000| Untracked 
| 117|0x0000000087500000, 0x0000000087500000, 0x0000000087600000|  0%| F|  |TAMS 0x0000000087500000, 0x0000000087500000| Untracked 
| 118|0x0000000087600000, 0x0000000087600000, 0x0000000087700000|  0%| F|  |TAMS 0x0000000087600000, 0x0000000087600000| Untracked 
| 119|0x0000000087700000, 0x0000000087700000, 0x0000000087800000|  0%| F|  |TAMS 0x0000000087700000, 0x0000000087700000| Untracked 
| 120|0x0000000087800000, 0x0000000087800000, 0x0000000087900000|  0%| F|  |TAMS 0x0000000087800000, 0x0000000087800000| Untracked 
| 121|0x0000000087900000, 0x0000000087900000, 0x0000000087a00000|  0%| F|  |TAMS 0x0000000087900000, 0x0000000087900000| Untracked 
| 122|0x0000000087a00000, 0x0000000087a00000, 0x0000000087b00000|  0%| F|  |TAMS 0x0000000087a00000, 0x0000000087a00000| Untracked 
| 123|0x0000000087b00000, 0x0000000087b00000, 0x0000000087c00000|  0%| F|  |TAMS 0x0000000087b00000, 0x0000000087b00000| Untracked 
| 124|0x0000000087c00000, 0x0000000087c00000, 0x0000000087d00000|  0%| F|  |TAMS 0x0000000087c00000, 0x0000000087c00000| Untracked 
| 125|0x0000000087d00000, 0x0000000087d00000, 0x0000000087e00000|  0%| F|  |TAMS 0x0000000087d00000, 0x0000000087d00000| Untracked 
| 126|0x0000000087e00000, 0x0000000087e00000, 0x0000000087f00000|  0%| F|  |TAMS 0x0000000087e00000, 0x0000000087e00000| Untracked 
| 127|0x0000000087f00000, 0x0000000087f00000, 0x0000000088000000|  0%| F|  |TAMS 0x0000000087f00000, 0x0000000087f00000| Untracked 
| 128|0x0000000088000000, 0x0000000088000000, 0x0000000088100000|  0%| F|  |TAMS 0x0000000088000000, 0x0000000088000000| Untracked 
| 129|0x0000000088100000, 0x0000000088100000, 0x0000000088200000|  0%| F|  |TAMS 0x0000000088100000, 0x0000000088100000| Untracked 
| 130|0x0000000088200000, 0x0000000088200000, 0x0000000088300000|  0%| F|  |TAMS 0x0000000088200000, 0x0000000088200000| Untracked 
| 131|0x0000000088300000, 0x0000000088300000, 0x0000000088400000|  0%| F|  |TAMS 0x0000000088300000, 0x0000000088300000| Untracked 
| 132|0x0000000088400000, 0x0000000088400000, 0x0000000088500000|  0%| F|  |TAMS 0x0000000088400000, 0x0000000088400000| Untracked 
| 133|0x0000000088500000, 0x0000000088500000, 0x0000000088600000|  0%| F|  |TAMS 0x0000000088500000, 0x0000000088500000| Untracked 
| 134|0x0000000088600000, 0x0000000088600000, 0x0000000088700000|  0%| F|  |TAMS 0x0000000088600000, 0x0000000088600000| Untracked 
| 135|0x0000000088700000, 0x0000000088700000, 0x0000000088800000|  0%| F|  |TAMS 0x0000000088700000, 0x0000000088700000| Untracked 
| 136|0x0000000088800000, 0x0000000088800000, 0x0000000088900000|  0%| F|  |TAMS 0x0000000088800000, 0x0000000088800000| Untracked 
| 137|0x0000000088900000, 0x0000000088900000, 0x0000000088a00000|  0%| F|  |TAMS 0x0000000088900000, 0x0000000088900000| Untracked 
| 138|0x0000000088a00000, 0x0000000088a00000, 0x0000000088b00000|  0%| F|  |TAMS 0x0000000088a00000, 0x0000000088a00000| Untracked 
| 139|0x0000000088b00000, 0x0000000088b00000, 0x0000000088c00000|  0%| F|  |TAMS 0x0000000088b00000, 0x0000000088b00000| Untracked 
| 140|0x0000000088c00000, 0x0000000088c00000, 0x0000000088d00000|  0%| F|  |TAMS 0x0000000088c00000, 0x0000000088c00000| Untracked 
| 141|0x0000000088d00000, 0x0000000088d00000, 0x0000000088e00000|  0%| F|  |TAMS 0x0000000088d00000, 0x0000000088d00000| Untracked 
| 142|0x0000000088e00000, 0x0000000088e00000, 0x0000000088f00000|  0%| F|  |TAMS 0x0000000088e00000, 0x0000000088e00000| Untracked 
| 143|0x0000000088f00000, 0x0000000088f00000, 0x0000000089000000|  0%| F|  |TAMS 0x0000000088f00000, 0x0000000088f00000| Untracked 
| 144|0x0000000089000000, 0x0000000089000000, 0x0000000089100000|  0%| F|  |TAMS 0x0000000089000000, 0x0000000089000000| Untracked 
| 145|0x0000000089100000, 0x0000000089100000, 0x0000000089200000|  0%| F|  |TAMS 0x0000000089100000, 0x0000000089100000| Untracked 
| 146|0x0000000089200000, 0x0000000089200000, 0x0000000089300000|  0%| F|  |TAMS 0x0000000089200000, 0x0000000089200000| Untracked 
| 147|0x0000000089300000, 0x0000000089300000, 0x0000000089400000|  0%| F|  |TAMS 0x0000000089300000, 0x0000000089300000| Untracked 
| 148|0x0000000089400000, 0x0000000089500000, 0x0000000089500000|100%| S|CS|TAMS 0x0000000089400000, 0x0000000089400000| Complete 
| 149|0x0000000089500000, 0x0000000089600000, 0x0000000089600000|100%| S|CS|TAMS 0x0000000089500000, 0x0000000089500000| Complete 
| 150|0x0000000089600000, 0x0000000089600000, 0x0000000089700000|  0%| F|  |TAMS 0x0000000089600000, 0x0000000089600000| Untracked 
| 151|0x0000000089700000, 0x0000000089700000, 0x0000000089800000|  0%| F|  |TAMS 0x0000000089700000, 0x0000000089700000| Untracked 
| 152|0x0000000089800000, 0x0000000089800000, 0x0000000089900000|  0%| F|  |TAMS 0x0000000089800000, 0x0000000089800000| Untracked 
| 153|0x0000000089900000, 0x0000000089900000, 0x0000000089a00000|  0%| F|  |TAMS 0x0000000089900000, 0x0000000089900000| Untracked 
| 154|0x0000000089a00000, 0x0000000089b00000, 0x0000000089b00000|100%| S|CS|TAMS 0x0000000089a00000, 0x0000000089a00000| Complete 
| 155|0x0000000089b00000, 0x0000000089c00000, 0x0000000089c00000|100%| S|CS|TAMS 0x0000000089b00000, 0x0000000089b00000| Complete 
| 156|0x0000000089c00000, 0x0000000089d00000, 0x0000000089d00000|100%| S|CS|TAMS 0x0000000089c00000, 0x0000000089c00000| Complete 
| 157|0x0000000089d00000, 0x0000000089d00000, 0x0000000089e00000|  0%| F|  |TAMS 0x0000000089d00000, 0x0000000089d00000| Untracked 
| 158|0x0000000089e00000, 0x0000000089e00000, 0x0000000089f00000|  0%| F|  |TAMS 0x0000000089e00000, 0x0000000089e00000| Untracked 
| 159|0x0000000089f00000, 0x0000000089f00000, 0x000000008a000000|  0%| F|  |TAMS 0x0000000089f00000, 0x0000000089f00000| Untracked 
| 160|0x000000008a000000, 0x000000008a000000, 0x000000008a100000|  0%| F|  |TAMS 0x000000008a000000, 0x000000008a000000| Untracked 
| 161|0x000000008a100000, 0x000000008a100000, 0x000000008a200000|  0%| F|  |TAMS 0x000000008a100000, 0x000000008a100000| Untracked 
| 162|0x000000008a200000, 0x000000008a200000, 0x000000008a300000|  0%| F|  |TAMS 0x000000008a200000, 0x000000008a200000| Untracked 
| 163|0x000000008a300000, 0x000000008a300000, 0x000000008a400000|  0%| F|  |TAMS 0x000000008a300000, 0x000000008a300000| Untracked 
| 164|0x000000008a400000, 0x000000008a400000, 0x000000008a500000|  0%| F|  |TAMS 0x000000008a400000, 0x000000008a400000| Untracked 
| 165|0x000000008a500000, 0x000000008a500000, 0x000000008a600000|  0%| F|  |TAMS 0x000000008a500000, 0x000000008a500000| Untracked 
| 166|0x000000008a600000, 0x000000008a600000, 0x000000008a700000|  0%| F|  |TAMS 0x000000008a600000, 0x000000008a600000| Untracked 
| 167|0x000000008a700000, 0x000000008a700000, 0x000000008a800000|  0%| F|  |TAMS 0x000000008a700000, 0x000000008a700000| Untracked 
| 168|0x000000008a800000, 0x000000008a800000, 0x000000008a900000|  0%| F|  |TAMS 0x000000008a800000, 0x000000008a800000| Untracked 
| 169|0x000000008a900000, 0x000000008a900000, 0x000000008aa00000|  0%| F|  |TAMS 0x000000008a900000, 0x000000008a900000| Untracked 
| 170|0x000000008aa00000, 0x000000008aa00000, 0x000000008ab00000|  0%| F|  |TAMS 0x000000008aa00000, 0x000000008aa00000| Untracked 
| 171|0x000000008ab00000, 0x000000008ab00000, 0x000000008ac00000|  0%| F|  |TAMS 0x000000008ab00000, 0x000000008ab00000| Untracked 
| 172|0x000000008ac00000, 0x000000008ac00000, 0x000000008ad00000|  0%| F|  |TAMS 0x000000008ac00000, 0x000000008ac00000| Untracked 
| 173|0x000000008ad00000, 0x000000008ad00000, 0x000000008ae00000|  0%| F|  |TAMS 0x000000008ad00000, 0x000000008ad00000| Untracked 
| 174|0x000000008ae00000, 0x000000008ae00000, 0x000000008af00000|  0%| F|  |TAMS 0x000000008ae00000, 0x000000008ae00000| Untracked 
| 175|0x000000008af00000, 0x000000008af00000, 0x000000008b000000|  0%| F|  |TAMS 0x000000008af00000, 0x000000008af00000| Untracked 
| 176|0x000000008b000000, 0x000000008b000000, 0x000000008b100000|  0%| F|  |TAMS 0x000000008b000000, 0x000000008b000000| Untracked 
| 177|0x000000008b100000, 0x000000008b100000, 0x000000008b200000|  0%| F|  |TAMS 0x000000008b100000, 0x000000008b100000| Untracked 
| 178|0x000000008b200000, 0x000000008b200000, 0x000000008b300000|  0%| F|  |TAMS 0x000000008b200000, 0x000000008b200000| Untracked 
| 179|0x000000008b300000, 0x000000008b300000, 0x000000008b400000|  0%| F|  |TAMS 0x000000008b300000, 0x000000008b300000| Untracked 
| 180|0x000000008b400000, 0x000000008b400000, 0x000000008b500000|  0%| F|  |TAMS 0x000000008b400000, 0x000000008b400000| Untracked 
| 181|0x000000008b500000, 0x000000008b500000, 0x000000008b600000|  0%| F|  |TAMS 0x000000008b500000, 0x000000008b500000| Untracked 
| 182|0x000000008b600000, 0x000000008b600000, 0x000000008b700000|  0%| F|  |TAMS 0x000000008b600000, 0x000000008b600000| Untracked 
| 183|0x000000008b700000, 0x000000008b700000, 0x000000008b800000|  0%| F|  |TAMS 0x000000008b700000, 0x000000008b700000| Untracked 
| 184|0x000000008b800000, 0x000000008b800000, 0x000000008b900000|  0%| F|  |TAMS 0x000000008b800000, 0x000000008b800000| Untracked 
| 185|0x000000008b900000, 0x000000008b900000, 0x000000008ba00000|  0%| F|  |TAMS 0x000000008b900000, 0x000000008b900000| Untracked 
| 186|0x000000008ba00000, 0x000000008ba00000, 0x000000008bb00000|  0%| F|  |TAMS 0x000000008ba00000, 0x000000008ba00000| Untracked 
| 187|0x000000008bb00000, 0x000000008bb00000, 0x000000008bc00000|  0%| F|  |TAMS 0x000000008bb00000, 0x000000008bb00000| Untracked 
| 188|0x000000008bc00000, 0x000000008bc00000, 0x000000008bd00000|  0%| F|  |TAMS 0x000000008bc00000, 0x000000008bc00000| Untracked 
| 189|0x000000008bd00000, 0x000000008bd00000, 0x000000008be00000|  0%| F|  |TAMS 0x000000008bd00000, 0x000000008bd00000| Untracked 
| 190|0x000000008be00000, 0x000000008be00000, 0x000000008bf00000|  0%| F|  |TAMS 0x000000008be00000, 0x000000008be00000| Untracked 
| 191|0x000000008bf00000, 0x000000008bf00000, 0x000000008c000000|  0%| F|  |TAMS 0x000000008bf00000, 0x000000008bf00000| Untracked 
| 192|0x000000008c000000, 0x000000008c000000, 0x000000008c100000|  0%| F|  |TAMS 0x000000008c000000, 0x000000008c000000| Untracked 
| 193|0x000000008c100000, 0x000000008c100000, 0x000000008c200000|  0%| F|  |TAMS 0x000000008c100000, 0x000000008c100000| Untracked 
| 194|0x000000008c200000, 0x000000008c200000, 0x000000008c300000|  0%| F|  |TAMS 0x000000008c200000, 0x000000008c200000| Untracked 
| 195|0x000000008c300000, 0x000000008c300000, 0x000000008c400000|  0%| F|  |TAMS 0x000000008c300000, 0x000000008c300000| Untracked 
| 196|0x000000008c400000, 0x000000008c400000, 0x000000008c500000|  0%| F|  |TAMS 0x000000008c400000, 0x000000008c400000| Untracked 
| 197|0x000000008c500000, 0x000000008c500000, 0x000000008c600000|  0%| F|  |TAMS 0x000000008c500000, 0x000000008c500000| Untracked 
| 198|0x000000008c600000, 0x000000008c600000, 0x000000008c700000|  0%| F|  |TAMS 0x000000008c600000, 0x000000008c600000| Untracked 
| 199|0x000000008c700000, 0x000000008c700000, 0x000000008c800000|  0%| F|  |TAMS 0x000000008c700000, 0x000000008c700000| Untracked 
| 200|0x000000008c800000, 0x000000008c800000, 0x000000008c900000|  0%| F|  |TAMS 0x000000008c800000, 0x000000008c800000| Untracked 
| 201|0x000000008c900000, 0x000000008c900000, 0x000000008ca00000|  0%| F|  |TAMS 0x000000008c900000, 0x000000008c900000| Untracked 
| 202|0x000000008ca00000, 0x000000008ca00000, 0x000000008cb00000|  0%| F|  |TAMS 0x000000008ca00000, 0x000000008ca00000| Untracked 
| 203|0x000000008cb00000, 0x000000008cb00000, 0x000000008cc00000|  0%| F|  |TAMS 0x000000008cb00000, 0x000000008cb00000| Untracked 
| 204|0x000000008cc00000, 0x000000008cc00000, 0x000000008cd00000|  0%| F|  |TAMS 0x000000008cc00000, 0x000000008cc00000| Untracked 
| 205|0x000000008cd00000, 0x000000008cd00000, 0x000000008ce00000|  0%| F|  |TAMS 0x000000008cd00000, 0x000000008cd00000| Untracked 
| 206|0x000000008ce00000, 0x000000008ce00000, 0x000000008cf00000|  0%| F|  |TAMS 0x000000008ce00000, 0x000000008ce00000| Untracked 
| 207|0x000000008cf00000, 0x000000008cf00000, 0x000000008d000000|  0%| F|  |TAMS 0x000000008cf00000, 0x000000008cf00000| Untracked 
| 208|0x000000008d000000, 0x000000008d000000, 0x000000008d100000|  0%| F|  |TAMS 0x000000008d000000, 0x000000008d000000| Untracked 
| 209|0x000000008d100000, 0x000000008d100000, 0x000000008d200000|  0%| F|  |TAMS 0x000000008d100000, 0x000000008d100000| Untracked 
| 210|0x000000008d200000, 0x000000008d200000, 0x000000008d300000|  0%| F|  |TAMS 0x000000008d200000, 0x000000008d200000| Untracked 
| 211|0x000000008d300000, 0x000000008d300000, 0x000000008d400000|  0%| F|  |TAMS 0x000000008d300000, 0x000000008d300000| Untracked 
| 212|0x000000008d400000, 0x000000008d400000, 0x000000008d500000|  0%| F|  |TAMS 0x000000008d400000, 0x000000008d400000| Untracked 
| 213|0x000000008d500000, 0x000000008d500000, 0x000000008d600000|  0%| F|  |TAMS 0x000000008d500000, 0x000000008d500000| Untracked 
| 214|0x000000008d600000, 0x000000008d600000, 0x000000008d700000|  0%| F|  |TAMS 0x000000008d600000, 0x000000008d600000| Untracked 
| 215|0x000000008d700000, 0x000000008d700000, 0x000000008d800000|  0%| F|  |TAMS 0x000000008d700000, 0x000000008d700000| Untracked 
| 216|0x000000008d800000, 0x000000008d800000, 0x000000008d900000|  0%| F|  |TAMS 0x000000008d800000, 0x000000008d800000| Untracked 
| 217|0x000000008d900000, 0x000000008d900000, 0x000000008da00000|  0%| F|  |TAMS 0x000000008d900000, 0x000000008d900000| Untracked 
| 218|0x000000008da00000, 0x000000008da00000, 0x000000008db00000|  0%| F|  |TAMS 0x000000008da00000, 0x000000008da00000| Untracked 
| 219|0x000000008db00000, 0x000000008db00000, 0x000000008dc00000|  0%| F|  |TAMS 0x000000008db00000, 0x000000008db00000| Untracked 
| 220|0x000000008dc00000, 0x000000008dc00000, 0x000000008dd00000|  0%| F|  |TAMS 0x000000008dc00000, 0x000000008dc00000| Untracked 
| 221|0x000000008dd00000, 0x000000008dd00000, 0x000000008de00000|  0%| F|  |TAMS 0x000000008dd00000, 0x000000008dd00000| Untracked 
| 222|0x000000008de00000, 0x000000008de00000, 0x000000008df00000|  0%| F|  |TAMS 0x000000008de00000, 0x000000008de00000| Untracked 
| 223|0x000000008df00000, 0x000000008df00000, 0x000000008e000000|  0%| F|  |TAMS 0x000000008df00000, 0x000000008df00000| Untracked 
| 224|0x000000008e000000, 0x000000008e000000, 0x000000008e100000|  0%| F|  |TAMS 0x000000008e000000, 0x000000008e000000| Untracked 
| 225|0x000000008e100000, 0x000000008e100000, 0x000000008e200000|  0%| F|  |TAMS 0x000000008e100000, 0x000000008e100000| Untracked 
| 226|0x000000008e200000, 0x000000008e200000, 0x000000008e300000|  0%| F|  |TAMS 0x000000008e200000, 0x000000008e200000| Untracked 
| 227|0x000000008e300000, 0x000000008e400000, 0x000000008e400000|100%| E|  |TAMS 0x000000008e300000, 0x000000008e300000| Complete 
| 228|0x000000008e400000, 0x000000008e500000, 0x000000008e500000|100%| E|CS|TAMS 0x000000008e400000, 0x000000008e400000| Complete 
| 229|0x000000008e500000, 0x000000008e600000, 0x000000008e600000|100%| E|CS|TAMS 0x000000008e500000, 0x000000008e500000| Complete 
| 230|0x000000008e600000, 0x000000008e700000, 0x000000008e700000|100%| E|CS|TAMS 0x000000008e600000, 0x000000008e600000| Complete 
| 231|0x000000008e700000, 0x000000008e800000, 0x000000008e800000|100%| E|CS|TAMS 0x000000008e700000, 0x000000008e700000| Complete 
| 232|0x000000008e800000, 0x000000008e900000, 0x000000008e900000|100%| E|CS|TAMS 0x000000008e800000, 0x000000008e800000| Complete 
| 233|0x000000008e900000, 0x000000008ea00000, 0x000000008ea00000|100%| E|CS|TAMS 0x000000008e900000, 0x000000008e900000| Complete 
| 234|0x000000008ea00000, 0x000000008eb00000, 0x000000008eb00000|100%| E|CS|TAMS 0x000000008ea00000, 0x000000008ea00000| Complete 
| 235|0x000000008eb00000, 0x000000008ec00000, 0x000000008ec00000|100%| E|CS|TAMS 0x000000008eb00000, 0x000000008eb00000| Complete 
| 236|0x000000008ec00000, 0x000000008ed00000, 0x000000008ed00000|100%| E|CS|TAMS 0x000000008ec00000, 0x000000008ec00000| Complete 

Card table byte_map: [0x0000021a80400000,0x0000021a80800000] _byte_map_base: 0x0000021a80000000

Marking Bits (Prev, Next): (CMBitMap*) 0x0000021aeceea670, (CMBitMap*) 0x0000021aeceea638
 Prev Bits: [0x0000021a82c00000, 0x0000021a84c00000)
 Next Bits: [0x0000021a80c00000, 0x0000021a82c00000)

Polling page: 0x0000021aeaec0000

Metaspace:

Usage:
  Non-class:     71.72 MB capacity,    70.34 MB ( 98%) used,     1.17 MB (  2%) free+waste,   211.63 KB ( <1%) overhead. 
      Class:     11.21 MB capacity,    10.46 MB ( 93%) used,   666.80 KB (  6%) free+waste,    98.75 KB ( <1%) overhead. 
       Both:     82.93 MB capacity,    80.81 MB ( 97%) used,     1.82 MB (  2%) free+waste,   310.38 KB ( <1%) overhead. 

Virtual space:
  Non-class space:       72.00 MB reserved,      71.92 MB (>99%) committed 
      Class space:        1.00 GB reserved,      11.25 MB (  1%) committed 
             Both:        1.07 GB reserved,      83.17 MB (  8%) committed 

Chunk freelists:
   Non-Class:  14.00 KB
       Class:  10.00 KB
        Both:  24.00 KB

MaxMetaspaceSize: 17179869184.00 GB
CompressedClassSpaceSize: 1.00 GB
Initial GC threshold: 20.80 MB
Current GC threshold: 138.62 MB
CDS: off

CodeHeap 'non-profiled nmethods': size=120000Kb used=5000Kb max_used=5000Kb free=114999Kb
 bounds [0x0000021af8490000, 0x0000021af8980000, 0x0000021aff9c0000]
CodeHeap 'profiled nmethods': size=120000Kb used=18757Kb max_used=18757Kb free=101242Kb
 bounds [0x0000021af0f60000, 0x0000021af21c0000, 0x0000021af8490000]
CodeHeap 'non-nmethods': size=5760Kb used=2369Kb max_used=2409Kb free=3391Kb
 bounds [0x0000021af09c0000, 0x0000021af0c30000, 0x0000021af0f60000]
 total_blobs=9613 nmethods=8723 adapters=802
 compilation: enabled
              stopped_count=0, restarted_count=0
 full_count=0

Compilation events (20 events):
Event: 15.346 Thread 0x0000021a881f6000 8757       4       org.gradle.internal.instantiation.generator.AbstractClassGenerator$InjectionAnnotationValidator::validateMethod (502 bytes)
Event: 15.346 Thread 0x0000021a881f7800 nmethod 8773 0x0000021af896e110 code [0x0000021af896e2c0, 0x0000021af896e378]
Event: 15.346 Thread 0x0000021a881f7800 8771       1       org.gradle.util.internal.DefaultGradleVersion::getVersion (5 bytes)
Event: 15.346 Thread 0x0000021a881f7800 nmethod 8771 0x0000021af896e410 code [0x0000021af896e5c0, 0x0000021af896e678]
Event: 15.347 Thread 0x0000021a881f7800 8777   !   3       com.sun.beans.finder.ClassFinder::findClass (43 bytes)
Event: 15.347 Thread 0x0000021a881f7800 nmethod 8777 0x0000021af21a5a90 code [0x0000021af21a5d40, 0x0000021af21a69c8]
Event: 15.348 Thread 0x0000021a881f7800 8778       1       org.gradle.api.internal.provider.ValueSupplier$Present::isMissing (2 bytes)
Event: 15.348 Thread 0x0000021a881f7800 nmethod 8778 0x0000021af896e710 code [0x0000021af896e8c0, 0x0000021af896e978]
Event: 15.354 Thread 0x0000021a881f7800 8780       3       java.util.ComparableTimSort::gallopRight (327 bytes)
Event: 15.355 Thread 0x0000021a881f7800 nmethod 8780 0x0000021af21a6f10 code [0x0000021af21a7160, 0x0000021af21a7c58]
Event: 15.393 Thread 0x0000021a881f6000 nmethod 8757 0x0000021af896ea10 code [0x0000021af896ed60, 0x0000021af8970578]
Event: 15.393 Thread 0x0000021a881f6000 8783       4       java.util.Hashtable$Enumerator::hasMoreElements (53 bytes)
Event: 15.397 Thread 0x0000021a881f6000 nmethod 8783 0x0000021af8971790 code [0x0000021af8971920, 0x0000021af8971b58]
Event: 15.397 Thread 0x0000021a881f6000 8774       4       java.lang.Class::privateGetPublicMethods (224 bytes)
Event: 15.470 Thread 0x0000021a881f7800 8793       2       groovyjarjarasm.asm.Type::getArgumentTypes (154 bytes)
Event: 15.472 Thread 0x0000021a881f7800 nmethod 8793 0x0000021af21a8010 code [0x0000021af21a8300, 0x0000021af21a9328]
Event: 15.472 Thread 0x0000021a881f7800 8794       2       groovyjarjarasm.asm.AnnotationWriter::putAnnotations (67 bytes)
Event: 15.473 Thread 0x0000021a881f7800 nmethod 8794 0x0000021af21a9e10 code [0x0000021af21aa020, 0x0000021af21aa2d8]
Event: 15.473 Thread 0x0000021a881f7800 8795       1       groovy.lang.MetaClassImpl::isInitialized (5 bytes)
Event: 15.473 Thread 0x0000021a881f7800 nmethod 8795 0x0000021af8971c10 code [0x0000021af8971dc0, 0x0000021af8971e78]

GC Heap History (20 events):
Event: 11.191 GC heap before
{Heap before GC invocations=47 (full 0):
 garbage-first heap   total 167936K, used 123658K [0x0000000080000000, 0x0000000100000000)
  region size 1024K, 26 young (26624K), 3 survivors (3072K)
 Metaspace       used 60157K, capacity 62038K, committed 62384K, reserved 1103872K
  class space    used 7664K, capacity 8299K, committed 8448K, reserved 1048576K
}
Event: 11.194 GC heap after
{Heap after GC invocations=48 (full 0):
 garbage-first heap   total 167936K, used 102412K [0x0000000080000000, 0x0000000100000000)
  region size 1024K, 4 young (4096K), 4 survivors (4096K)
 Metaspace       used 60157K, capacity 62038K, committed 62384K, reserved 1103872K
  class space    used 7664K, capacity 8299K, committed 8448K, reserved 1048576K
}
Event: 11.662 GC heap before
{Heap before GC invocations=48 (full 0):
 garbage-first heap   total 167936K, used 126988K [0x0000000080000000, 0x0000000100000000)
  region size 1024K, 28 young (28672K), 4 survivors (4096K)
 Metaspace       used 63478K, capacity 65349K, committed 65584K, reserved 1105920K
  class space    used 8073K, capacity 8741K, committed 8832K, reserved 1048576K
}
Event: 11.666 GC heap after
{Heap after GC invocations=49 (full 0):
 garbage-first heap   total 167936K, used 103709K [0x0000000080000000, 0x0000000100000000)
  region size 1024K, 3 young (3072K), 3 survivors (3072K)
 Metaspace       used 63478K, capacity 65349K, committed 65584K, reserved 1105920K
  class space    used 8073K, capacity 8741K, committed 8832K, reserved 1048576K
}
Event: 12.116 GC heap before
{Heap before GC invocations=50 (full 0):
 garbage-first heap   total 167936K, used 129309K [0x0000000080000000, 0x0000000100000000)
  region size 1024K, 28 young (28672K), 3 survivors (3072K)
 Metaspace       used 67191K, capacity 69239K, committed 69424K, reserved 1110016K
  class space    used 8557K, capacity 9270K, committed 9344K, reserved 1048576K
}
Event: 12.120 GC heap after
{Heap after GC invocations=51 (full 0):
 garbage-first heap   total 167936K, used 104685K [0x0000000080000000, 0x0000000100000000)
  region size 1024K, 2 young (2048K), 2 survivors (2048K)
 Metaspace       used 67191K, capacity 69239K, committed 69424K, reserved 1110016K
  class space    used 8557K, capacity 9270K, committed 9344K, reserved 1048576K
}
Event: 12.307 GC heap before
{Heap before GC invocations=51 (full 0):
 garbage-first heap   total 167936K, used 111853K [0x0000000080000000, 0x0000000100000000)
  region size 1024K, 11 young (11264K), 2 survivors (2048K)
 Metaspace       used 68961K, capacity 71002K, committed 71088K, reserved 1112064K
  class space    used 8756K, capacity 9431K, committed 9472K, reserved 1048576K
}
Event: 12.312 GC heap after
{Heap after GC invocations=52 (full 0):
 garbage-first heap   total 167936K, used 106335K [0x0000000080000000, 0x0000000100000000)
  region size 1024K, 4 young (4096K), 4 survivors (4096K)
 Metaspace       used 68961K, capacity 71002K, committed 71088K, reserved 1112064K
  class space    used 8756K, capacity 9431K, committed 9472K, reserved 1048576K
}
Event: 12.523 GC heap before
{Heap before GC invocations=53 (full 0):
 garbage-first heap   total 167936K, used 135007K [0x0000000080000000, 0x0000000100000000)
  region size 1024K, 26 young (26624K), 4 survivors (4096K)
 Metaspace       used 69633K, capacity 71655K, committed 71728K, reserved 1112064K
  class space    used 8863K, capacity 9561K, committed 9600K, reserved 1048576K
}
Event: 12.528 GC heap after
{Heap after GC invocations=54 (full 0):
 garbage-first heap   total 201728K, used 108223K [0x0000000080000000, 0x0000000100000000)
  region size 1024K, 4 young (4096K), 4 survivors (4096K)
 Metaspace       used 69633K, capacity 71655K, committed 71728K, reserved 1112064K
  class space    used 8863K, capacity 9561K, committed 9600K, reserved 1048576K
}
Event: 13.102 GC heap before
{Heap before GC invocations=54 (full 0):
 garbage-first heap   total 201728K, used 144063K [0x0000000080000000, 0x0000000100000000)
  region size 1024K, 39 young (39936K), 4 survivors (4096K)
 Metaspace       used 72424K, capacity 74484K, committed 74672K, reserved 1114112K
  class space    used 9220K, capacity 9922K, committed 9984K, reserved 1048576K
}
Event: 13.107 GC heap after
{Heap after GC invocations=55 (full 0):
 garbage-first heap   total 201728K, used 110595K [0x0000000080000000, 0x0000000100000000)
  region size 1024K, 5 young (5120K), 5 survivors (5120K)
 Metaspace       used 72424K, capacity 74484K, committed 74672K, reserved 1114112K
  class space    used 9220K, capacity 9922K, committed 9984K, reserved 1048576K
}
Event: 13.797 GC heap before
{Heap before GC invocations=56 (full 0):
 garbage-first heap   total 201728K, used 148483K [0x0000000080000000, 0x0000000100000000)
  region size 1024K, 42 young (43008K), 5 survivors (5120K)
 Metaspace       used 75692K, capacity 77784K, committed 77872K, reserved 1116160K
  class space    used 9620K, capacity 10309K, committed 10368K, reserved 1048576K
}
Event: 13.801 GC heap after
{Heap after GC invocations=57 (full 0):
 garbage-first heap   total 201728K, used 112652K [0x0000000080000000, 0x0000000100000000)
  region size 1024K, 5 young (5120K), 5 survivors (5120K)
 Metaspace       used 75692K, capacity 77784K, committed 77872K, reserved 1116160K
  class space    used 9620K, capacity 10309K, committed 10368K, reserved 1048576K
}
Event: 14.068 GC heap before
{Heap before GC invocations=57 (full 0):
 garbage-first heap   total 201728K, used 151564K [0x0000000080000000, 0x0000000100000000)
  region size 1024K, 43 young (44032K), 5 survivors (5120K)
 Metaspace       used 76095K, capacity 78212K, committed 78512K, reserved 1118208K
  class space    used 9677K, capacity 10387K, committed 10496K, reserved 1048576K
}
Event: 14.077 GC heap after
{Heap after GC invocations=58 (full 0):
 garbage-first heap   total 201728K, used 115589K [0x0000000080000000, 0x0000000100000000)
  region size 1024K, 6 young (6144K), 6 survivors (6144K)
 Metaspace       used 76095K, capacity 78212K, committed 78512K, reserved 1118208K
  class space    used 9677K, capacity 10387K, committed 10496K, reserved 1048576K
}
Event: 14.753 GC heap before
{Heap before GC invocations=59 (full 0):
 garbage-first heap   total 201728K, used 155525K [0x0000000080000000, 0x0000000100000000)
  region size 1024K, 45 young (46080K), 6 survivors (6144K)
 Metaspace       used 79233K, capacity 81315K, committed 81456K, reserved 1120256K
  class space    used 10137K, capacity 10842K, committed 10880K, reserved 1048576K
}
Event: 14.761 GC heap after
{Heap after GC invocations=60 (full 0):
 garbage-first heap   total 201728K, used 118338K [0x0000000080000000, 0x0000000100000000)
  region size 1024K, 6 young (6144K), 6 survivors (6144K)
 Metaspace       used 79233K, capacity 81315K, committed 81456K, reserved 1120256K
  class space    used 10137K, capacity 10842K, committed 10880K, reserved 1048576K
}
Event: 15.376 GC heap before
{Heap before GC invocations=60 (full 0):
 garbage-first heap   total 201728K, used 159298K [0x0000000080000000, 0x0000000100000000)
  region size 1024K, 46 young (47104K), 6 survivors (6144K)
 Metaspace       used 82633K, capacity 84830K, committed 85168K, reserved 1122304K
  class space    used 10684K, capacity 11405K, committed 11520K, reserved 1048576K
}
Event: 15.390 GC heap after
{Heap after GC invocations=61 (full 0):
 garbage-first heap   total 242688K, used 120460K [0x0000000080000000, 0x0000000100000000)
  region size 1024K, 5 young (5120K), 5 survivors (5120K)
 Metaspace       used 82633K, capacity 84830K, committed 85168K, reserved 1122304K
  class space    used 10684K, capacity 11405K, committed 11520K, reserved 1048576K
}

Deoptimization events (20 events):
Event: 14.177 Thread 0x0000021a8994f000 DEOPT PACKING pc=0x0000021af892ee14 sp=0x000000c8edaf4750
Event: 14.177 Thread 0x0000021a8994f000 DEOPT UNPACKING pc=0x0000021af0a0a1af sp=0x000000c8edaf4650 mode 2
Event: 14.187 Thread 0x0000021a8994f000 Uncommon trap: trap_request=0xfffffff4 fr.pc=0x0000021af881e7fc relative=0x000000000000077c
Event: 14.187 Thread 0x0000021a8994f000 Uncommon trap: reason=null_check action=make_not_entrant pc=0x0000021af881e7fc method=org.gradle.util.internal.SimpleMapInterner.intern(Ljava/lang/Object;)Ljava/lang/Object; @ 2 c2
Event: 14.187 Thread 0x0000021a8994f000 DEOPT PACKING pc=0x0000021af881e7fc sp=0x000000c8edaf6ba0
Event: 14.187 Thread 0x0000021a8994f000 DEOPT UNPACKING pc=0x0000021af0a0a1af sp=0x000000c8edaf6b68 mode 2
Event: 14.737 Thread 0x0000021a8994f000 Uncommon trap: trap_request=0xffffff4d fr.pc=0x0000021af881cfac relative=0x000000000000024c
Event: 14.737 Thread 0x0000021a8994f000 Uncommon trap: reason=unstable_if action=reinterpret pc=0x0000021af881cfac method=java.io.WinNTFileSystem.prefixLength(Ljava/lang/String;)I @ 11 c2
Event: 14.737 Thread 0x0000021a8994f000 DEOPT PACKING pc=0x0000021af881cfac sp=0x000000c8edaf8af0
Event: 14.737 Thread 0x0000021a8994f000 DEOPT UNPACKING pc=0x0000021af0a0a1af sp=0x000000c8edaf8a80 mode 2
Event: 14.746 Thread 0x0000021a8994f000 Uncommon trap: trap_request=0xfffffff4 fr.pc=0x0000021af88ce43c relative=0x0000000000000bdc
Event: 14.746 Thread 0x0000021a8994f000 Uncommon trap: reason=null_check action=make_not_entrant pc=0x0000021af88ce43c method=java.util.TimSort.binarySort([Ljava/lang/Object;IIILjava/util/Comparator;)V @ 183 c2
Event: 14.746 Thread 0x0000021a8994f000 DEOPT PACKING pc=0x0000021af88ce43c sp=0x000000c8edaf6d70
Event: 14.746 Thread 0x0000021a8994f000 DEOPT UNPACKING pc=0x0000021af0a0a1af sp=0x000000c8edaf6d18 mode 2
Event: 15.075 Thread 0x0000021a8994f000 DEOPT PACKING pc=0x0000021af1edb7c7 sp=0x000000c8edaf8150
Event: 15.075 Thread 0x0000021a8994f000 DEOPT UNPACKING pc=0x0000021af0a0a95e sp=0x000000c8edaf7610 mode 0
Event: 15.232 Thread 0x0000021a8994f000 Uncommon trap: trap_request=0xffffffbe fr.pc=0x0000021af87047d4 relative=0x00000000000009f4
Event: 15.232 Thread 0x0000021a8994f000 Uncommon trap: reason=profile_predicate action=maybe_recompile pc=0x0000021af87047d4 method=java.util.TimSort.binarySort([Ljava/lang/Object;IIILjava/util/Comparator;)V @ 32 c2
Event: 15.232 Thread 0x0000021a8994f000 DEOPT PACKING pc=0x0000021af87047d4 sp=0x000000c8edaf6540
Event: 15.232 Thread 0x0000021a8994f000 DEOPT UNPACKING pc=0x0000021af0a0a1af sp=0x000000c8edaf6500 mode 2

Classes redefined (0 events):
No events

Internal exceptions (20 events):
Event: 15.287 Thread 0x0000021a8994f000 Exception <a 'java/lang/ClassNotFoundException'{0x000000008a837800}: com/android/build/gradle/internal/api/ReadOnlyBaseConfigCustomizer> (0x000000008a837800) thrown at [./src/hotspot/share/classfile/systemDictionary.cpp, line 231]
Event: 15.288 Thread 0x0000021a8994f000 Exception <a 'java/lang/ClassNotFoundException'{0x000000008a8667b8}: com/android/build/gradle/internal/api/ReadOnlyBuildTypeCustomizer> (0x000000008a8667b8) thrown at [./src/hotspot/share/classfile/systemDictionary.cpp, line 231]
Event: 15.344 Thread 0x0000021a8994f000 Exception <a 'java/lang/ClassNotFoundException'{0x000000008a43bcd8}: groovy/lang/GString$1BeanInfo> (0x000000008a43bcd8) thrown at [./src/hotspot/share/classfile/systemDictionary.cpp, line 231]
Event: 15.345 Thread 0x0000021a8994f000 Exception <a 'java/lang/ClassNotFoundException'{0x000000008a460908}: groovy/lang/GStringBeanInfo> (0x000000008a460908) thrown at [./src/hotspot/share/classfile/systemDictionary.cpp, line 231]
Event: 15.346 Thread 0x0000021a8994f000 Exception <a 'java/lang/ClassNotFoundException'{0x000000008a4857c0}: groovy/lang/GStringCustomizer> (0x000000008a4857c0) thrown at [./src/hotspot/share/classfile/systemDictionary.cpp, line 231]
Event: 15.347 Thread 0x0000021a8994f000 Exception <a 'java/lang/ClassNotFoundException'{0x000000008a4b3fe8}: groovy/lang/GString$1Customizer> (0x000000008a4b3fe8) thrown at [./src/hotspot/share/classfile/systemDictionary.cpp, line 231]
Event: 15.354 Thread 0x0000021a8994f000 Exception <a 'java/lang/ClassNotFoundException'{0x000000008a3eb6a8}: com/android/build/gradle/internal/api/ApplicationVariantImpl_DecoratedBeanInfo> (0x000000008a3eb6a8) thrown at [./src/hotspot/share/classfile/systemDictionary.cpp, line 231]
Event: 15.355 Thread 0x0000021a8994f000 Exception <a 'java/lang/ClassNotFoundException'{0x000000008a20cb40}: com/android/build/gradle/internal/api/ApplicationVariantImplBeanInfo> (0x000000008a20cb40) thrown at [./src/hotspot/share/classfile/systemDictionary.cpp, line 231]
Event: 15.356 Thread 0x0000021a8994f000 Exception <a 'java/lang/ClassNotFoundException'{0x000000008a22c4c8}: com/android/build/gradle/internal/api/ApkVariantImplBeanInfo> (0x000000008a22c4c8) thrown at [./src/hotspot/share/classfile/systemDictionary.cpp, line 231]
Event: 15.356 Thread 0x0000021a8994f000 Exception <a 'java/lang/ClassNotFoundException'{0x000000008a24d498}: com/android/build/gradle/internal/api/InstallableVariantImplBeanInfo> (0x000000008a24d498) thrown at [./src/hotspot/share/classfile/systemDictionary.cpp, line 231]
Event: 15.357 Thread 0x0000021a8994f000 Exception <a 'java/lang/ClassNotFoundException'{0x000000008a26e8a0}: com/android/build/gradle/internal/api/AndroidArtifactVariantImplBeanInfo> (0x000000008a26e8a0) thrown at [./src/hotspot/share/classfile/systemDictionary.cpp, line 231]
Event: 15.357 Thread 0x0000021a8994f000 Exception <a 'java/lang/ClassNotFoundException'{0x000000008a28e580}: com/android/build/gradle/internal/api/BaseVariantImplBeanInfo> (0x000000008a28e580) thrown at [./src/hotspot/share/classfile/systemDictionary.cpp, line 231]
Event: 15.358 Thread 0x0000021a8994f000 Exception <a 'java/lang/ClassNotFoundException'{0x000000008a2ae2f8}: com/android/build/gradle/internal/api/BaseVariantImplCustomizer> (0x000000008a2ae2f8) thrown at [./src/hotspot/share/classfile/systemDictionary.cpp, line 231]
Event: 15.360 Thread 0x0000021a8994f000 Exception <a 'java/lang/ClassNotFoundException'{0x000000008a1104f0}: com/android/build/gradle/internal/api/AndroidArtifactVariantImplCustomizer> (0x000000008a1104f0) thrown at [./src/hotspot/share/classfile/systemDictionary.cpp, line 231]
Event: 15.361 Thread 0x0000021a8994f000 Exception <a 'java/lang/ClassNotFoundException'{0x000000008a144950}: com/android/build/gradle/internal/api/InstallableVariantImplCustomizer> (0x000000008a144950) thrown at [./src/hotspot/share/classfile/systemDictionary.cpp, line 231]
Event: 15.363 Thread 0x0000021a8994f000 Exception <a 'java/lang/ClassNotFoundException'{0x000000008a17c1e0}: com/android/build/gradle/internal/api/ApkVariantImplCustomizer> (0x000000008a17c1e0) thrown at [./src/hotspot/share/classfile/systemDictionary.cpp, line 231]
Event: 15.363 Thread 0x0000021a8994f000 Exception <a 'java/lang/ClassNotFoundException'{0x000000008a1b1bf8}: com/android/build/gradle/internal/api/ApplicationVariantImplCustomizer> (0x000000008a1b1bf8) thrown at [./src/hotspot/share/classfile/systemDictionary.cpp, line 231]
Event: 15.364 Thread 0x0000021a8994f000 Exception <a 'java/lang/ClassNotFoundException'{0x000000008a1ebdd8}: com/android/build/gradle/internal/api/ApplicationVariantImpl_DecoratedCustomizer> (0x000000008a1ebdd8) thrown at [./src/hotspot/share/classfile/systemDictionary.cpp, line 231]
Event: 15.374 Thread 0x0000021a8994f000 Exception <a 'java/lang/ClassNotFoundException'{0x0000000089d46fb0}: org/codehaus/groovy/runtime/GStringImplBeanInfo> (0x0000000089d46fb0) thrown at [./src/hotspot/share/classfile/systemDictionary.cpp, line 231]
Event: 15.469 Thread 0x0000021a8994f000 Exception <a 'java/lang/ClassNotFoundException'{0x000000008eb22798}: org/codehaus/groovy/runtime/GStringImplCustomizer> (0x000000008eb22798) thrown at [./src/hotspot/share/classfile/systemDictionary.cpp, line 231]

Events (20 events):
Event: 15.434 Executing VM operation: CGC_Operation
Event: 15.445 Executing VM operation: CGC_Operation done
Event: 15.466 Executing VM operation: CGC_Operation
Event: 15.467 Executing VM operation: CGC_Operation done
Event: 15.469 loading class org/codehaus/groovy/runtime/GStringImplCustomizer
Event: 15.469 loading class org/codehaus/groovy/runtime/GStringImplCustomizer done
Event: 15.471 loading class com/google/gms/googleservices/GoogleServicesTask
Event: 15.471 loading class com/google/gms/googleservices/GoogleServicesTask done
Event: 15.473 loading class org/codehaus/groovy/runtime/callsite/GetEffectivePogoPropertySite
Event: 15.473 loading class org/codehaus/groovy/runtime/callsite/GetEffectivePogoPropertySite done
Event: 15.474 loading class com/android/build/api/dsl/ProductFlavor
Event: 15.474 loading class com/android/build/api/dsl/ProductFlavor done
Event: 15.474 loading class com/android/build/api/dsl/ProductFlavor
Event: 15.474 loading class com/android/build/api/dsl/ProductFlavor done
Event: 15.474 loading class com/android/build/gradle/internal/api/ImmutableFlavorList
Event: 15.474 loading class com/android/build/gradle/internal/api/ImmutableFlavorList done
Event: 15.475 loading class com/google/gms/googleservices/GoogleServicesPlugin$_handleVariant_closure10
Event: 15.475 loading class com/google/gms/googleservices/GoogleServicesPlugin$_handleVariant_closure10 done
Event: 15.475 loading class groovy/runtime/metaclass/com/google/gms/googleservices/GoogleServicesPlugin$_handleVariant_closure10MetaClass
Event: 15.475 loading class groovy/runtime/metaclass/com/google/gms/googleservices/GoogleServicesPlugin$_handleVariant_closure10MetaClass done


Dynamic libraries:
0x00007ff6b5c90000 - 0x00007ff6b5c9a000 	C:\Program Files\Android\Android Studio1\jre\bin\java.exe
0x00007ffe86a50000 - 0x00007ffe86c64000 	C:\WINDOWS\SYSTEM32\ntdll.dll
0x00007ffe860e0000 - 0x00007ffe861a3000 	C:\WINDOWS\System32\KERNEL32.DLL
0x00007ffe84380000 - 0x00007ffe8471d000 	C:\WINDOWS\System32\KERNELBASE.dll
0x00007ffe83e70000 - 0x00007ffe83f81000 	C:\WINDOWS\System32\ucrtbase.dll
0x00007ffe7f760000 - 0x00007ffe7f777000 	C:\Program Files\Android\Android Studio1\jre\bin\VCRUNTIME140.dll
0x00007ffe742b0000 - 0x00007ffe742c9000 	C:\Program Files\Android\Android Studio1\jre\bin\jli.dll
0x00007ffe84fe0000 - 0x00007ffe8518d000 	C:\WINDOWS\System32\USER32.dll
0x00007ffe84790000 - 0x00007ffe847b6000 	C:\WINDOWS\System32\win32u.dll
0x00007ffe67f10000 - 0x00007ffe6819e000 	C:\WINDOWS\WinSxS\amd64_microsoft.windows.common-controls_6595b64144ccf1df_6.0.22621.608_none_a9444ca7c10bb01d\COMCTL32.dll
0x00007ffe85190000 - 0x00007ffe851b9000 	C:\WINDOWS\System32\GDI32.dll
0x00007ffe83f90000 - 0x00007ffe840a2000 	C:\WINDOWS\System32\gdi32full.dll
0x00007ffe84f30000 - 0x00007ffe84fd7000 	C:\WINDOWS\System32\msvcrt.dll
0x00007ffe840b0000 - 0x00007ffe8414a000 	C:\WINDOWS\System32\msvcp_win.dll
0x00007ffe85e50000 - 0x00007ffe85e82000 	C:\WINDOWS\System32\IMM32.DLL
0x00007ffe5fc50000 - 0x00007ffe5fced000 	C:\Program Files\Android\Android Studio1\jre\bin\msvcp140.dll
0x00007ffe3daf0000 - 0x00007ffe3e5f2000 	C:\Program Files\Android\Android Studio1\jre\bin\server\jvm.dll
0x00007ffe85e90000 - 0x00007ffe85f3e000 	C:\WINDOWS\System32\ADVAPI32.dll
0x00007ffe85cc0000 - 0x00007ffe85d64000 	C:\WINDOWS\System32\sechost.dll
0x00007ffe86370000 - 0x00007ffe86485000 	C:\WINDOWS\System32\RPCRT4.dll
0x00007ffe84840000 - 0x00007ffe84848000 	C:\WINDOWS\System32\PSAPI.DLL
0x00007ffe616b0000 - 0x00007ffe616b9000 	C:\WINDOWS\SYSTEM32\WSOCK32.dll
0x00007ffe7cb50000 - 0x00007ffe7cb84000 	C:\WINDOWS\SYSTEM32\WINMM.dll
0x00007ffe85bc0000 - 0x00007ffe85c31000 	C:\WINDOWS\System32\WS2_32.dll
0x00007ffe7a6f0000 - 0x00007ffe7a6fa000 	C:\WINDOWS\SYSTEM32\VERSION.dll
0x00007ffe82ed0000 - 0x00007ffe82ee8000 	C:\WINDOWS\SYSTEM32\kernel.appcore.dll
0x00007ffe7e870000 - 0x00007ffe7e881000 	C:\Program Files\Android\Android Studio1\jre\bin\verify.dll
0x00007ffe819a0000 - 0x00007ffe81bce000 	C:\WINDOWS\SYSTEM32\DBGHELP.DLL
0x00007ffe84970000 - 0x00007ffe84cfa000 	C:\WINDOWS\System32\combase.dll
0x00007ffe86280000 - 0x00007ffe86357000 	C:\WINDOWS\System32\OLEAUT32.dll
0x00007ffe71d30000 - 0x00007ffe71d62000 	C:\WINDOWS\SYSTEM32\dbgcore.DLL
0x00007ffe847c0000 - 0x00007ffe8483b000 	C:\WINDOWS\System32\bcryptPrimitives.dll
0x00007ffe7b950000 - 0x00007ffe7b979000 	C:\Program Files\Android\Android Studio1\jre\bin\java.dll
0x00007ffe80c90000 - 0x00007ffe80c9b000 	C:\Program Files\Android\Android Studio1\jre\bin\jimage.dll
0x00007ffe7b930000 - 0x00007ffe7b948000 	C:\Program Files\Android\Android Studio1\jre\bin\zip.dll
0x00007ffe853d0000 - 0x00007ffe85bbf000 	C:\WINDOWS\System32\SHELL32.dll
0x00007ffe81ea0000 - 0x00007ffe82768000 	C:\WINDOWS\SYSTEM32\windows.storage.dll
0x00007ffe81d60000 - 0x00007ffe81e9e000 	C:\WINDOWS\SYSTEM32\wintypes.dll
0x00007ffe85250000 - 0x00007ffe85341000 	C:\WINDOWS\System32\SHCORE.dll
0x00007ffe86210000 - 0x00007ffe8626e000 	C:\WINDOWS\System32\shlwapi.dll
0x00007ffe83da0000 - 0x00007ffe83dc1000 	C:\WINDOWS\SYSTEM32\profapi.dll
0x00007ffe7b910000 - 0x00007ffe7b92a000 	C:\Program Files\Android\Android Studio1\jre\bin\net.dll
0x00007ffe7ca20000 - 0x00007ffe7cb4f000 	C:\WINDOWS\SYSTEM32\WINHTTP.dll
0x00007ffe83330000 - 0x00007ffe83399000 	C:\WINDOWS\system32\mswsock.dll
0x00007ffe7b8f0000 - 0x00007ffe7b904000 	C:\Program Files\Android\Android Studio1\jre\bin\nio.dll
0x00007ffe74020000 - 0x00007ffe74047000 	C:\Users\venni\.gradle\native\e1d6ef7f7dcc3fd88c89a11ec53ec762bb8ba0a96d01ffa2cd45eb1d1d8dd5c5\windows-amd64\native-platform.dll
0x00007ffe5f2c0000 - 0x00007ffe5f404000 	C:\Users\venni\.gradle\native\0d407fdbe67a94daf76414ababcb853783967236a71b16ec16e742cd7a986fd3\windows-amd64\native-platform-file-events.dll
0x00007ffe80bd0000 - 0x00007ffe80bda000 	C:\Program Files\Android\Android Studio1\jre\bin\management.dll
0x00007ffe7f820000 - 0x00007ffe7f82d000 	C:\Program Files\Android\Android Studio1\jre\bin\management_ext.dll
0x00007ffe83590000 - 0x00007ffe835ab000 	C:\WINDOWS\SYSTEM32\CRYPTSP.dll
0x00007ffe82e40000 - 0x00007ffe82e75000 	C:\WINDOWS\system32\rsaenh.dll
0x00007ffe83420000 - 0x00007ffe83448000 	C:\WINDOWS\SYSTEM32\USERENV.dll
0x00007ffe83740000 - 0x00007ffe83768000 	C:\WINDOWS\SYSTEM32\bcrypt.dll
0x00007ffe83580000 - 0x00007ffe8358c000 	C:\WINDOWS\SYSTEM32\CRYPTBASE.dll
0x00007ffe82a00000 - 0x00007ffe82a2d000 	C:\WINDOWS\SYSTEM32\IPHLPAPI.DLL
0x00007ffe85350000 - 0x00007ffe85359000 	C:\WINDOWS\System32\NSI.dll
0x00007ffe7cdb0000 - 0x00007ffe7cdc9000 	C:\WINDOWS\SYSTEM32\dhcpcsvc6.DLL
0x00007ffe7c760000 - 0x00007ffe7c77f000 	C:\WINDOWS\SYSTEM32\dhcpcsvc.DLL
0x00007ffe82a30000 - 0x00007ffe82b22000 	C:\WINDOWS\SYSTEM32\DNSAPI.dll

dbghelp: loaded successfully - version: 4.0.5 - missing functions: none
symbol engine: initialized successfully - sym options: 0x614 - pdb path: .;C:\Program Files\Android\Android Studio1\jre\bin;C:\WINDOWS\SYSTEM32;C:\WINDOWS\WinSxS\amd64_microsoft.windows.common-controls_6595b64144ccf1df_6.0.22621.608_none_a9444ca7c10bb01d;C:\Program Files\Android\Android Studio1\jre\bin\server;C:\Users\venni\.gradle\native\e1d6ef7f7dcc3fd88c89a11ec53ec762bb8ba0a96d01ffa2cd45eb1d1d8dd5c5\windows-amd64;C:\Users\venni\.gradle\native\0d407fdbe67a94daf76414ababcb853783967236a71b16ec16e742cd7a986fd3\windows-amd64

VM Arguments:
jvm_args: --add-opens=java.base/java.util=ALL-UNNAMED --add-opens=java.base/java.lang=ALL-UNNAMED --add-opens=java.base/java.lang.invoke=ALL-UNNAMED --add-opens=java.base/java.util=ALL-UNNAMED --add-opens=java.prefs/java.util.prefs=ALL-UNNAMED --add-opens=java.prefs/java.util.prefs=ALL-UNNAMED --add-opens=java.base/java.nio.charset=ALL-UNNAMED --add-opens=java.base/java.net=ALL-UNNAMED --add-opens=java.base/java.util.concurrent.atomic=ALL-UNNAMED -Xmx2048m -Dfile.encoding=UTF-8 -Duser.country=IN -Duser.language=en -Duser.variant 
java_command: org.gradle.launcher.daemon.bootstrap.GradleDaemon 7.4
java_class_path (initial): C:\Users\venni\.gradle\wrapper\dists\gradle-7.4-bin\c0gwcg53nkjbqw7r0h0umtfvt\gradle-7.4\lib\gradle-launcher-7.4.jar
Launcher Type: SUN_STANDARD

[Global flags]
     intx CICompilerCount                          = 4                                         {product} {ergonomic}
     uint ConcGCThreads                            = 3                                         {product} {ergonomic}
     uint G1ConcRefinementThreads                  = 10                                        {product} {ergonomic}
   size_t G1HeapRegionSize                         = 1048576                                   {product} {ergonomic}
    uintx GCDrainStackTargetSize                   = 64                                        {product} {ergonomic}
   size_t InitialHeapSize                          = 98566144                                  {product} {ergonomic}
   size_t MarkStackSize                            = 4194304                                   {product} {ergonomic}
   size_t MaxHeapSize                              = 2147483648                                {product} {command line}
   size_t MaxNewSize                               = 1287651328                                {product} {ergonomic}
   size_t MinHeapDeltaBytes                        = 1048576                                   {product} {ergonomic}
    uintx NonNMethodCodeHeapSize                   = 5836300                                {pd product} {ergonomic}
    uintx NonProfiledCodeHeapSize                  = 122910970                              {pd product} {ergonomic}
    uintx ProfiledCodeHeapSize                     = 122910970                              {pd product} {ergonomic}
    uintx ReservedCodeCacheSize                    = 251658240                              {pd product} {ergonomic}
     bool SegmentedCodeCache                       = true                                      {product} {ergonomic}
     bool UseCompressedClassPointers               = true                                 {lp64_product} {ergonomic}
     bool UseCompressedOops                        = true                                 {lp64_product} {ergonomic}
     bool UseG1GC                                  = true                                      {product} {ergonomic}
     bool UseLargePagesIndividualAllocation        = false                                  {pd product} {ergonomic}

Logging:
Log output configuration:
 #0: stdout all=warning uptime,level,tags
 #1: stderr all=off uptime,level,tags

Environment Variables:
JAVA_HOME=C:\Program Files\Java\jdk-19\bin
PATH=C:\Program Files\Common Files\Oracle\Java\javapath;C:\WINDOWS\system32;C:\WINDOWS;C:\WINDOWS\System32\Wbem;C:\WINDOWS\System32\WindowsPowerShell\v1.0\;C:\WINDOWS\System32\OpenSSH\;C:\Program Files\Git\cmd;C:\Users\venni\AppData\Local\Android\Sdk\platform-tools;C:\Users\venni\AppData\Local\Microsoft\WindowsApps;C:\Users\venni\AppData\Local\Android\Sdk\platform-tools;
USERNAME=venni
OS=Windows_NT
PROCESSOR_IDENTIFIER=AMD64 Family 23 Model 104 Stepping 1, AuthenticAMD



---------------  S Y S T E M  ---------------

OS: Windows 11 , 64 bit Build 22621 (10.0.22621.963)
OS uptime: 0 days 1:00 hours

CPU:total 12 (initial active 12) (12 cores per cpu, 2 threads per core) family 23 model 104 stepping 1 microcode 0x0, cmov, cx8, fxsr, mmx, sse, sse2, sse3, ssse3, sse4.1, sse4.2, popcnt, avx, avx2, aes, clmul, mmxext, 3dnowpref, lzcnt, sse4a, ht, tsc, tscinvbit, tscinv, bmi1, bmi2, adx, sha, fma

Memory: 4k page, system-wide physical 6005M (346M free)
TotalPageFile size 8053M (AvailPageFile size 4M)
current process WorkingSet (physical memory assigned to process): 386M, peak: 387M
current process commit charge ("private bytes"): 508M, peak: 509M

vm_info: OpenJDK 64-Bit Server VM (11.0.13+0-b1751.21-8125866) for windows-amd64 JRE (11.0.13+0-b1751.21-8125866), built on Feb  2 2022 03:00:22 by "builder" with MS VC++ 14.0 (VS2015)

END.
