#
# There is insufficient memory for the Java Runtime Environment to continue.
# Native memory allocation (mmap) failed to map 70254592 bytes for Failed to commit area from 0x0000000097900000 to 0x000000009bc00000 of length 70254592.
# Possible reasons:
#   The system is out of physical RAM or swap space
#   The process is running with CompressedOops enabled, and the Java Heap may be blocking the growth of the native heap
# Possible solutions:
#   Reduce memory load on the system
#   Increase physical memory or swap space
#   Check if swap backing store is full
#   Decrease Java heap size (-Xmx/-Xms)
#   Decrease number of Java threads
#   Decrease Java thread stack sizes (-Xss)
#   Set larger code cache with -XX:ReservedCodeCacheSize=
#   JVM is running with Unscaled Compressed Oops mode in which the Java heap is
#     placed in the first 4GB address space. The Java Heap base address is the
#     maximum limit for the native heap growth. Please use -XX:HeapBaseMinAddress
#     to set the Java Heap base and to place the Java Heap above 4GB virtual address.
# This output file may be truncated or incomplete.
#
#  Out of Memory Error (./src/hotspot/os/windows/os_windows.cpp:3619), pid=10332, tid=17520
#
# JRE version: OpenJDK Runtime Environment (11.0.13) (build 11.0.13+0-b1751.21-8125866)
# Java VM: OpenJDK 64-Bit Server VM (11.0.13+0-b1751.21-8125866, mixed mode, tiered, compressed oops, g1 gc, windows-amd64)
# No core dump will be written. Minidumps are not enabled by default on client versions of Windows
#

---------------  S U M M A R Y ------------

Command Line: --add-opens=java.base/java.util=ALL-UNNAMED --add-opens=java.base/java.lang=ALL-UNNAMED --add-opens=java.base/java.lang.invoke=ALL-UNNAMED --add-opens=java.base/java.util=ALL-UNNAMED --add-opens=java.prefs/java.util.prefs=ALL-UNNAMED --add-opens=java.prefs/java.util.prefs=ALL-UNNAMED --add-opens=java.base/java.nio.charset=ALL-UNNAMED --add-opens=java.base/java.net=ALL-UNNAMED --add-opens=java.base/java.util.concurrent.atomic=ALL-UNNAMED -Xmx2048m -Dfile.encoding=UTF-8 -Duser.country=IN -Duser.language=en -Duser.variant org.gradle.launcher.daemon.bootstrap.GradleDaemon 7.4

Host: AMD Ryzen 5 5500U with Radeon Graphics         , 12 cores, 5G,  Windows 11 , 64 bit Build 22621 (10.0.22621.963)
Time: Wed Jan  4 14:16:12 2023 India Standard Time elapsed time: 20.623493 seconds (0d 0h 0m 20s)

---------------  T H R E A D  ---------------

Current thread (0x000001ba7fd88800):  VMThread "VM Thread" [stack: 0x0000001555200000,0x0000001555300000] [id=17520]

Stack: [0x0000001555200000,0x0000001555300000]
[error occurred during error reporting (printing stack bounds), id 0xc0000005, EXCEPTION_ACCESS_VIOLATION (0xc0000005) at pc=0x000001ba0000112d]

Native frames: (J=compiled Java code, j=interpreted, Vv=VM code, C=native code)
V  [jvm.dll+0x6100fa]
V  [jvm.dll+0x747090]
V  [jvm.dll+0x7486ad]
V  [jvm.dll+0x748ce5]
V  [jvm.dll+0x748c9b]
V  [jvm.dll+0x60f224]
V  [jvm.dll+0x60f9b8]
C  [ntdll.dll+0xa3eaf]
C  [ntdll.dll+0x1eae6]
C  [ntdll.dll+0xa2e9e]
C  0x000001ba0000112d

VM_Operation (0x00000015564f8cf0): G1CollectForAllocation, mode: safepoint, requested by thread 0x000001ba1465e000


---------------  P R O C E S S  ---------------

Threads class SMR info:
_java_thread_list=0x000001ba17582930, length=43, elements={
0x000001ba77b37000, 0x000001ba7fdcb800, 0x000001ba7fdfc800, 0x000001ba7ff73000,
0x000001ba7ff78000, 0x000001ba7ff7d000, 0x000001ba7ff82800, 0x000001ba7ff85800,
0x000001ba7ff89000, 0x000001ba134bf800, 0x000001ba15340800, 0x000001ba1469c800,
0x000001ba15f54000, 0x000001ba754da000, 0x000001ba165e9800, 0x000001ba7feb7800,
0x000001ba1465e000, 0x000001ba13469800, 0x000001ba143b0000, 0x000001ba1519f000,
0x000001ba151a0800, 0x000001ba1519d800, 0x000001ba151a3000, 0x000001ba151a4000,
0x000001ba151a0000, 0x000001ba151a1800, 0x000001ba1519e000, 0x000001ba151a2800,
0x000001ba17788000, 0x000001ba1778c800, 0x000001ba1778d000, 0x000001ba17787000,
0x000001ba1778e000, 0x000001ba1778f000, 0x000001ba17789800, 0x000001ba17789000,
0x000001ba1778f800, 0x000001ba17790800, 0x000001ba1778a800, 0x000001ba17795000,
0x000001ba17794000, 0x000001ba17791800, 0x000001ba1778b800
}

Java Threads: ( => current thread )
  0x000001ba77b37000 JavaThread "main" [_thread_blocked, id=15672, stack(0x0000001554c00000,0x0000001554d00000)]
  0x000001ba7fdcb800 JavaThread "Reference Handler" daemon [_thread_blocked, id=10036, stack(0x0000001555300000,0x0000001555400000)]
  0x000001ba7fdfc800 JavaThread "Finalizer" daemon [_thread_blocked, id=9852, stack(0x0000001555400000,0x0000001555500000)]
  0x000001ba7ff73000 JavaThread "Signal Dispatcher" daemon [_thread_blocked, id=4332, stack(0x0000001555500000,0x0000001555600000)]
  0x000001ba7ff78000 JavaThread "Attach Listener" daemon [_thread_blocked, id=7176, stack(0x0000001555600000,0x0000001555700000)]
  0x000001ba7ff7d000 JavaThread "Service Thread" daemon [_thread_blocked, id=3524, stack(0x0000001555700000,0x0000001555800000)]
  0x000001ba7ff82800 JavaThread "C2 CompilerThread0" daemon [_thread_blocked, id=15656, stack(0x0000001555800000,0x0000001555900000)]
  0x000001ba7ff85800 JavaThread "C1 CompilerThread0" daemon [_thread_blocked, id=14516, stack(0x0000001555900000,0x0000001555a00000)]
  0x000001ba7ff89000 JavaThread "Sweeper thread" daemon [_thread_blocked, id=5480, stack(0x0000001555a00000,0x0000001555b00000)]
  0x000001ba134bf800 JavaThread "Common-Cleaner" daemon [_thread_blocked, id=19384, stack(0x0000001555b00000,0x0000001555c00000)]
  0x000001ba15340800 JavaThread "Daemon health stats" [_thread_blocked, id=8584, stack(0x0000001555f00000,0x0000001556000000)]
  0x000001ba1469c800 JavaThread "Incoming local TCP Connector on port 50715" [_thread_in_native, id=13536, stack(0x0000001555d00000,0x0000001555e00000)]
  0x000001ba15f54000 JavaThread "Daemon periodic checks" [_thread_blocked, id=5116, stack(0x0000001556000000,0x0000001556100000)]
  0x000001ba754da000 JavaThread "Daemon" [_thread_blocked, id=18560, stack(0x0000001556100000,0x0000001556200000)]
  0x000001ba165e9800 JavaThread "Handler for socket connection from /127.0.0.1:50715 to /127.0.0.1:50716" [_thread_in_native, id=12560, stack(0x0000001556200000,0x0000001556300000)]
  0x000001ba7feb7800 JavaThread "Cancel handler" [_thread_blocked, id=17260, stack(0x0000001556300000,0x0000001556400000)]
  0x000001ba1465e000 JavaThread "Daemon worker" [_thread_blocked, id=18868, stack(0x0000001556400000,0x0000001556500000)]
  0x000001ba13469800 JavaThread "Asynchronous log dispatcher for DefaultDaemonConnection: socket connection from /127.0.0.1:50715 to /127.0.0.1:50716" [_thread_blocked, id=3156, stack(0x0000001556500000,0x0000001556600000)]
  0x000001ba143b0000 JavaThread "Stdin handler" [_thread_blocked, id=6180, stack(0x0000001556600000,0x0000001556700000)]
  0x000001ba1519f000 JavaThread "Daemon client event forwarder" [_thread_blocked, id=19312, stack(0x0000001556700000,0x0000001556800000)]
  0x000001ba151a0800 JavaThread "Cache worker for journal cache (C:\Users\venni\.gradle\caches\journal-1)" [_thread_blocked, id=6036, stack(0x0000001556800000,0x0000001556900000)]
  0x000001ba1519d800 JavaThread "File lock request listener" [_thread_in_native, id=3920, stack(0x0000001556900000,0x0000001556a00000)]
  0x000001ba151a3000 JavaThread "Cache worker for file hash cache (C:\Users\venni\.gradle\caches\7.4\fileHashes)" [_thread_blocked, id=6856, stack(0x0000001557400000,0x0000001557500000)]
  0x000001ba151a4000 JavaThread "File watcher server" daemon [_thread_in_native, id=13032, stack(0x0000001557600000,0x0000001557700000)]
  0x000001ba151a0000 JavaThread "File watcher consumer" daemon [_thread_blocked, id=5316, stack(0x0000001557700000,0x0000001557800000)]
  0x000001ba151a1800 JavaThread "jar transforms" [_thread_blocked, id=12708, stack(0x0000001557500000,0x0000001557600000)]
  0x000001ba1519e000 JavaThread "jar transforms Thread 2" [_thread_blocked, id=4264, stack(0x0000001557800000,0x0000001557900000)]
  0x000001ba151a2800 JavaThread "jar transforms Thread 3" [_thread_blocked, id=12552, stack(0x0000001557900000,0x0000001557a00000)]
  0x000001ba17788000 JavaThread "jar transforms Thread 4" [_thread_blocked, id=848, stack(0x0000001557a00000,0x0000001557b00000)]
  0x000001ba1778c800 JavaThread "jar transforms Thread 5" [_thread_blocked, id=15760, stack(0x0000001557b00000,0x0000001557c00000)]
  0x000001ba1778d000 JavaThread "jar transforms Thread 6" [_thread_blocked, id=17168, stack(0x0000001557c00000,0x0000001557d00000)]
  0x000001ba17787000 JavaThread "jar transforms Thread 7" [_thread_blocked, id=7512, stack(0x0000001557d00000,0x0000001557e00000)]
  0x000001ba1778e000 JavaThread "jar transforms Thread 8" [_thread_blocked, id=12084, stack(0x0000001557e00000,0x0000001557f00000)]
  0x000001ba1778f000 JavaThread "jar transforms Thread 9" [_thread_blocked, id=15372, stack(0x0000001557f00000,0x0000001558000000)]
  0x000001ba17789800 JavaThread "jar transforms Thread 10" [_thread_blocked, id=19452, stack(0x0000001558000000,0x0000001558100000)]
  0x000001ba17789000 JavaThread "jar transforms Thread 11" [_thread_blocked, id=10648, stack(0x0000001558100000,0x0000001558200000)]
  0x000001ba1778f800 JavaThread "jar transforms Thread 12" [_thread_blocked, id=3504, stack(0x0000001558200000,0x0000001558300000)]
  0x000001ba17790800 JavaThread "Cache worker for checksums cache (C:\Users\venni\AndroidStudioProjects\DoorLock\.gradle\7.4\checksums)" [_thread_blocked, id=11860, stack(0x0000001558400000,0x0000001558500000)]
  0x000001ba1778a800 JavaThread "Cache worker for cache directory md-rule (C:\Users\venni\.gradle\caches\7.4\md-rule)" [_thread_blocked, id=7824, stack(0x0000001558500000,0x0000001558600000)]
  0x000001ba17795000 JavaThread "Cache worker for file hash cache (C:\Users\venni\AndroidStudioProjects\DoorLock\.gradle\7.4\fileHashes)" [_thread_blocked, id=13604, stack(0x0000001558600000,0x0000001558700000)]
  0x000001ba17794000 JavaThread "Cache worker for cache directory md-supplier (C:\Users\venni\.gradle\caches\7.4\md-supplier)" [_thread_blocked, id=12160, stack(0x0000001558700000,0x0000001558800000)]
  0x000001ba17791800 JavaThread "Cache worker for execution history cache (C:\Users\venni\.gradle\caches\7.4\executionHistory)" [_thread_blocked, id=10056, stack(0x0000001558800000,0x0000001558900000)]
  0x000001ba1778b800 JavaThread "Cache worker for file content cache (C:\Users\venni\.gradle\caches\7.4\fileContent)" [_thread_blocked, id=10824, stack(0x0000001558900000,0x0000001558a00000)]

Other Threads:
=>0x000001ba7fd88800 VMThread "VM Thread" [stack: 0x0000001555200000,0x0000001555300000] [id=17520]
  0x000001ba134d7000 WatcherThread [stack: 0x0000001555c00000,0x0000001555d00000] [id=19328]
  0x000001ba77b59000 GCTaskThread "GC Thread#0" [stack: 0x0000001554d00000,0x0000001554e00000] [id=18052]
  0x000001ba1473f800 GCTaskThread "GC Thread#1" [stack: 0x0000001555e00000,0x0000001555f00000] [id=14824]
  0x000001ba1576e800 GCTaskThread "GC Thread#2" [stack: 0x0000001556a00000,0x0000001556b00000] [id=5792]
  0x000001ba15f24000 GCTaskThread "GC Thread#3" [stack: 0x0000001556b00000,0x0000001556c00000] [id=18608]
  0x000001ba15f25000 GCTaskThread "GC Thread#4" [stack: 0x0000001556c00000,0x0000001556d00000] [id=1848]
  0x000001ba15f25800 GCTaskThread "GC Thread#5" [stack: 0x0000001556d00000,0x0000001556e00000] [id=19448]
  0x000001ba138b6000 GCTaskThread "GC Thread#6" [stack: 0x0000001556e00000,0x0000001556f00000] [id=19120]
  0x000001ba138b7000 GCTaskThread "GC Thread#7" [stack: 0x0000001556f00000,0x0000001557000000] [id=1948]
  0x000001ba138b7800 GCTaskThread "GC Thread#8" [stack: 0x0000001557000000,0x0000001557100000] [id=5360]
  0x000001ba138b8800 GCTaskThread "GC Thread#9" [stack: 0x0000001557100000,0x0000001557200000] [id=14080]
  0x000001ba77b8b000 ConcurrentGCThread "G1 Main Marker" [stack: 0x0000001554e00000,0x0000001554f00000] [id=3996]
  0x000001ba77b8c800 ConcurrentGCThread "G1 Conc#0" [stack: 0x0000001554f00000,0x0000001555000000] [id=15860]
  0x000001ba15de2000 ConcurrentGCThread "G1 Conc#1" [stack: 0x0000001557200000,0x0000001557300000] [id=18720]
  0x000001ba15de4000 ConcurrentGCThread "G1 Conc#2" [stack: 0x0000001557300000,0x0000001557400000] [id=18072]
  0x000001ba7ebf4000 ConcurrentGCThread "G1 Refine#0" [stack: 0x0000001555000000,0x0000001555100000] [id=14284]
  0x000001ba7ebf5000 ConcurrentGCThread "G1 Young RemSet Sampling" [stack: 0x0000001555100000,0x0000001555200000] [id=7664]

Threads with active compile tasks:
C2 CompilerThread0  20641 6115       4       org.apache.tools.zip.ZipOutputStream::closeEntry (66 bytes)

VM state:at safepoint (normal execution)

VM Mutex/Monitor currently owned by a thread:  ([mutex/lock_event])
[0x000001ba77b2f910] Threads_lock - owner thread: 0x000001ba7fd88800
[0x000001ba77b30990] Heap_lock - owner thread: 0x000001ba1465e000

Heap address: 0x0000000080000000, size: 2048 MB, Compressed Oops mode: 32-bit
Narrow klass base: 0x0000000000000000, Narrow klass shift: 3
Compressed class space size: 1073741824 Address: 0x0000000100000000

Heap:
 garbage-first heap   total 454656K, used 88555K [0x0000000080000000, 0x0000000100000000)
  region size 1024K, 5 young (5120K), 5 survivors (5120K)
 Metaspace       used 50164K, capacity 51452K, committed 51712K, reserved 1093632K
  class space    used 6373K, capacity 6852K, committed 6912K, reserved 1048576K
Heap Regions: E=young(eden), S=young(survivor), O=old, HS=humongous(starts), HC=humongous(continues), CS=collection set, F=free, A=archive, TAMS=top-at-mark-start (previous, next)
|   0|0x0000000080000000, 0x0000000080100000, 0x0000000080100000|100%| O|  |TAMS 0x0000000080100000, 0x0000000080000000| Untracked 
|   1|0x0000000080100000, 0x0000000080200000, 0x0000000080200000|100%| O|  |TAMS 0x0000000080200000, 0x0000000080100000| Untracked 
|   2|0x0000000080200000, 0x0000000080300000, 0x0000000080300000|100%| O|  |TAMS 0x0000000080300000, 0x0000000080200000| Untracked 
|   3|0x0000000080300000, 0x0000000080400000, 0x0000000080400000|100%|HS|  |TAMS 0x0000000080400000, 0x0000000080300000| Complete 
|   4|0x0000000080400000, 0x0000000080500000, 0x0000000080500000|100%|HC|  |TAMS 0x0000000080500000, 0x0000000080400000| Complete 
|   5|0x0000000080500000, 0x0000000080600000, 0x0000000080600000|100%|HC|  |TAMS 0x0000000080600000, 0x0000000080500000| Complete 
|   6|0x0000000080600000, 0x0000000080700000, 0x0000000080700000|100%| O|  |TAMS 0x0000000080700000, 0x0000000080600000| Untracked 
|   7|0x0000000080700000, 0x0000000080800000, 0x0000000080800000|100%| O|  |TAMS 0x0000000080800000, 0x0000000080700000| Untracked 
|   8|0x0000000080800000, 0x0000000080900000, 0x0000000080900000|100%| O|  |TAMS 0x0000000080900000, 0x0000000080800000| Untracked 
|   9|0x0000000080900000, 0x0000000080a00000, 0x0000000080a00000|100%| O|  |TAMS 0x0000000080a00000, 0x0000000080900000| Untracked 
|  10|0x0000000080a00000, 0x0000000080b00000, 0x0000000080b00000|100%| O|  |TAMS 0x0000000080b00000, 0x0000000080a00000| Untracked 
|  11|0x0000000080b00000, 0x0000000080c00000, 0x0000000080c00000|100%| O|  |TAMS 0x0000000080c00000, 0x0000000080b00000| Untracked 
|  12|0x0000000080c00000, 0x0000000080d00000, 0x0000000080d00000|100%| O|  |TAMS 0x0000000080d00000, 0x0000000080c00000| Untracked 
|  13|0x0000000080d00000, 0x0000000080e00000, 0x0000000080e00000|100%| O|  |TAMS 0x0000000080e00000, 0x0000000080d00000| Untracked 
|  14|0x0000000080e00000, 0x0000000080f00000, 0x0000000080f00000|100%| O|  |TAMS 0x0000000080f00000, 0x0000000080e00000| Untracked 
|  15|0x0000000080f00000, 0x0000000081000000, 0x0000000081000000|100%|HS|  |TAMS 0x0000000081000000, 0x0000000080f00000| Complete 
|  16|0x0000000081000000, 0x0000000081100000, 0x0000000081100000|100%|HC|  |TAMS 0x0000000081100000, 0x0000000081000000| Complete 
|  17|0x0000000081100000, 0x0000000081200000, 0x0000000081200000|100%|HS|  |TAMS 0x0000000081200000, 0x0000000081100000| Complete 
|  18|0x0000000081200000, 0x0000000081300000, 0x0000000081300000|100%|HC|  |TAMS 0x0000000081300000, 0x0000000081200000| Complete 
|  19|0x0000000081300000, 0x0000000081400000, 0x0000000081400000|100%|HC|  |TAMS 0x0000000081400000, 0x0000000081300000| Complete 
|  20|0x0000000081400000, 0x0000000081500000, 0x0000000081500000|100%|HS|  |TAMS 0x0000000081500000, 0x0000000081400000| Complete 
|  21|0x0000000081500000, 0x0000000081600000, 0x0000000081600000|100%|HC|  |TAMS 0x0000000081600000, 0x0000000081500000| Complete 
|  22|0x0000000081600000, 0x0000000081700000, 0x0000000081700000|100%|HC|  |TAMS 0x0000000081700000, 0x0000000081600000| Complete 
|  23|0x0000000081700000, 0x0000000081800000, 0x0000000081800000|100%|HC|  |TAMS 0x0000000081800000, 0x0000000081700000| Complete 
|  24|0x0000000081800000, 0x0000000081900000, 0x0000000081900000|100%|HC|  |TAMS 0x0000000081900000, 0x0000000081800000| Complete 
|  25|0x0000000081900000, 0x0000000081a00000, 0x0000000081a00000|100%|HS|  |TAMS 0x0000000081a00000, 0x0000000081900000| Complete 
|  26|0x0000000081a00000, 0x0000000081b00000, 0x0000000081b00000|100%|HC|  |TAMS 0x0000000081b00000, 0x0000000081a00000| Complete 
|  27|0x0000000081b00000, 0x0000000081c00000, 0x0000000081c00000|100%|HC|  |TAMS 0x0000000081c00000, 0x0000000081b00000| Complete 
|  28|0x0000000081c00000, 0x0000000081d00000, 0x0000000081d00000|100%|HS|  |TAMS 0x0000000081d00000, 0x0000000081c00000| Complete 
|  29|0x0000000081d00000, 0x0000000081e00000, 0x0000000081e00000|100%| O|  |TAMS 0x0000000081e00000, 0x0000000081d00000| Untracked 
|  30|0x0000000081e00000, 0x0000000081f00000, 0x0000000081f00000|100%| O|  |TAMS 0x0000000081f00000, 0x0000000081e00000| Untracked 
|  31|0x0000000081f00000, 0x0000000082000000, 0x0000000082000000|100%| O|  |TAMS 0x0000000082000000, 0x0000000081f00000| Untracked 
|  32|0x0000000082000000, 0x0000000082100000, 0x0000000082100000|100%| O|  |TAMS 0x0000000082100000, 0x0000000082000000| Untracked 
|  33|0x0000000082100000, 0x0000000082200000, 0x0000000082200000|100%| O|  |TAMS 0x0000000082200000, 0x0000000082100000| Untracked 
|  34|0x0000000082200000, 0x0000000082300000, 0x0000000082300000|100%| O|  |TAMS 0x0000000082300000, 0x0000000082200000| Untracked 
|  35|0x0000000082300000, 0x0000000082400000, 0x0000000082400000|100%| O|  |TAMS 0x0000000082400000, 0x0000000082300000| Untracked 
|  36|0x0000000082400000, 0x0000000082500000, 0x0000000082500000|100%| O|  |TAMS 0x0000000082500000, 0x0000000082400000| Untracked 
|  37|0x0000000082500000, 0x0000000082600000, 0x0000000082600000|100%| O|  |TAMS 0x0000000082600000, 0x0000000082500000| Untracked 
|  38|0x0000000082600000, 0x0000000082700000, 0x0000000082700000|100%| O|  |TAMS 0x0000000082700000, 0x0000000082600000| Untracked 
|  39|0x0000000082700000, 0x0000000082800000, 0x0000000082800000|100%| O|  |TAMS 0x0000000082800000, 0x0000000082700000| Untracked 
|  40|0x0000000082800000, 0x0000000082900000, 0x0000000082900000|100%| O|  |TAMS 0x0000000082900000, 0x0000000082800000| Untracked 
|  41|0x0000000082900000, 0x0000000082a00000, 0x0000000082a00000|100%| O|  |TAMS 0x0000000082a00000, 0x0000000082900000| Untracked 
|  42|0x0000000082a00000, 0x0000000082b00000, 0x0000000082b00000|100%| O|  |TAMS 0x0000000082b00000, 0x0000000082a00000| Untracked 
|  43|0x0000000082b00000, 0x0000000082c00000, 0x0000000082c00000|100%| O|  |TAMS 0x0000000082c00000, 0x0000000082b00000| Untracked 
|  44|0x0000000082c00000, 0x0000000082d00000, 0x0000000082d00000|100%| O|  |TAMS 0x0000000082d00000, 0x0000000082c00000| Untracked 
|  45|0x0000000082d00000, 0x0000000082e00000, 0x0000000082e00000|100%| O|  |TAMS 0x0000000082e00000, 0x0000000082d00000| Untracked 
|  46|0x0000000082e00000, 0x0000000082f00000, 0x0000000082f00000|100%|HS|  |TAMS 0x0000000082e00000, 0x0000000082e00000| Complete 
|  47|0x0000000082f00000, 0x0000000083000000, 0x0000000083000000|100%|HC|  |TAMS 0x0000000082f00000, 0x0000000082f00000| Complete 
|  48|0x0000000083000000, 0x0000000083100000, 0x0000000083100000|100%|HC|  |TAMS 0x0000000083000000, 0x0000000083000000| Complete 
|  49|0x0000000083100000, 0x0000000083200000, 0x0000000083200000|100%|HC|  |TAMS 0x0000000083100000, 0x0000000083100000| Complete 
|  50|0x0000000083200000, 0x0000000083300000, 0x0000000083300000|100%|HC|  |TAMS 0x0000000083200000, 0x0000000083200000| Complete 
|  51|0x0000000083300000, 0x0000000083400000, 0x0000000083400000|100%| O|  |TAMS 0x0000000083400000, 0x0000000083300000| Untracked 
|  52|0x0000000083400000, 0x0000000083500000, 0x0000000083500000|100%| O|  |TAMS 0x0000000083500000, 0x0000000083400000| Untracked 
|  53|0x0000000083500000, 0x0000000083600000, 0x0000000083600000|100%| O|  |TAMS 0x0000000083600000, 0x0000000083500000| Untracked 
|  54|0x0000000083600000, 0x0000000083700000, 0x0000000083700000|100%| O|  |TAMS 0x0000000083700000, 0x0000000083600000| Untracked 
|  55|0x0000000083700000, 0x0000000083800000, 0x0000000083800000|100%| O|  |TAMS 0x0000000083800000, 0x0000000083700000| Untracked 
|  56|0x0000000083800000, 0x0000000083900000, 0x0000000083900000|100%| O|  |TAMS 0x0000000083900000, 0x0000000083800000| Untracked 
|  57|0x0000000083900000, 0x0000000083a00000, 0x0000000083a00000|100%| O|  |TAMS 0x0000000083a00000, 0x0000000083900000| Untracked 
|  58|0x0000000083a00000, 0x0000000083b00000, 0x0000000083b00000|100%| O|  |TAMS 0x0000000083b00000, 0x0000000083a00000| Untracked 
|  59|0x0000000083b00000, 0x0000000083c00000, 0x0000000083c00000|100%| O|  |TAMS 0x0000000083c00000, 0x0000000083b00000| Untracked 
|  60|0x0000000083c00000, 0x0000000083d00000, 0x0000000083d00000|100%| O|  |TAMS 0x0000000083d00000, 0x0000000083c00000| Untracked 
|  61|0x0000000083d00000, 0x0000000083e00000, 0x0000000083e00000|100%| O|  |TAMS 0x0000000083e00000, 0x0000000083d00000| Untracked 
|  62|0x0000000083e00000, 0x0000000083f00000, 0x0000000083f00000|100%| O|  |TAMS 0x0000000083f00000, 0x0000000083e00000| Untracked 
|  63|0x0000000083f00000, 0x0000000084000000, 0x0000000084000000|100%| O|  |TAMS 0x0000000084000000, 0x0000000083f00000| Untracked 
|  64|0x0000000084000000, 0x0000000084100000, 0x0000000084100000|100%| O|  |TAMS 0x0000000084100000, 0x0000000084000000| Untracked 
|  65|0x0000000084100000, 0x0000000084200000, 0x0000000084200000|100%| O|  |TAMS 0x0000000084200000, 0x0000000084100000| Untracked 
|  66|0x0000000084200000, 0x0000000084300000, 0x0000000084300000|100%| O|  |TAMS 0x00000000842edc00, 0x0000000084200000| Untracked 
|  67|0x0000000084300000, 0x0000000084400000, 0x0000000084400000|100%| O|  |TAMS 0x0000000084300000, 0x0000000084300000| Untracked 
|  68|0x0000000084400000, 0x0000000084500000, 0x0000000084500000|100%| O|  |TAMS 0x0000000084400000, 0x0000000084400000| Untracked 
|  69|0x0000000084500000, 0x0000000084600000, 0x0000000084600000|100%| O|  |TAMS 0x0000000084500000, 0x0000000084500000| Untracked 
|  70|0x0000000084600000, 0x0000000084700000, 0x0000000084700000|100%| O|  |TAMS 0x0000000084600000, 0x0000000084600000| Untracked 
|  71|0x0000000084700000, 0x0000000084800000, 0x0000000084800000|100%| O|  |TAMS 0x0000000084700000, 0x0000000084700000| Untracked 
|  72|0x0000000084800000, 0x0000000084900000, 0x0000000084900000|100%| O|  |TAMS 0x0000000084800000, 0x0000000084800000| Untracked 
|  73|0x0000000084900000, 0x0000000084a00000, 0x0000000084a00000|100%| O|  |TAMS 0x0000000084900000, 0x0000000084900000| Untracked 
|  74|0x0000000084a00000, 0x0000000084b00000, 0x0000000084b00000|100%| O|  |TAMS 0x0000000084a00000, 0x0000000084a00000| Untracked 
|  75|0x0000000084b00000, 0x0000000084c00000, 0x0000000084c00000|100%| O|  |TAMS 0x0000000084b00000, 0x0000000084b00000| Untracked 
|  76|0x0000000084c00000, 0x0000000084d00000, 0x0000000084d00000|100%| O|  |TAMS 0x0000000084c00000, 0x0000000084c00000| Untracked 
|  77|0x0000000084d00000, 0x0000000084e00000, 0x0000000084e00000|100%| O|  |TAMS 0x0000000084d00000, 0x0000000084d00000| Untracked 
|  78|0x0000000084e00000, 0x0000000084e00000, 0x0000000084f00000|  0%| F|  |TAMS 0x0000000084e00000, 0x0000000084e00000| Untracked 
|  79|0x0000000084f00000, 0x0000000084f00000, 0x0000000085000000|  0%| F|  |TAMS 0x0000000084f00000, 0x0000000084f00000| Untracked 
|  80|0x0000000085000000, 0x0000000085000000, 0x0000000085100000|  0%| F|  |TAMS 0x0000000085000000, 0x0000000085000000| Untracked 
|  81|0x0000000085100000, 0x000000008517ae00, 0x0000000085200000| 47%| O|  |TAMS 0x0000000085100000, 0x0000000085100000| Untracked 
|  82|0x0000000085200000, 0x0000000085200000, 0x0000000085300000|  0%| F|  |TAMS 0x0000000085200000, 0x0000000085200000| Untracked 
|  83|0x0000000085300000, 0x0000000085300000, 0x0000000085400000|  0%| F|  |TAMS 0x0000000085300000, 0x0000000085300000| Untracked 
|  84|0x0000000085400000, 0x0000000085400000, 0x0000000085500000|  0%| F|  |TAMS 0x0000000085400000, 0x0000000085400000| Untracked 
|  85|0x0000000085500000, 0x0000000085500000, 0x0000000085600000|  0%| F|  |TAMS 0x0000000085500000, 0x0000000085500000| Untracked 
|  86|0x0000000085600000, 0x0000000085600000, 0x0000000085700000|  0%| F|  |TAMS 0x0000000085600000, 0x0000000085600000| Untracked 
|  87|0x0000000085700000, 0x0000000085700000, 0x0000000085800000|  0%| F|  |TAMS 0x0000000085700000, 0x0000000085700000| Untracked 
|  88|0x0000000085800000, 0x0000000085800000, 0x0000000085900000|  0%| F|  |TAMS 0x0000000085800000, 0x0000000085800000| Untracked 
|  89|0x0000000085900000, 0x0000000085a00000, 0x0000000085a00000|100%| O|  |TAMS 0x0000000085900000, 0x0000000085900000| Untracked 
|  90|0x0000000085a00000, 0x0000000085b00000, 0x0000000085b00000|100%| O|  |TAMS 0x0000000085a00000, 0x0000000085a00000| Untracked 
|  91|0x0000000085b00000, 0x0000000085b00000, 0x0000000085c00000|  0%| F|  |TAMS 0x0000000085b00000, 0x0000000085b00000| Untracked 
|  92|0x0000000085c00000, 0x0000000085c00000, 0x0000000085d00000|  0%| F|  |TAMS 0x0000000085c00000, 0x0000000085c00000| Untracked 
|  93|0x0000000085d00000, 0x0000000085e00000, 0x0000000085e00000|100%| O|  |TAMS 0x0000000085d00000, 0x0000000085d00000| Untracked 
|  94|0x0000000085e00000, 0x0000000085e00000, 0x0000000085f00000|  0%| F|  |TAMS 0x0000000085e00000, 0x0000000085e00000| Untracked 
|  95|0x0000000085f00000, 0x0000000085f00000, 0x0000000086000000|  0%| F|  |TAMS 0x0000000085f00000, 0x0000000085f00000| Untracked 
|  96|0x0000000086000000, 0x0000000086000000, 0x0000000086100000|  0%| F|  |TAMS 0x0000000086000000, 0x0000000086000000| Untracked 
|  97|0x0000000086100000, 0x0000000086100000, 0x0000000086200000|  0%| F|  |TAMS 0x0000000086100000, 0x0000000086100000| Untracked 
|  98|0x0000000086200000, 0x0000000086200000, 0x0000000086300000|  0%| F|  |TAMS 0x0000000086200000, 0x0000000086200000| Untracked 
|  99|0x0000000086300000, 0x0000000086300000, 0x0000000086400000|  0%| F|  |TAMS 0x0000000086300000, 0x0000000086300000| Untracked 
| 100|0x0000000086400000, 0x0000000086400000, 0x0000000086500000|  0%| F|  |TAMS 0x0000000086400000, 0x0000000086400000| Untracked 
| 101|0x0000000086500000, 0x0000000086500000, 0x0000000086600000|  0%| F|  |TAMS 0x0000000086500000, 0x0000000086500000| Untracked 
| 102|0x0000000086600000, 0x0000000086600000, 0x0000000086700000|  0%| F|  |TAMS 0x0000000086600000, 0x0000000086600000| Untracked 
| 103|0x0000000086700000, 0x0000000086700000, 0x0000000086800000|  0%| F|  |TAMS 0x0000000086700000, 0x0000000086700000| Untracked 
| 104|0x0000000086800000, 0x0000000086800000, 0x0000000086900000|  0%| F|  |TAMS 0x0000000086800000, 0x0000000086800000| Untracked 
| 105|0x0000000086900000, 0x0000000086900000, 0x0000000086a00000|  0%| F|  |TAMS 0x0000000086900000, 0x0000000086900000| Untracked 
| 106|0x0000000086a00000, 0x0000000086a00000, 0x0000000086b00000|  0%| F|  |TAMS 0x0000000086a00000, 0x0000000086a00000| Untracked 
| 107|0x0000000086b00000, 0x0000000086b00000, 0x0000000086c00000|  0%| F|  |TAMS 0x0000000086b00000, 0x0000000086b00000| Untracked 
| 108|0x0000000086c00000, 0x0000000086c00000, 0x0000000086d00000|  0%| F|  |TAMS 0x0000000086c00000, 0x0000000086c00000| Untracked 
| 109|0x0000000086d00000, 0x0000000086d00000, 0x0000000086e00000|  0%| F|  |TAMS 0x0000000086d00000, 0x0000000086d00000| Untracked 
| 110|0x0000000086e00000, 0x0000000086e00000, 0x0000000086f00000|  0%| F|  |TAMS 0x0000000086e00000, 0x0000000086e00000| Untracked 
| 111|0x0000000086f00000, 0x0000000086f00000, 0x0000000087000000|  0%| F|  |TAMS 0x0000000086f00000, 0x0000000086f00000| Untracked 
| 112|0x0000000087000000, 0x0000000087000000, 0x0000000087100000|  0%| F|  |TAMS 0x0000000087000000, 0x0000000087000000| Untracked 
| 113|0x0000000087100000, 0x0000000087100000, 0x0000000087200000|  0%| F|  |TAMS 0x0000000087100000, 0x0000000087100000| Untracked 
| 114|0x0000000087200000, 0x0000000087200000, 0x0000000087300000|  0%| F|  |TAMS 0x0000000087200000, 0x0000000087200000| Untracked 
| 115|0x0000000087300000, 0x0000000087300000, 0x0000000087400000|  0%| F|  |TAMS 0x0000000087300000, 0x0000000087300000| Untracked 
| 116|0x0000000087400000, 0x0000000087400000, 0x0000000087500000|  0%| F|  |TAMS 0x0000000087400000, 0x0000000087400000| Untracked 
| 117|0x0000000087500000, 0x0000000087500000, 0x0000000087600000|  0%| F|  |TAMS 0x0000000087500000, 0x0000000087500000| Untracked 
| 118|0x0000000087600000, 0x0000000087600000, 0x0000000087700000|  0%| F|  |TAMS 0x0000000087600000, 0x0000000087600000| Untracked 
| 119|0x0000000087700000, 0x0000000087700000, 0x0000000087800000|  0%| F|  |TAMS 0x0000000087700000, 0x0000000087700000| Untracked 
| 120|0x0000000087800000, 0x0000000087800000, 0x0000000087900000|  0%| F|  |TAMS 0x0000000087800000, 0x0000000087800000| Untracked 
| 121|0x0000000087900000, 0x0000000087900000, 0x0000000087a00000|  0%| F|  |TAMS 0x0000000087900000, 0x0000000087900000| Untracked 
| 122|0x0000000087a00000, 0x0000000087a00000, 0x0000000087b00000|  0%| F|  |TAMS 0x0000000087a00000, 0x0000000087a00000| Untracked 
| 123|0x0000000087b00000, 0x0000000087b00000, 0x0000000087c00000|  0%| F|  |TAMS 0x0000000087b00000, 0x0000000087b00000| Untracked 
| 124|0x0000000087c00000, 0x0000000087c00000, 0x0000000087d00000|  0%| F|  |TAMS 0x0000000087c00000, 0x0000000087c00000| Untracked 
| 125|0x0000000087d00000, 0x0000000087d00000, 0x0000000087e00000|  0%| F|  |TAMS 0x0000000087d00000, 0x0000000087d00000| Untracked 
| 126|0x0000000087e00000, 0x0000000087e00000, 0x0000000087f00000|  0%| F|  |TAMS 0x0000000087e00000, 0x0000000087e00000| Untracked 
| 127|0x0000000087f00000, 0x0000000087f00000, 0x0000000088000000|  0%| F|  |TAMS 0x0000000087f00000, 0x0000000087f00000| Untracked 
| 128|0x0000000088000000, 0x0000000088000000, 0x0000000088100000|  0%| F|  |TAMS 0x0000000088000000, 0x0000000088000000| Untracked 
| 129|0x0000000088100000, 0x0000000088100000, 0x0000000088200000|  0%| F|  |TAMS 0x0000000088100000, 0x0000000088100000| Untracked 
| 130|0x0000000088200000, 0x0000000088200000, 0x0000000088300000|  0%| F|  |TAMS 0x0000000088200000, 0x0000000088200000| Untracked 
| 131|0x0000000088300000, 0x0000000088300000, 0x0000000088400000|  0%| F|  |TAMS 0x0000000088300000, 0x0000000088300000| Untracked 
| 132|0x0000000088400000, 0x0000000088400000, 0x0000000088500000|  0%| F|  |TAMS 0x0000000088400000, 0x0000000088400000| Untracked 
| 133|0x0000000088500000, 0x0000000088500000, 0x0000000088600000|  0%| F|  |TAMS 0x0000000088500000, 0x0000000088500000| Untracked 
| 134|0x0000000088600000, 0x0000000088600000, 0x0000000088700000|  0%| F|  |TAMS 0x0000000088600000, 0x0000000088600000| Untracked 
| 135|0x0000000088700000, 0x0000000088700000, 0x0000000088800000|  0%| F|  |TAMS 0x0000000088700000, 0x0000000088700000| Untracked 
| 136|0x0000000088800000, 0x0000000088800000, 0x0000000088900000|  0%| F|  |TAMS 0x0000000088800000, 0x0000000088800000| Untracked 
| 137|0x0000000088900000, 0x0000000088900000, 0x0000000088a00000|  0%| F|  |TAMS 0x0000000088900000, 0x0000000088900000| Untracked 
| 138|0x0000000088a00000, 0x0000000088a00000, 0x0000000088b00000|  0%| F|  |TAMS 0x0000000088a00000, 0x0000000088a00000| Untracked 
| 139|0x0000000088b00000, 0x0000000088b00000, 0x0000000088c00000|  0%| F|  |TAMS 0x0000000088b00000, 0x0000000088b00000| Untracked 
| 140|0x0000000088c00000, 0x0000000088c00000, 0x0000000088d00000|  0%| F|  |TAMS 0x0000000088c00000, 0x0000000088c00000| Untracked 
| 141|0x0000000088d00000, 0x0000000088d00000, 0x0000000088e00000|  0%| F|  |TAMS 0x0000000088d00000, 0x0000000088d00000| Untracked 
| 142|0x0000000088e00000, 0x0000000088e00000, 0x0000000088f00000|  0%| F|  |TAMS 0x0000000088e00000, 0x0000000088e00000| Untracked 
| 143|0x0000000088f00000, 0x0000000088f00000, 0x0000000089000000|  0%| F|  |TAMS 0x0000000088f00000, 0x0000000088f00000| Untracked 
| 144|0x0000000089000000, 0x0000000089000000, 0x0000000089100000|  0%| F|  |TAMS 0x0000000089000000, 0x0000000089000000| Untracked 
| 145|0x0000000089100000, 0x0000000089100000, 0x0000000089200000|  0%| F|  |TAMS 0x0000000089100000, 0x0000000089100000| Untracked 
| 146|0x0000000089200000, 0x0000000089200000, 0x0000000089300000|  0%| F|  |TAMS 0x0000000089200000, 0x0000000089200000| Untracked 
| 147|0x0000000089300000, 0x0000000089400000, 0x0000000089400000|100%| S|CS|TAMS 0x0000000089300000, 0x0000000089300000| Complete 
| 148|0x0000000089400000, 0x0000000089500000, 0x0000000089500000|100%| S|CS|TAMS 0x0000000089400000, 0x0000000089400000| Complete 
| 149|0x0000000089500000, 0x0000000089600000, 0x0000000089600000|100%| S|CS|TAMS 0x0000000089500000, 0x0000000089500000| Complete 
| 150|0x0000000089600000, 0x0000000089700000, 0x0000000089700000|100%| S|CS|TAMS 0x0000000089600000, 0x0000000089600000| Complete 
| 151|0x0000000089700000, 0x0000000089700000, 0x0000000089800000|  0%| F|  |TAMS 0x0000000089700000, 0x0000000089700000| Untracked 
| 152|0x0000000089800000, 0x0000000089800000, 0x0000000089900000|  0%| F|  |TAMS 0x0000000089800000, 0x0000000089800000| Untracked 
| 153|0x0000000089900000, 0x0000000089900000, 0x0000000089a00000|  0%| F|  |TAMS 0x0000000089900000, 0x0000000089900000| Untracked 
| 154|0x0000000089a00000, 0x0000000089a00000, 0x0000000089b00000|  0%| F|  |TAMS 0x0000000089a00000, 0x0000000089a00000| Untracked 
| 155|0x0000000089b00000, 0x0000000089b00000, 0x0000000089c00000|  0%| F|  |TAMS 0x0000000089b00000, 0x0000000089b00000| Untracked 
| 156|0x0000000089c00000, 0x0000000089c00000, 0x0000000089d00000|  0%| F|  |TAMS 0x0000000089c00000, 0x0000000089c00000| Untracked 
| 157|0x0000000089d00000, 0x0000000089d00000, 0x0000000089e00000|  0%| F|  |TAMS 0x0000000089d00000, 0x0000000089d00000| Untracked 
| 158|0x0000000089e00000, 0x0000000089e00000, 0x0000000089f00000|  0%| F|  |TAMS 0x0000000089e00000, 0x0000000089e00000| Untracked 
| 159|0x0000000089f00000, 0x0000000089f00000, 0x000000008a000000|  0%| F|  |TAMS 0x0000000089f00000, 0x0000000089f00000| Untracked 
| 160|0x000000008a000000, 0x000000008a000000, 0x000000008a100000|  0%| F|  |TAMS 0x000000008a000000, 0x000000008a000000| Untracked 
| 161|0x000000008a100000, 0x000000008a100000, 0x000000008a200000|  0%| F|  |TAMS 0x000000008a100000, 0x000000008a100000| Untracked 
| 162|0x000000008a200000, 0x000000008a300000, 0x000000008a300000|100%| S|CS|TAMS 0x000000008a200000, 0x000000008a200000| Complete 
| 163|0x000000008a300000, 0x000000008a300000, 0x000000008a400000|  0%| F|  |TAMS 0x000000008a300000, 0x000000008a300000| Untracked 
| 164|0x000000008a400000, 0x000000008a400000, 0x000000008a500000|  0%| F|  |TAMS 0x000000008a400000, 0x000000008a400000| Untracked 
| 165|0x000000008a500000, 0x000000008a500000, 0x000000008a600000|  0%| F|  |TAMS 0x000000008a500000, 0x000000008a500000| Untracked 
| 166|0x000000008a600000, 0x000000008a600000, 0x000000008a700000|  0%| F|  |TAMS 0x000000008a600000, 0x000000008a600000| Untracked 
| 167|0x000000008a700000, 0x000000008a700000, 0x000000008a800000|  0%| F|  |TAMS 0x000000008a700000, 0x000000008a700000| Untracked 
| 168|0x000000008a800000, 0x000000008a800000, 0x000000008a900000|  0%| F|  |TAMS 0x000000008a800000, 0x000000008a800000| Untracked 
| 169|0x000000008a900000, 0x000000008a900000, 0x000000008aa00000|  0%| F|  |TAMS 0x000000008a900000, 0x000000008a900000| Untracked 
| 170|0x000000008aa00000, 0x000000008aa00000, 0x000000008ab00000|  0%| F|  |TAMS 0x000000008aa00000, 0x000000008aa00000| Untracked 
| 171|0x000000008ab00000, 0x000000008ab00000, 0x000000008ac00000|  0%| F|  |TAMS 0x000000008ab00000, 0x000000008ab00000| Untracked 
| 172|0x000000008ac00000, 0x000000008ac00000, 0x000000008ad00000|  0%| F|  |TAMS 0x000000008ac00000, 0x000000008ac00000| Untracked 
| 173|0x000000008ad00000, 0x000000008ad00000, 0x000000008ae00000|  0%| F|  |TAMS 0x000000008ad00000, 0x000000008ad00000| Untracked 
| 174|0x000000008ae00000, 0x000000008ae00000, 0x000000008af00000|  0%| F|  |TAMS 0x000000008ae00000, 0x000000008ae00000| Untracked 
| 175|0x000000008af00000, 0x000000008af00000, 0x000000008b000000|  0%| F|  |TAMS 0x000000008af00000, 0x000000008af00000| Untracked 
| 176|0x000000008b000000, 0x000000008b000000, 0x000000008b100000|  0%| F|  |TAMS 0x000000008b000000, 0x000000008b000000| Untracked 
| 177|0x000000008b100000, 0x000000008b100000, 0x000000008b200000|  0%| F|  |TAMS 0x000000008b100000, 0x000000008b100000| Untracked 
| 178|0x000000008b200000, 0x000000008b200000, 0x000000008b300000|  0%| F|  |TAMS 0x000000008b200000, 0x000000008b200000| Untracked 
| 179|0x000000008b300000, 0x000000008b300000, 0x000000008b400000|  0%| F|  |TAMS 0x000000008b300000, 0x000000008b300000| Untracked 
| 180|0x000000008b400000, 0x000000008b400000, 0x000000008b500000|  0%| F|  |TAMS 0x000000008b400000, 0x000000008b400000| Untracked 
| 181|0x000000008b500000, 0x000000008b500000, 0x000000008b600000|  0%| F|  |TAMS 0x000000008b500000, 0x000000008b500000| Untracked 
| 182|0x000000008b600000, 0x000000008b600000, 0x000000008b700000|  0%| F|  |TAMS 0x000000008b600000, 0x000000008b600000| Untracked 
| 183|0x000000008b700000, 0x000000008b700000, 0x000000008b800000|  0%| F|  |TAMS 0x000000008b700000, 0x000000008b700000| Untracked 
| 184|0x000000008b800000, 0x000000008b800000, 0x000000008b900000|  0%| F|  |TAMS 0x000000008b800000, 0x000000008b800000| Untracked 
| 185|0x000000008b900000, 0x000000008b900000, 0x000000008ba00000|  0%| F|  |TAMS 0x000000008b900000, 0x000000008b900000| Untracked 
| 186|0x000000008ba00000, 0x000000008ba00000, 0x000000008bb00000|  0%| F|  |TAMS 0x000000008ba00000, 0x000000008ba00000| Untracked 
| 187|0x000000008bb00000, 0x000000008bb00000, 0x000000008bc00000|  0%| F|  |TAMS 0x000000008bb00000, 0x000000008bb00000| Untracked 
| 188|0x000000008bc00000, 0x000000008bc00000, 0x000000008bd00000|  0%| F|  |TAMS 0x000000008bc00000, 0x000000008bc00000| Untracked 
| 189|0x000000008bd00000, 0x000000008bd00000, 0x000000008be00000|  0%| F|  |TAMS 0x000000008bd00000, 0x000000008bd00000| Untracked 
| 190|0x000000008be00000, 0x000000008be00000, 0x000000008bf00000|  0%| F|  |TAMS 0x000000008be00000, 0x000000008be00000| Untracked 
| 191|0x000000008bf00000, 0x000000008bf00000, 0x000000008c000000|  0%| F|  |TAMS 0x000000008bf00000, 0x000000008bf00000| Untracked 
| 192|0x000000008c000000, 0x000000008c000000, 0x000000008c100000|  0%| F|  |TAMS 0x000000008c000000, 0x000000008c000000| Untracked 
| 193|0x000000008c100000, 0x000000008c100000, 0x000000008c200000|  0%| F|  |TAMS 0x000000008c100000, 0x000000008c100000| Untracked 
| 194|0x000000008c200000, 0x000000008c200000, 0x000000008c300000|  0%| F|  |TAMS 0x000000008c200000, 0x000000008c200000| Untracked 
| 195|0x000000008c300000, 0x000000008c300000, 0x000000008c400000|  0%| F|  |TAMS 0x000000008c300000, 0x000000008c300000| Untracked 
| 196|0x000000008c400000, 0x000000008c400000, 0x000000008c500000|  0%| F|  |TAMS 0x000000008c400000, 0x000000008c400000| Untracked 
| 197|0x000000008c500000, 0x000000008c500000, 0x000000008c600000|  0%| F|  |TAMS 0x000000008c500000, 0x000000008c500000| Untracked 
| 198|0x000000008c600000, 0x000000008c600000, 0x000000008c700000|  0%| F|  |TAMS 0x000000008c600000, 0x000000008c600000| Untracked 
| 199|0x000000008c700000, 0x000000008c700000, 0x000000008c800000|  0%| F|  |TAMS 0x000000008c700000, 0x000000008c700000| Untracked 
| 200|0x000000008c800000, 0x000000008c800000, 0x000000008c900000|  0%| F|  |TAMS 0x000000008c800000, 0x000000008c800000| Untracked 
| 201|0x000000008c900000, 0x000000008c900000, 0x000000008ca00000|  0%| F|  |TAMS 0x000000008c900000, 0x000000008c900000| Untracked 
| 202|0x000000008ca00000, 0x000000008ca00000, 0x000000008cb00000|  0%| F|  |TAMS 0x000000008ca00000, 0x000000008ca00000| Untracked 
| 203|0x000000008cb00000, 0x000000008cb00000, 0x000000008cc00000|  0%| F|  |TAMS 0x000000008cb00000, 0x000000008cb00000| Untracked 
| 204|0x000000008cc00000, 0x000000008cc00000, 0x000000008cd00000|  0%| F|  |TAMS 0x000000008cc00000, 0x000000008cc00000| Untracked 
| 205|0x000000008cd00000, 0x000000008cd00000, 0x000000008ce00000|  0%| F|  |TAMS 0x000000008cd00000, 0x000000008cd00000| Untracked 
| 206|0x000000008ce00000, 0x000000008ce00000, 0x000000008cf00000|  0%| F|  |TAMS 0x000000008ce00000, 0x000000008ce00000| Untracked 
| 207|0x000000008cf00000, 0x000000008cf00000, 0x000000008d000000|  0%| F|  |TAMS 0x000000008cf00000, 0x000000008cf00000| Untracked 
| 208|0x000000008d000000, 0x000000008d000000, 0x000000008d100000|  0%| F|  |TAMS 0x000000008d000000, 0x000000008d000000| Untracked 
| 209|0x000000008d100000, 0x000000008d100000, 0x000000008d200000|  0%| F|  |TAMS 0x000000008d100000, 0x000000008d100000| Untracked 
| 210|0x000000008d200000, 0x000000008d200000, 0x000000008d300000|  0%| F|  |TAMS 0x000000008d200000, 0x000000008d200000| Untracked 
| 211|0x000000008d300000, 0x000000008d300000, 0x000000008d400000|  0%| F|  |TAMS 0x000000008d300000, 0x000000008d300000| Untracked 
| 212|0x000000008d400000, 0x000000008d400000, 0x000000008d500000|  0%| F|  |TAMS 0x000000008d400000, 0x000000008d400000| Untracked 
| 213|0x000000008d500000, 0x000000008d500000, 0x000000008d600000|  0%| F|  |TAMS 0x000000008d500000, 0x000000008d500000| Untracked 
| 214|0x000000008d600000, 0x000000008d600000, 0x000000008d700000|  0%| F|  |TAMS 0x000000008d600000, 0x000000008d600000| Untracked 
| 215|0x000000008d700000, 0x000000008d700000, 0x000000008d800000|  0%| F|  |TAMS 0x000000008d700000, 0x000000008d700000| Untracked 
| 216|0x000000008d800000, 0x000000008d800000, 0x000000008d900000|  0%| F|  |TAMS 0x000000008d800000, 0x000000008d800000| Untracked 
| 217|0x000000008d900000, 0x000000008d900000, 0x000000008da00000|  0%| F|  |TAMS 0x000000008d900000, 0x000000008d900000| Untracked 
| 218|0x000000008da00000, 0x000000008da00000, 0x000000008db00000|  0%| F|  |TAMS 0x000000008da00000, 0x000000008da00000| Untracked 
| 219|0x000000008db00000, 0x000000008db00000, 0x000000008dc00000|  0%| F|  |TAMS 0x000000008db00000, 0x000000008db00000| Untracked 
| 220|0x000000008dc00000, 0x000000008dc00000, 0x000000008dd00000|  0%| F|  |TAMS 0x000000008dc00000, 0x000000008dc00000| Untracked 
| 221|0x000000008dd00000, 0x000000008dd00000, 0x000000008de00000|  0%| F|  |TAMS 0x000000008dd00000, 0x000000008dd00000| Untracked 
| 222|0x000000008de00000, 0x000000008de00000, 0x000000008df00000|  0%| F|  |TAMS 0x000000008de00000, 0x000000008de00000| Untracked 
| 223|0x000000008df00000, 0x000000008df00000, 0x000000008e000000|  0%| F|  |TAMS 0x000000008df00000, 0x000000008df00000| Untracked 
| 224|0x000000008e000000, 0x000000008e000000, 0x000000008e100000|  0%| F|  |TAMS 0x000000008e000000, 0x000000008e000000| Untracked 
| 225|0x000000008e100000, 0x000000008e100000, 0x000000008e200000|  0%| F|  |TAMS 0x000000008e100000, 0x000000008e100000| Untracked 
| 226|0x000000008e200000, 0x000000008e200000, 0x000000008e300000|  0%| F|  |TAMS 0x000000008e200000, 0x000000008e200000| Untracked 
| 227|0x000000008e300000, 0x000000008e300000, 0x000000008e400000|  0%| F|  |TAMS 0x000000008e300000, 0x000000008e300000| Untracked 
| 228|0x000000008e400000, 0x000000008e400000, 0x000000008e500000|  0%| F|  |TAMS 0x000000008e400000, 0x000000008e400000| Untracked 
| 229|0x000000008e500000, 0x000000008e500000, 0x000000008e600000|  0%| F|  |TAMS 0x000000008e500000, 0x000000008e500000| Untracked 
| 230|0x000000008e600000, 0x000000008e600000, 0x000000008e700000|  0%| F|  |TAMS 0x000000008e600000, 0x000000008e600000| Untracked 
| 231|0x000000008e700000, 0x000000008e700000, 0x000000008e800000|  0%| F|  |TAMS 0x000000008e700000, 0x000000008e700000| Untracked 
| 232|0x000000008e800000, 0x000000008e800000, 0x000000008e900000|  0%| F|  |TAMS 0x000000008e800000, 0x000000008e800000| Untracked 
| 233|0x000000008e900000, 0x000000008e900000, 0x000000008ea00000|  0%| F|  |TAMS 0x000000008e900000, 0x000000008e900000| Untracked 
| 234|0x000000008ea00000, 0x000000008ea00000, 0x000000008eb00000|  0%| F|  |TAMS 0x000000008ea00000, 0x000000008ea00000| Untracked 
| 235|0x000000008eb00000, 0x000000008eb00000, 0x000000008ec00000|  0%| F|  |TAMS 0x000000008eb00000, 0x000000008eb00000| Untracked 
| 236|0x000000008ec00000, 0x000000008ec00000, 0x000000008ed00000|  0%| F|  |TAMS 0x000000008ec00000, 0x000000008ec00000| Untracked 
| 237|0x000000008ed00000, 0x000000008ed00000, 0x000000008ee00000|  0%| F|  |TAMS 0x000000008ed00000, 0x000000008ed00000| Untracked 
| 238|0x000000008ee00000, 0x000000008ee00000, 0x000000008ef00000|  0%| F|  |TAMS 0x000000008ee00000, 0x000000008ee00000| Untracked 
| 239|0x000000008ef00000, 0x000000008ef00000, 0x000000008f000000|  0%| F|  |TAMS 0x000000008ef00000, 0x000000008ef00000| Untracked 
| 240|0x000000008f000000, 0x000000008f000000, 0x000000008f100000|  0%| F|  |TAMS 0x000000008f000000, 0x000000008f000000| Untracked 
| 241|0x000000008f100000, 0x000000008f100000, 0x000000008f200000|  0%| F|  |TAMS 0x000000008f100000, 0x000000008f100000| Untracked 
| 242|0x000000008f200000, 0x000000008f200000, 0x000000008f300000|  0%| F|  |TAMS 0x000000008f200000, 0x000000008f200000| Untracked 
| 243|0x000000008f300000, 0x000000008f300000, 0x000000008f400000|  0%| F|  |TAMS 0x000000008f300000, 0x000000008f300000| Untracked 
| 244|0x000000008f400000, 0x000000008f400000, 0x000000008f500000|  0%| F|  |TAMS 0x000000008f400000, 0x000000008f400000| Untracked 
| 245|0x000000008f500000, 0x000000008f500000, 0x000000008f600000|  0%| F|  |TAMS 0x000000008f500000, 0x000000008f500000| Untracked 
| 246|0x000000008f600000, 0x000000008f600000, 0x000000008f700000|  0%| F|  |TAMS 0x000000008f600000, 0x000000008f600000| Untracked 
| 247|0x000000008f700000, 0x000000008f700000, 0x000000008f800000|  0%| F|  |TAMS 0x000000008f700000, 0x000000008f700000| Untracked 
| 248|0x000000008f800000, 0x000000008f800000, 0x000000008f900000|  0%| F|  |TAMS 0x000000008f800000, 0x000000008f800000| Untracked 
| 249|0x000000008f900000, 0x000000008f900000, 0x000000008fa00000|  0%| F|  |TAMS 0x000000008f900000, 0x000000008f900000| Untracked 
| 250|0x000000008fa00000, 0x000000008fa00000, 0x000000008fb00000|  0%| F|  |TAMS 0x000000008fa00000, 0x000000008fa00000| Untracked 
| 251|0x000000008fb00000, 0x000000008fb00000, 0x000000008fc00000|  0%| F|  |TAMS 0x000000008fb00000, 0x000000008fb00000| Untracked 
| 252|0x000000008fc00000, 0x000000008fc00000, 0x000000008fd00000|  0%| F|  |TAMS 0x000000008fc00000, 0x000000008fc00000| Untracked 
| 253|0x000000008fd00000, 0x000000008fd00000, 0x000000008fe00000|  0%| F|  |TAMS 0x000000008fd00000, 0x000000008fd00000| Untracked 
| 254|0x000000008fe00000, 0x000000008fe00000, 0x000000008ff00000|  0%| F|  |TAMS 0x000000008fe00000, 0x000000008fe00000| Untracked 
| 255|0x000000008ff00000, 0x000000008ff00000, 0x0000000090000000|  0%| F|  |TAMS 0x000000008ff00000, 0x000000008ff00000| Untracked 
| 256|0x0000000090000000, 0x0000000090000000, 0x0000000090100000|  0%| F|  |TAMS 0x0000000090000000, 0x0000000090000000| Untracked 
| 257|0x0000000090100000, 0x0000000090100000, 0x0000000090200000|  0%| F|  |TAMS 0x0000000090100000, 0x0000000090100000| Untracked 
| 258|0x0000000090200000, 0x0000000090200000, 0x0000000090300000|  0%| F|  |TAMS 0x0000000090200000, 0x0000000090200000| Untracked 
| 259|0x0000000090300000, 0x0000000090300000, 0x0000000090400000|  0%| F|  |TAMS 0x0000000090300000, 0x0000000090300000| Untracked 
| 260|0x0000000090400000, 0x0000000090400000, 0x0000000090500000|  0%| F|  |TAMS 0x0000000090400000, 0x0000000090400000| Untracked 
| 261|0x0000000090500000, 0x0000000090500000, 0x0000000090600000|  0%| F|  |TAMS 0x0000000090500000, 0x0000000090500000| Untracked 
| 262|0x0000000090600000, 0x0000000090600000, 0x0000000090700000|  0%| F|  |TAMS 0x0000000090600000, 0x0000000090600000| Untracked 
| 263|0x0000000090700000, 0x0000000090700000, 0x0000000090800000|  0%| F|  |TAMS 0x0000000090700000, 0x0000000090700000| Untracked 
| 264|0x0000000090800000, 0x0000000090800000, 0x0000000090900000|  0%| F|  |TAMS 0x0000000090800000, 0x0000000090800000| Untracked 
| 265|0x0000000090900000, 0x0000000090900000, 0x0000000090a00000|  0%| F|  |TAMS 0x0000000090900000, 0x0000000090900000| Untracked 
| 266|0x0000000090a00000, 0x0000000090a00000, 0x0000000090b00000|  0%| F|  |TAMS 0x0000000090a00000, 0x0000000090a00000| Untracked 
| 267|0x0000000090b00000, 0x0000000090b00000, 0x0000000090c00000|  0%| F|  |TAMS 0x0000000090b00000, 0x0000000090b00000| Untracked 
| 268|0x0000000090c00000, 0x0000000090c00000, 0x0000000090d00000|  0%| F|  |TAMS 0x0000000090c00000, 0x0000000090c00000| Untracked 
| 269|0x0000000090d00000, 0x0000000090d00000, 0x0000000090e00000|  0%| F|  |TAMS 0x0000000090d00000, 0x0000000090d00000| Untracked 
| 270|0x0000000090e00000, 0x0000000090e00000, 0x0000000090f00000|  0%| F|  |TAMS 0x0000000090e00000, 0x0000000090e00000| Untracked 
| 271|0x0000000090f00000, 0x0000000090f00000, 0x0000000091000000|  0%| F|  |TAMS 0x0000000090f00000, 0x0000000090f00000| Untracked 
| 272|0x0000000091000000, 0x0000000091000000, 0x0000000091100000|  0%| F|  |TAMS 0x0000000091000000, 0x0000000091000000| Untracked 
| 273|0x0000000091100000, 0x0000000091100000, 0x0000000091200000|  0%| F|  |TAMS 0x0000000091100000, 0x0000000091100000| Untracked 
| 274|0x0000000091200000, 0x0000000091200000, 0x0000000091300000|  0%| F|  |TAMS 0x0000000091200000, 0x0000000091200000| Untracked 
| 275|0x0000000091300000, 0x0000000091300000, 0x0000000091400000|  0%| F|  |TAMS 0x0000000091300000, 0x0000000091300000| Untracked 
| 276|0x0000000091400000, 0x0000000091400000, 0x0000000091500000|  0%| F|  |TAMS 0x0000000091400000, 0x0000000091400000| Untracked 
| 277|0x0000000091500000, 0x0000000091500000, 0x0000000091600000|  0%| F|  |TAMS 0x0000000091500000, 0x0000000091500000| Untracked 
| 278|0x0000000091600000, 0x0000000091600000, 0x0000000091700000|  0%| F|  |TAMS 0x0000000091600000, 0x0000000091600000| Untracked 
| 279|0x0000000091700000, 0x0000000091700000, 0x0000000091800000|  0%| F|  |TAMS 0x0000000091700000, 0x0000000091700000| Untracked 
| 280|0x0000000091800000, 0x0000000091800000, 0x0000000091900000|  0%| F|  |TAMS 0x0000000091800000, 0x0000000091800000| Untracked 
| 281|0x0000000091900000, 0x0000000091900000, 0x0000000091a00000|  0%| F|  |TAMS 0x0000000091900000, 0x0000000091900000| Untracked 
| 282|0x0000000091a00000, 0x0000000091a00000, 0x0000000091b00000|  0%| F|  |TAMS 0x0000000091a00000, 0x0000000091a00000| Untracked 
| 283|0x0000000091b00000, 0x0000000091b00000, 0x0000000091c00000|  0%| F|  |TAMS 0x0000000091b00000, 0x0000000091b00000| Untracked 
| 284|0x0000000091c00000, 0x0000000091c00000, 0x0000000091d00000|  0%| F|  |TAMS 0x0000000091c00000, 0x0000000091c00000| Untracked 
| 285|0x0000000091d00000, 0x0000000091d00000, 0x0000000091e00000|  0%| F|  |TAMS 0x0000000091d00000, 0x0000000091d00000| Untracked 
| 286|0x0000000091e00000, 0x0000000091e00000, 0x0000000091f00000|  0%| F|  |TAMS 0x0000000091e00000, 0x0000000091e00000| Untracked 
| 287|0x0000000091f00000, 0x0000000091f00000, 0x0000000092000000|  0%| F|  |TAMS 0x0000000091f00000, 0x0000000091f00000| Untracked 
| 288|0x0000000092000000, 0x0000000092000000, 0x0000000092100000|  0%| F|  |TAMS 0x0000000092000000, 0x0000000092000000| Untracked 
| 289|0x0000000092100000, 0x0000000092100000, 0x0000000092200000|  0%| F|  |TAMS 0x0000000092100000, 0x0000000092100000| Untracked 
| 290|0x0000000092200000, 0x0000000092200000, 0x0000000092300000|  0%| F|  |TAMS 0x0000000092200000, 0x0000000092200000| Untracked 
| 291|0x0000000092300000, 0x0000000092300000, 0x0000000092400000|  0%| F|  |TAMS 0x0000000092300000, 0x0000000092300000| Untracked 
| 292|0x0000000092400000, 0x0000000092400000, 0x0000000092500000|  0%| F|  |TAMS 0x0000000092400000, 0x0000000092400000| Untracked 
| 293|0x0000000092500000, 0x0000000092500000, 0x0000000092600000|  0%| F|  |TAMS 0x0000000092500000, 0x0000000092500000| Untracked 
| 294|0x0000000092600000, 0x0000000092600000, 0x0000000092700000|  0%| F|  |TAMS 0x0000000092600000, 0x0000000092600000| Untracked 
| 295|0x0000000092700000, 0x0000000092700000, 0x0000000092800000|  0%| F|  |TAMS 0x0000000092700000, 0x0000000092700000| Untracked 
| 296|0x0000000092800000, 0x0000000092800000, 0x0000000092900000|  0%| F|  |TAMS 0x0000000092800000, 0x0000000092800000| Untracked 
| 297|0x0000000092900000, 0x0000000092900000, 0x0000000092a00000|  0%| F|  |TAMS 0x0000000092900000, 0x0000000092900000| Untracked 
| 298|0x0000000092a00000, 0x0000000092a00000, 0x0000000092b00000|  0%| F|  |TAMS 0x0000000092a00000, 0x0000000092a00000| Untracked 
| 299|0x0000000092b00000, 0x0000000092b00000, 0x0000000092c00000|  0%| F|  |TAMS 0x0000000092b00000, 0x0000000092b00000| Untracked 
| 300|0x0000000092c00000, 0x0000000092c00000, 0x0000000092d00000|  0%| F|  |TAMS 0x0000000092c00000, 0x0000000092c00000| Untracked 
| 301|0x0000000092d00000, 0x0000000092d00000, 0x0000000092e00000|  0%| F|  |TAMS 0x0000000092d00000, 0x0000000092d00000| Untracked 
| 302|0x0000000092e00000, 0x0000000092e00000, 0x0000000092f00000|  0%| F|  |TAMS 0x0000000092e00000, 0x0000000092e00000| Untracked 
| 303|0x0000000092f00000, 0x0000000092f00000, 0x0000000093000000|  0%| F|  |TAMS 0x0000000092f00000, 0x0000000092f00000| Untracked 
| 304|0x0000000093000000, 0x0000000093000000, 0x0000000093100000|  0%| F|  |TAMS 0x0000000093000000, 0x0000000093000000| Untracked 
| 305|0x0000000093100000, 0x0000000093100000, 0x0000000093200000|  0%| F|  |TAMS 0x0000000093100000, 0x0000000093100000| Untracked 
| 306|0x0000000093200000, 0x0000000093200000, 0x0000000093300000|  0%| F|  |TAMS 0x0000000093200000, 0x0000000093200000| Untracked 
| 307|0x0000000093300000, 0x0000000093300000, 0x0000000093400000|  0%| F|  |TAMS 0x0000000093300000, 0x0000000093300000| Untracked 
| 308|0x0000000093400000, 0x0000000093400000, 0x0000000093500000|  0%| F|  |TAMS 0x0000000093400000, 0x0000000093400000| Untracked 
| 309|0x0000000093500000, 0x0000000093500000, 0x0000000093600000|  0%| F|  |TAMS 0x0000000093500000, 0x0000000093500000| Untracked 
| 310|0x0000000093600000, 0x0000000093600000, 0x0000000093700000|  0%| F|  |TAMS 0x0000000093600000, 0x0000000093600000| Untracked 
| 311|0x0000000093700000, 0x0000000093700000, 0x0000000093800000|  0%| F|  |TAMS 0x0000000093700000, 0x0000000093700000| Untracked 
| 312|0x0000000093800000, 0x0000000093800000, 0x0000000093900000|  0%| F|  |TAMS 0x0000000093800000, 0x0000000093800000| Untracked 
| 313|0x0000000093900000, 0x0000000093900000, 0x0000000093a00000|  0%| F|  |TAMS 0x0000000093900000, 0x0000000093900000| Untracked 
| 314|0x0000000093a00000, 0x0000000093a00000, 0x0000000093b00000|  0%| F|  |TAMS 0x0000000093a00000, 0x0000000093a00000| Untracked 
| 315|0x0000000093b00000, 0x0000000093b00000, 0x0000000093c00000|  0%| F|  |TAMS 0x0000000093b00000, 0x0000000093b00000| Untracked 
| 316|0x0000000093c00000, 0x0000000093c00000, 0x0000000093d00000|  0%| F|  |TAMS 0x0000000093c00000, 0x0000000093c00000| Untracked 
| 317|0x0000000093d00000, 0x0000000093d00000, 0x0000000093e00000|  0%| F|  |TAMS 0x0000000093d00000, 0x0000000093d00000| Untracked 
| 318|0x0000000093e00000, 0x0000000093e00000, 0x0000000093f00000|  0%| F|  |TAMS 0x0000000093e00000, 0x0000000093e00000| Untracked 
| 319|0x0000000093f00000, 0x0000000093f00000, 0x0000000094000000|  0%| F|  |TAMS 0x0000000093f00000, 0x0000000093f00000| Untracked 
| 320|0x0000000094000000, 0x0000000094000000, 0x0000000094100000|  0%| F|  |TAMS 0x0000000094000000, 0x0000000094000000| Untracked 
| 321|0x0000000094100000, 0x0000000094100000, 0x0000000094200000|  0%| F|  |TAMS 0x0000000094100000, 0x0000000094100000| Untracked 
| 322|0x0000000094200000, 0x0000000094200000, 0x0000000094300000|  0%| F|  |TAMS 0x0000000094200000, 0x0000000094200000| Untracked 
| 323|0x0000000094300000, 0x0000000094300000, 0x0000000094400000|  0%| F|  |TAMS 0x0000000094300000, 0x0000000094300000| Untracked 
| 324|0x0000000094400000, 0x0000000094400000, 0x0000000094500000|  0%| F|  |TAMS 0x0000000094400000, 0x0000000094400000| Untracked 
| 325|0x0000000094500000, 0x0000000094500000, 0x0000000094600000|  0%| F|  |TAMS 0x0000000094500000, 0x0000000094500000| Untracked 
| 326|0x0000000094600000, 0x0000000094600000, 0x0000000094700000|  0%| F|  |TAMS 0x0000000094600000, 0x0000000094600000| Untracked 
| 327|0x0000000094700000, 0x0000000094700000, 0x0000000094800000|  0%| F|  |TAMS 0x0000000094700000, 0x0000000094700000| Untracked 
| 328|0x0000000094800000, 0x0000000094800000, 0x0000000094900000|  0%| F|  |TAMS 0x0000000094800000, 0x0000000094800000| Untracked 
| 329|0x0000000094900000, 0x0000000094900000, 0x0000000094a00000|  0%| F|  |TAMS 0x0000000094900000, 0x0000000094900000| Untracked 
| 330|0x0000000094a00000, 0x0000000094a00000, 0x0000000094b00000|  0%| F|  |TAMS 0x0000000094a00000, 0x0000000094a00000| Untracked 
| 331|0x0000000094b00000, 0x0000000094b00000, 0x0000000094c00000|  0%| F|  |TAMS 0x0000000094b00000, 0x0000000094b00000| Untracked 
| 332|0x0000000094c00000, 0x0000000094c00000, 0x0000000094d00000|  0%| F|  |TAMS 0x0000000094c00000, 0x0000000094c00000| Untracked 
| 333|0x0000000094d00000, 0x0000000094d00000, 0x0000000094e00000|  0%| F|  |TAMS 0x0000000094d00000, 0x0000000094d00000| Untracked 
| 334|0x0000000094e00000, 0x0000000094e00000, 0x0000000094f00000|  0%| F|  |TAMS 0x0000000094e00000, 0x0000000094e00000| Untracked 
| 335|0x0000000094f00000, 0x0000000094f00000, 0x0000000095000000|  0%| F|  |TAMS 0x0000000094f00000, 0x0000000094f00000| Untracked 
| 336|0x0000000095000000, 0x0000000095000000, 0x0000000095100000|  0%| F|  |TAMS 0x0000000095000000, 0x0000000095000000| Untracked 
| 337|0x0000000095100000, 0x0000000095100000, 0x0000000095200000|  0%| F|  |TAMS 0x0000000095100000, 0x0000000095100000| Untracked 
| 338|0x0000000095200000, 0x0000000095200000, 0x0000000095300000|  0%| F|  |TAMS 0x0000000095200000, 0x0000000095200000| Untracked 
| 339|0x0000000095300000, 0x0000000095300000, 0x0000000095400000|  0%| F|  |TAMS 0x0000000095300000, 0x0000000095300000| Untracked 
| 340|0x0000000095400000, 0x0000000095400000, 0x0000000095500000|  0%| F|  |TAMS 0x0000000095400000, 0x0000000095400000| Untracked 
| 341|0x0000000095500000, 0x0000000095500000, 0x0000000095600000|  0%| F|  |TAMS 0x0000000095500000, 0x0000000095500000| Untracked 
| 342|0x0000000095600000, 0x0000000095600000, 0x0000000095700000|  0%| F|  |TAMS 0x0000000095600000, 0x0000000095600000| Untracked 
| 343|0x0000000095700000, 0x0000000095700000, 0x0000000095800000|  0%| F|  |TAMS 0x0000000095700000, 0x0000000095700000| Untracked 
| 344|0x0000000095800000, 0x0000000095800000, 0x0000000095900000|  0%| F|  |TAMS 0x0000000095800000, 0x0000000095800000| Untracked 
| 345|0x0000000095900000, 0x0000000095900000, 0x0000000095a00000|  0%| F|  |TAMS 0x0000000095900000, 0x0000000095900000| Untracked 
| 346|0x0000000095a00000, 0x0000000095a00000, 0x0000000095b00000|  0%| F|  |TAMS 0x0000000095a00000, 0x0000000095a00000| Untracked 
| 347|0x0000000095b00000, 0x0000000095b00000, 0x0000000095c00000|  0%| F|  |TAMS 0x0000000095b00000, 0x0000000095b00000| Untracked 
| 348|0x0000000095c00000, 0x0000000095c00000, 0x0000000095d00000|  0%| F|  |TAMS 0x0000000095c00000, 0x0000000095c00000| Untracked 
| 349|0x0000000095d00000, 0x0000000095d00000, 0x0000000095e00000|  0%| F|  |TAMS 0x0000000095d00000, 0x0000000095d00000| Untracked 
| 350|0x0000000095e00000, 0x0000000095e00000, 0x0000000095f00000|  0%| F|  |TAMS 0x0000000095e00000, 0x0000000095e00000| Untracked 
| 351|0x0000000095f00000, 0x0000000095f00000, 0x0000000096000000|  0%| F|  |TAMS 0x0000000095f00000, 0x0000000095f00000| Untracked 
| 352|0x0000000096000000, 0x0000000096000000, 0x0000000096100000|  0%| F|  |TAMS 0x0000000096000000, 0x0000000096000000| Untracked 
| 353|0x0000000096100000, 0x0000000096100000, 0x0000000096200000|  0%| F|  |TAMS 0x0000000096100000, 0x0000000096100000| Untracked 
| 354|0x0000000096200000, 0x0000000096200000, 0x0000000096300000|  0%| F|  |TAMS 0x0000000096200000, 0x0000000096200000| Untracked 
| 355|0x0000000096300000, 0x0000000096300000, 0x0000000096400000|  0%| F|  |TAMS 0x0000000096300000, 0x0000000096300000| Untracked 
| 356|0x0000000096400000, 0x0000000096400000, 0x0000000096500000|  0%| F|  |TAMS 0x0000000096400000, 0x0000000096400000| Untracked 
| 357|0x0000000096500000, 0x0000000096500000, 0x0000000096600000|  0%| F|  |TAMS 0x0000000096500000, 0x0000000096500000| Untracked 
| 358|0x0000000096600000, 0x0000000096600000, 0x0000000096700000|  0%| F|  |TAMS 0x0000000096600000, 0x0000000096600000| Untracked 
| 359|0x0000000096700000, 0x0000000096700000, 0x0000000096800000|  0%| F|  |TAMS 0x0000000096700000, 0x0000000096700000| Untracked 
| 360|0x0000000096800000, 0x0000000096800000, 0x0000000096900000|  0%| F|  |TAMS 0x0000000096800000, 0x0000000096800000| Untracked 
| 361|0x0000000096900000, 0x0000000096900000, 0x0000000096a00000|  0%| F|  |TAMS 0x0000000096900000, 0x0000000096900000| Untracked 
| 362|0x0000000096a00000, 0x0000000096a00000, 0x0000000096b00000|  0%| F|  |TAMS 0x0000000096a00000, 0x0000000096a00000| Untracked 
| 363|0x0000000096b00000, 0x0000000096b00000, 0x0000000096c00000|  0%| F|  |TAMS 0x0000000096b00000, 0x0000000096b00000| Untracked 
| 364|0x0000000096c00000, 0x0000000096c00000, 0x0000000096d00000|  0%| F|  |TAMS 0x0000000096c00000, 0x0000000096c00000| Untracked 
| 365|0x0000000096d00000, 0x0000000096d00000, 0x0000000096e00000|  0%| F|  |TAMS 0x0000000096d00000, 0x0000000096d00000| Untracked 
| 366|0x0000000096e00000, 0x0000000096e00000, 0x0000000096f00000|  0%| F|  |TAMS 0x0000000096e00000, 0x0000000096e00000| Untracked 
| 367|0x0000000096f00000, 0x0000000096f00000, 0x0000000097000000|  0%| F|  |TAMS 0x0000000096f00000, 0x0000000096f00000| Untracked 
| 368|0x0000000097000000, 0x0000000097000000, 0x0000000097100000|  0%| F|  |TAMS 0x0000000097000000, 0x0000000097000000| Untracked 
| 369|0x0000000097100000, 0x0000000097100000, 0x0000000097200000|  0%| F|  |TAMS 0x0000000097100000, 0x0000000097100000| Untracked 
| 370|0x0000000097200000, 0x0000000097200000, 0x0000000097300000|  0%| F|  |TAMS 0x0000000097200000, 0x0000000097200000| Untracked 
| 371|0x0000000097300000, 0x0000000097300000, 0x0000000097400000|  0%| F|  |TAMS 0x0000000097300000, 0x0000000097300000| Untracked 
| 372|0x0000000097400000, 0x0000000097400000, 0x0000000097500000|  0%| F|  |TAMS 0x0000000097400000, 0x0000000097400000| Untracked 
| 373|0x0000000097500000, 0x0000000097500000, 0x0000000097600000|  0%| F|  |TAMS 0x0000000097500000, 0x0000000097500000| Untracked 
| 374|0x0000000097600000, 0x0000000097600000, 0x0000000097700000|  0%| F|  |TAMS 0x0000000097600000, 0x0000000097600000| Untracked 
| 375|0x0000000097700000, 0x0000000097700000, 0x0000000097800000|  0%| F|  |TAMS 0x0000000097700000, 0x0000000097700000| Untracked 
| 376|0x0000000097800000, 0x0000000097800000, 0x0000000097900000|  0%| F|  |TAMS 0x0000000097800000, 0x0000000097800000| Untracked 

Card table byte_map: [0x000001ba7bf30000,0x000001ba7c330000] _byte_map_base: 0x000001ba7bb30000

Marking Bits (Prev, Next): (CMBitMap*) 0x000001ba77b82668, (CMBitMap*) 0x000001ba77b826a0
 Prev Bits: [0x000001ba7c730000, 0x000001ba7e730000)
 Next Bits: [0x000001ba0f000000, 0x000001ba11000000)

Polling page: 0x000001ba757e0000

Metaspace:

Usage:
  Non-class:     43.55 MB capacity,    42.77 MB ( 98%) used,   673.43 KB (  2%) free+waste,   134.94 KB ( <1%) overhead. 
      Class:      6.69 MB capacity,     6.22 MB ( 93%) used,   414.52 KB (  6%) free+waste,    64.38 KB ( <1%) overhead. 
       Both:     50.25 MB capacity,    48.99 MB ( 97%) used,     1.06 MB (  2%) free+waste,   199.31 KB ( <1%) overhead. 

Virtual space:
  Non-class space:       44.00 MB reserved,      43.75 MB (>99%) committed 
      Class space:        1.00 GB reserved,       6.75 MB ( <1%) committed 
             Both:        1.04 GB reserved,      50.50 MB (  5%) committed 

Chunk freelists:
   Non-Class:  8.00 KB
       Class:  0 bytes
        Both:  8.00 KB

MaxMetaspaceSize: 17179869184.00 GB
CompressedClassSpaceSize: 1.00 GB
Initial GC threshold: 20.80 MB
Current GC threshold: 82.71 MB
CDS: off

CodeHeap 'non-profiled nmethods': size=120000Kb used=5719Kb max_used=5719Kb free=114280Kb
 bounds [0x000001ba07ad0000, 0x000001ba08070000, 0x000001ba0f000000]
CodeHeap 'profiled nmethods': size=120000Kb used=13949Kb max_used=13949Kb free=106050Kb
 bounds [0x000001ba005a0000, 0x000001ba01340000, 0x000001ba07ad0000]
CodeHeap 'non-nmethods': size=5760Kb used=2295Kb max_used=2367Kb free=3465Kb
 bounds [0x000001ba00000000, 0x000001ba00270000, 0x000001ba005a0000]
 total_blobs=6878 nmethods=6080 adapters=710
 compilation: enabled
              stopped_count=0, restarted_count=0
 full_count=0

Compilation events (20 events):
Event: 20.547 Thread 0x000001ba7ff85800 6216       1       org.gradle.cache.internal.CacheAccessWorker::access$300 (5 bytes)
Event: 20.547 Thread 0x000001ba7ff85800 nmethod 6216 0x000001ba08060290 code [0x000001ba08060440, 0x000001ba080604d8]
Event: 20.551 Thread 0x000001ba7ff82800 nmethod 6086 0x000001ba08060590 code [0x000001ba080607a0, 0x000001ba08060e80]
Event: 20.551 Thread 0x000001ba7ff82800 6026       4       org.objectweb.asm.Type::getInternalName (16 bytes)
Event: 20.554 Thread 0x000001ba7ff85800 6217       2       java.util.Spliterators$ArraySpliterator::forEachRemaining (68 bytes)
Event: 20.554 Thread 0x000001ba7ff85800 nmethod 6217 0x000001ba0133f190 code [0x000001ba0133f360, 0x000001ba0133f638]
Event: 20.556 Thread 0x000001ba7ff82800 nmethod 6026 0x000001ba08061210 code [0x000001ba080613c0, 0x000001ba08061938]
Event: 20.556 Thread 0x000001ba7ff82800 6103       4       java.lang.String::<init> (14 bytes)
Event: 20.560 Thread 0x000001ba7ff82800 nmethod 6103 0x000001ba08061c10 code [0x000001ba08061dc0, 0x000001ba08062458]
Event: 20.560 Thread 0x000001ba7ff82800 5583       4       groovyjarjarantlr4.v4.runtime.atn.AtomTransition::matches (14 bytes)
Event: 20.561 Thread 0x000001ba7ff82800 nmethod 5583 0x000001ba08062710 code [0x000001ba080628a0, 0x000001ba08062918]
Event: 20.561 Thread 0x000001ba7ff82800 6156       4       org.objectweb.asm.SymbolTable::addConstantClass (8 bytes)
Event: 20.561 Thread 0x000001ba7ff82800 nmethod 6156 0x000001ba08062a10 code [0x000001ba08062ba0, 0x000001ba08062c28]
Event: 20.561 Thread 0x000001ba7ff82800 6085       4       org.objectweb.asm.MethodVisitor::visitAnnotation (19 bytes)
Event: 20.561 Thread 0x000001ba7ff82800 nmethod 6085 0x000001ba08062d10 code [0x000001ba08062ea0, 0x000001ba08062f58]
Event: 20.561 Thread 0x000001ba7ff82800 6114       4       org.objectweb.asm.MethodVisitor::visitIincInsn (17 bytes)
Event: 20.580 Thread 0x000001ba7ff82800 nmethod 6114 0x000001ba08063010 code [0x000001ba08063280, 0x000001ba08064e60]
Event: 20.580 Thread 0x000001ba7ff82800 6112       4       org.apache.tools.zip.ZipOutputStream::checkIfNeedsZip64 (44 bytes)
Event: 20.581 Thread 0x000001ba7ff82800 nmethod 6112 0x000001ba08065990 code [0x000001ba08065b20, 0x000001ba08065c38]
Event: 20.581 Thread 0x000001ba7ff82800 6115       4       org.apache.tools.zip.ZipOutputStream::closeEntry (66 bytes)

GC Heap History (20 events):
Event: 16.336 GC heap after
{Heap after GC invocations=68 (full 0):
 garbage-first heap   total 267264K, used 101419K [0x0000000080000000, 0x0000000100000000)
  region size 1024K, 10 young (10240K), 10 survivors (10240K)
 Metaspace       used 50140K, capacity 51451K, committed 51712K, reserved 1093632K
  class space    used 6371K, capacity 6852K, committed 6912K, reserved 1048576K
}
Event: 16.477 GC heap before
{Heap before GC invocations=68 (full 0):
 garbage-first heap   total 267264K, used 228395K [0x0000000080000000, 0x0000000100000000)
  region size 1024K, 134 young (137216K), 10 survivors (10240K)
 Metaspace       used 50148K, capacity 51451K, committed 51712K, reserved 1093632K
  class space    used 6371K, capacity 6852K, committed 6912K, reserved 1048576K
}
Event: 16.483 GC heap after
{Heap after GC invocations=69 (full 0):
 garbage-first heap   total 321536K, used 103043K [0x0000000080000000, 0x0000000100000000)
  region size 1024K, 11 young (11264K), 11 survivors (11264K)
 Metaspace       used 50148K, capacity 51451K, committed 51712K, reserved 1093632K
  class space    used 6371K, capacity 6852K, committed 6912K, reserved 1048576K
}
Event: 16.678 GC heap before
{Heap before GC invocations=69 (full 0):
 garbage-first heap   total 321536K, used 263811K [0x0000000080000000, 0x0000000100000000)
  region size 1024K, 168 young (172032K), 11 survivors (11264K)
 Metaspace       used 50149K, capacity 51451K, committed 51712K, reserved 1093632K
  class space    used 6371K, capacity 6852K, committed 6912K, reserved 1048576K
}
Event: 16.683 GC heap after
{Heap after GC invocations=70 (full 0):
 garbage-first heap   total 321536K, used 101375K [0x0000000080000000, 0x0000000100000000)
  region size 1024K, 10 young (10240K), 10 survivors (10240K)
 Metaspace       used 50149K, capacity 51451K, committed 51712K, reserved 1093632K
  class space    used 6371K, capacity 6852K, committed 6912K, reserved 1048576K
}
Event: 16.872 GC heap before
{Heap before GC invocations=70 (full 0):
 garbage-first heap   total 321536K, used 276479K [0x0000000080000000, 0x0000000100000000)
  region size 1024K, 175 young (179200K), 10 survivors (10240K)
 Metaspace       used 50149K, capacity 51451K, committed 51712K, reserved 1093632K
  class space    used 6371K, capacity 6852K, committed 6912K, reserved 1048576K
}
Event: 16.877 GC heap after
{Heap after GC invocations=71 (full 0):
 garbage-first heap   total 321536K, used 105753K [0x0000000080000000, 0x0000000100000000)
  region size 1024K, 12 young (12288K), 12 survivors (12288K)
 Metaspace       used 50149K, capacity 51451K, committed 51712K, reserved 1093632K
  class space    used 6371K, capacity 6852K, committed 6912K, reserved 1048576K
}
Event: 17.097 GC heap before
{Heap before GC invocations=71 (full 0):
 garbage-first heap   total 321536K, used 276761K [0x0000000080000000, 0x0000000100000000)
  region size 1024K, 176 young (180224K), 12 survivors (12288K)
 Metaspace       used 50149K, capacity 51451K, committed 51712K, reserved 1093632K
  class space    used 6371K, capacity 6852K, committed 6912K, reserved 1048576K
}
Event: 17.105 GC heap after
{Heap after GC invocations=72 (full 0):
 garbage-first heap   total 321536K, used 104498K [0x0000000080000000, 0x0000000100000000)
  region size 1024K, 12 young (12288K), 12 survivors (12288K)
 Metaspace       used 50149K, capacity 51451K, committed 51712K, reserved 1093632K
  class space    used 6371K, capacity 6852K, committed 6912K, reserved 1048576K
}
Event: 17.341 GC heap before
{Heap before GC invocations=72 (full 0):
 garbage-first heap   total 321536K, used 273458K [0x0000000080000000, 0x0000000100000000)
  region size 1024K, 177 young (181248K), 12 survivors (12288K)
 Metaspace       used 50149K, capacity 51451K, committed 51712K, reserved 1093632K
  class space    used 6371K, capacity 6852K, committed 6912K, reserved 1048576K
}
Event: 17.348 GC heap after
{Heap after GC invocations=73 (full 0):
 garbage-first heap   total 321536K, used 106348K [0x0000000080000000, 0x0000000100000000)
  region size 1024K, 14 young (14336K), 14 survivors (14336K)
 Metaspace       used 50149K, capacity 51451K, committed 51712K, reserved 1093632K
  class space    used 6371K, capacity 6852K, committed 6912K, reserved 1048576K
}
Event: 17.595 GC heap before
{Heap before GC invocations=73 (full 0):
 garbage-first heap   total 321536K, used 273260K [0x0000000080000000, 0x0000000100000000)
  region size 1024K, 177 young (181248K), 14 survivors (14336K)
 Metaspace       used 50153K, capacity 51452K, committed 51712K, reserved 1093632K
  class space    used 6371K, capacity 6852K, committed 6912K, reserved 1048576K
}
Event: 17.604 GC heap after
{Heap after GC invocations=74 (full 0):
 garbage-first heap   total 386048K, used 104869K [0x0000000080000000, 0x0000000100000000)
  region size 1024K, 14 young (14336K), 14 survivors (14336K)
 Metaspace       used 50153K, capacity 51452K, committed 51712K, reserved 1093632K
  class space    used 6371K, capacity 6852K, committed 6912K, reserved 1048576K
}
Event: 17.973 GC heap before
{Heap before GC invocations=74 (full 0):
 garbage-first heap   total 386048K, used 316837K [0x0000000080000000, 0x0000000100000000)
  region size 1024K, 221 young (226304K), 14 survivors (14336K)
 Metaspace       used 50155K, capacity 51452K, committed 51712K, reserved 1093632K
  class space    used 6372K, capacity 6852K, committed 6912K, reserved 1048576K
}
Event: 17.980 GC heap after
{Heap after GC invocations=75 (full 0):
 garbage-first heap   total 386048K, used 103625K [0x0000000080000000, 0x0000000100000000)
  region size 1024K, 13 young (13312K), 13 survivors (13312K)
 Metaspace       used 50155K, capacity 51452K, committed 51712K, reserved 1093632K
  class space    used 6372K, capacity 6852K, committed 6912K, reserved 1048576K
}
Event: 18.404 GC heap before
{Heap before GC invocations=75 (full 0):
 garbage-first heap   total 386048K, used 321737K [0x0000000080000000, 0x0000000100000000)
  region size 1024K, 226 young (231424K), 13 survivors (13312K)
 Metaspace       used 50157K, capacity 51452K, committed 51712K, reserved 1093632K
  class space    used 6372K, capacity 6852K, committed 6912K, reserved 1048576K
}
Event: 18.411 GC heap after
{Heap after GC invocations=76 (full 0):
 garbage-first heap   total 386048K, used 98001K [0x0000000080000000, 0x0000000100000000)
  region size 1024K, 11 young (11264K), 11 survivors (11264K)
 Metaspace       used 50157K, capacity 51452K, committed 51712K, reserved 1093632K
  class space    used 6372K, capacity 6852K, committed 6912K, reserved 1048576K
}
Event: 19.015 GC heap before
{Heap before GC invocations=76 (full 0):
 garbage-first heap   total 386048K, used 317137K [0x0000000080000000, 0x0000000100000000)
  region size 1024K, 226 young (231424K), 11 survivors (11264K)
 Metaspace       used 50157K, capacity 51452K, committed 51712K, reserved 1093632K
  class space    used 6372K, capacity 6852K, committed 6912K, reserved 1048576K
}
Event: 19.024 GC heap after
{Heap after GC invocations=77 (full 0):
 garbage-first heap   total 386048K, used 99753K [0x0000000080000000, 0x0000000100000000)
  region size 1024K, 12 young (12288K), 12 survivors (12288K)
 Metaspace       used 50157K, capacity 51452K, committed 51712K, reserved 1093632K
  class space    used 6372K, capacity 6852K, committed 6912K, reserved 1048576K
}
Event: 20.617 GC heap before
{Heap before GC invocations=77 (full 0):
 garbage-first heap   total 386048K, used 318889K [0x0000000080000000, 0x0000000100000000)
  region size 1024K, 226 young (231424K), 12 survivors (12288K)
 Metaspace       used 50164K, capacity 51452K, committed 51712K, reserved 1093632K
  class space    used 6373K, capacity 6852K, committed 6912K, reserved 1048576K
}

Deoptimization events (20 events):
Event: 18.790 Thread 0x000001ba1778e000 DEOPT PACKING pc=0x000001ba0131440a sp=0x0000001557efdf80
Event: 18.790 Thread 0x000001ba1778e000 DEOPT UNPACKING pc=0x000001ba0004a95e sp=0x0000001557efd5f0 mode 0
Event: 18.793 Thread 0x000001ba1778e000 DEOPT PACKING pc=0x000001ba01313f72 sp=0x0000001557efdf80
Event: 18.793 Thread 0x000001ba1778e000 DEOPT UNPACKING pc=0x000001ba0004a95e sp=0x0000001557efd5f0 mode 0
Event: 18.797 Thread 0x000001ba1778e000 DEOPT PACKING pc=0x000001ba01313f72 sp=0x0000001557efdf80
Event: 18.797 Thread 0x000001ba1778e000 DEOPT UNPACKING pc=0x000001ba0004a95e sp=0x0000001557efd5f0 mode 0
Event: 18.802 Thread 0x000001ba1778e000 DEOPT PACKING pc=0x000001ba01313f72 sp=0x0000001557efdf80
Event: 18.802 Thread 0x000001ba1778e000 DEOPT UNPACKING pc=0x000001ba0004a95e sp=0x0000001557efd5f0 mode 0
Event: 18.807 Thread 0x000001ba1778e000 DEOPT PACKING pc=0x000001ba01313f72 sp=0x0000001557efdf80
Event: 18.807 Thread 0x000001ba1778e000 DEOPT UNPACKING pc=0x000001ba0004a95e sp=0x0000001557efd5f0 mode 0
Event: 18.811 Thread 0x000001ba1778e000 DEOPT PACKING pc=0x000001ba01313f72 sp=0x0000001557efdf80
Event: 18.811 Thread 0x000001ba1778e000 DEOPT UNPACKING pc=0x000001ba0004a95e sp=0x0000001557efd5f0 mode 0
Event: 18.816 Thread 0x000001ba1778e000 DEOPT PACKING pc=0x000001ba01313f72 sp=0x0000001557efdf80
Event: 18.816 Thread 0x000001ba1778e000 DEOPT UNPACKING pc=0x000001ba0004a95e sp=0x0000001557efd5f0 mode 0
Event: 19.390 Thread 0x000001ba1778e000 Uncommon trap: trap_request=0xffffff4d fr.pc=0x000001ba0800f030 relative=0x00000000000059b0
Event: 19.390 Thread 0x000001ba1778e000 Uncommon trap: reason=unstable_if action=reinterpret pc=0x000001ba0800f030 method=org.objectweb.asm.ClassReader.accept(Lorg/objectweb/asm/ClassVisitor;[Lorg/objectweb/asm/Attribute;I)V @ 422 c2
Event: 19.390 Thread 0x000001ba1778e000 DEOPT PACKING pc=0x000001ba0800f030 sp=0x0000001557efe4e0
Event: 19.390 Thread 0x000001ba1778e000 DEOPT UNPACKING pc=0x000001ba0004a1af sp=0x0000001557efe4c8 mode 2
Event: 19.453 Thread 0x000001ba1778e000 DEOPT PACKING pc=0x000001ba0133887f sp=0x0000001557efe3d0
Event: 19.453 Thread 0x000001ba1778e000 DEOPT UNPACKING pc=0x000001ba0004a95e sp=0x0000001557efd9c0 mode 0

Classes redefined (0 events):
No events

Internal exceptions (20 events):
Event: 13.475 Thread 0x000001ba17789800 Exception <a 'sun/nio/fs/WindowsException'{0x000000008ddf1258}> (0x000000008ddf1258) thrown at [./src/hotspot/share/prims/jni.cpp, line 616]
Event: 13.477 Thread 0x000001ba17787000 Exception <a 'sun/nio/fs/WindowsException'{0x000000008d777f18}> (0x000000008d777f18) thrown at [./src/hotspot/share/prims/jni.cpp, line 616]
Event: 13.484 Thread 0x000001ba1778e000 Exception <a 'sun/nio/fs/WindowsException'{0x000000008cb12730}> (0x000000008cb12730) thrown at [./src/hotspot/share/prims/jni.cpp, line 616]
Event: 13.485 Thread 0x000001ba17789000 Exception <a 'sun/nio/fs/WindowsException'{0x000000008c93a2b0}> (0x000000008c93a2b0) thrown at [./src/hotspot/share/prims/jni.cpp, line 616]
Event: 13.488 Thread 0x000001ba1519e000 Exception <a 'sun/nio/fs/WindowsException'{0x000000008c759160}> (0x000000008c759160) thrown at [./src/hotspot/share/prims/jni.cpp, line 616]
Event: 13.490 Thread 0x000001ba1519e000 Exception <a 'sun/nio/fs/WindowsException'{0x000000008c759328}> (0x000000008c759328) thrown at [./src/hotspot/share/prims/jni.cpp, line 616]
Event: 13.490 Thread 0x000001ba151a1800 Exception <a 'sun/nio/fs/WindowsException'{0x000000008c6e40c0}> (0x000000008c6e40c0) thrown at [./src/hotspot/share/prims/jni.cpp, line 616]
Event: 13.492 Thread 0x000001ba151a1800 Exception <a 'sun/nio/fs/WindowsException'{0x000000008c6e4270}> (0x000000008c6e4270) thrown at [./src/hotspot/share/prims/jni.cpp, line 616]
Event: 13.558 Thread 0x000001ba1778c800 Exception <a 'sun/nio/fs/WindowsException'{0x000000008982d2e8}> (0x000000008982d2e8) thrown at [./src/hotspot/share/prims/jni.cpp, line 616]
Event: 13.559 Thread 0x000001ba1778c800 Exception <a 'sun/nio/fs/WindowsException'{0x000000008982d4b0}> (0x000000008982d4b0) thrown at [./src/hotspot/share/prims/jni.cpp, line 616]
Event: 14.637 Thread 0x000001ba1778f000 Exception <a 'sun/nio/fs/WindowsException'{0x000000008dea0460}> (0x000000008dea0460) thrown at [./src/hotspot/share/prims/jni.cpp, line 616]
Event: 14.639 Thread 0x000001ba1778f000 Exception <a 'sun/nio/fs/WindowsException'{0x000000008dea05c8}> (0x000000008dea05c8) thrown at [./src/hotspot/share/prims/jni.cpp, line 616]
Event: 16.589 Thread 0x000001ba17787000 Exception <a 'sun/nio/fs/WindowsException'{0x000000008ea18068}> (0x000000008ea18068) thrown at [./src/hotspot/share/prims/jni.cpp, line 616]
Event: 16.591 Thread 0x000001ba17787000 Exception <a 'sun/nio/fs/WindowsException'{0x000000008ea181f0}> (0x000000008ea181f0) thrown at [./src/hotspot/share/prims/jni.cpp, line 616]
Event: 17.618 Thread 0x000001ba17789000 Exception <a 'sun/nio/fs/WindowsException'{0x0000000096ff7aa8}> (0x0000000096ff7aa8) thrown at [./src/hotspot/share/prims/jni.cpp, line 616]
Event: 17.619 Thread 0x000001ba17789000 Exception <a 'sun/nio/fs/WindowsException'{0x0000000096ff7c38}> (0x0000000096ff7c38) thrown at [./src/hotspot/share/prims/jni.cpp, line 616]
Event: 18.225 Thread 0x000001ba17789800 Exception <a 'sun/nio/fs/WindowsException'{0x000000008ddb2318}> (0x000000008ddb2318) thrown at [./src/hotspot/share/prims/jni.cpp, line 616]
Event: 18.227 Thread 0x000001ba17789800 Exception <a 'sun/nio/fs/WindowsException'{0x000000008ddb24c8}> (0x000000008ddb24c8) thrown at [./src/hotspot/share/prims/jni.cpp, line 616]
Event: 19.487 Thread 0x000001ba1778e000 Exception <a 'sun/nio/fs/WindowsException'{0x000000008c2dd748}> (0x000000008c2dd748) thrown at [./src/hotspot/share/prims/jni.cpp, line 616]
Event: 19.488 Thread 0x000001ba1778e000 Exception <a 'sun/nio/fs/WindowsException'{0x000000008c2dd8c8}> (0x000000008c2dd8c8) thrown at [./src/hotspot/share/prims/jni.cpp, line 616]

Events (20 events):
Event: 16.877 Executing VM operation: G1CollectForAllocation done
Event: 17.097 Executing VM operation: G1CollectForAllocation
Event: 17.105 Executing VM operation: G1CollectForAllocation done
Event: 17.341 Executing VM operation: G1CollectForAllocation
Event: 17.348 Executing VM operation: G1CollectForAllocation done
Event: 17.593 Executing VM operation: RevokeBias
Event: 17.593 Executing VM operation: RevokeBias done
Event: 17.595 Executing VM operation: G1CollectForAllocation
Event: 17.604 Executing VM operation: G1CollectForAllocation done
Event: 17.889 loading class org/gradle/internal/classpath/InstrumentingTransformer$LambdaFactoryDetails
Event: 17.889 loading class org/gradle/internal/classpath/InstrumentingTransformer$LambdaFactoryDetails done
Event: 17.972 Executing VM operation: G1CollectForAllocation
Event: 17.980 Executing VM operation: G1CollectForAllocation done
Event: 18.404 Executing VM operation: G1CollectForAllocation
Event: 18.411 Executing VM operation: G1CollectForAllocation done
Event: 19.015 Executing VM operation: G1CollectForAllocation
Event: 19.024 Executing VM operation: G1CollectForAllocation done
Event: 20.544 loading class org/gradle/internal/snapshot/LargeChildMap
Event: 20.544 loading class org/gradle/internal/snapshot/LargeChildMap done
Event: 20.616 Executing VM operation: G1CollectForAllocation


Dynamic libraries:
0x00007ff69df00000 - 0x00007ff69df0a000 	C:\Program Files\Android\Android Studio\jre\bin\java.exe
0x00007ff89fcb0000 - 0x00007ff89fec4000 	C:\WINDOWS\SYSTEM32\ntdll.dll
0x00007ff89e6c0000 - 0x00007ff89e783000 	C:\WINDOWS\System32\KERNEL32.DLL
0x00007ff89d650000 - 0x00007ff89d9ed000 	C:\WINDOWS\System32\KERNELBASE.dll
0x00007ff89a030000 - 0x00007ff89a0c7000 	C:\WINDOWS\SYSTEM32\apphelp.dll
0x00007ff841110000 - 0x00007ff8415ae000 	C:\WINDOWS\SYSTEM32\AcLayers.DLL
0x00007ff89dd50000 - 0x00007ff89ddf7000 	C:\WINDOWS\System32\msvcrt.dll
0x00007ff89eff0000 - 0x00007ff89f04e000 	C:\WINDOWS\System32\SHLWAPI.dll
0x00007ff88cdc0000 - 0x00007ff88cdd5000 	C:\WINDOWS\SYSTEM32\SortWindows6Compat.dll
0x00007ff89d0d0000 - 0x00007ff89d1e1000 	C:\WINDOWS\System32\ucrtbase.dll
0x00007ff88cd70000 - 0x00007ff88cd89000 	C:\Program Files\Android\Android Studio\jre\bin\jli.dll
0x00007ff8871f0000 - 0x00007ff887207000 	C:\Program Files\Android\Android Studio\jre\bin\VCRUNTIME140.dll
0x00007ff89f610000 - 0x00007ff89f7bd000 	C:\WINDOWS\System32\USER32.dll
0x00007ff89da70000 - 0x00007ff89da96000 	C:\WINDOWS\System32\win32u.dll
0x00007ff89fc20000 - 0x00007ff89fc49000 	C:\WINDOWS\System32\GDI32.dll
0x00007ff8823b0000 - 0x00007ff88263e000 	C:\WINDOWS\WinSxS\amd64_microsoft.windows.common-controls_6595b64144ccf1df_6.0.22621.608_none_a9444ca7c10bb01d\COMCTL32.dll
0x00007ff89d1f0000 - 0x00007ff89d302000 	C:\WINDOWS\System32\gdi32full.dll
0x00007ff89d440000 - 0x00007ff89d4da000 	C:\WINDOWS\System32\msvcp_win.dll
0x00007ff89e5d0000 - 0x00007ff89e602000 	C:\WINDOWS\System32\IMM32.DLL
0x00007ff876e10000 - 0x00007ff876ead000 	C:\Program Files\Android\Android Studio\jre\bin\msvcp140.dll
0x00007ff828020000 - 0x00007ff828b22000 	C:\Program Files\Android\Android Studio\jre\bin\server\jvm.dll
0x00007ff89f7c0000 - 0x00007ff89f86e000 	C:\WINDOWS\System32\ADVAPI32.dll
0x00007ff89e610000 - 0x00007ff89e6b4000 	C:\WINDOWS\System32\sechost.dll
0x00007ff89f050000 - 0x00007ff89f165000 	C:\WINDOWS\System32\RPCRT4.dll
0x00007ff89dcc0000 - 0x00007ff89dcc8000 	C:\WINDOWS\System32\PSAPI.DLL
0x00007ff8954b0000 - 0x00007ff8954e4000 	C:\WINDOWS\SYSTEM32\WINMM.dll
0x00007ff895ff0000 - 0x00007ff895ffa000 	C:\WINDOWS\SYSTEM32\VERSION.dll
0x00007ff86a060000 - 0x00007ff86a069000 	C:\WINDOWS\SYSTEM32\WSOCK32.dll
0x00007ff89fa90000 - 0x00007ff89fb01000 	C:\WINDOWS\System32\WS2_32.dll
0x00007ff89c130000 - 0x00007ff89c148000 	C:\WINDOWS\SYSTEM32\kernel.appcore.dll
0x00007ff88cda0000 - 0x00007ff88cdb1000 	C:\Program Files\Android\Android Studio\jre\bin\verify.dll
0x00007ff89ad70000 - 0x00007ff89af9e000 	C:\WINDOWS\SYSTEM32\DBGHELP.DLL
0x00007ff89de50000 - 0x00007ff89e1da000 	C:\WINDOWS\System32\combase.dll
0x00007ff89f9b0000 - 0x00007ff89fa87000 	C:\WINDOWS\System32\OLEAUT32.dll
0x00007ff88ba70000 - 0x00007ff88baa2000 	C:\WINDOWS\SYSTEM32\dbgcore.DLL
0x00007ff89d9f0000 - 0x00007ff89da6b000 	C:\WINDOWS\System32\bcryptPrimitives.dll
0x00007ff87cdc0000 - 0x00007ff87cde9000 	C:\Program Files\Android\Android Studio\jre\bin\java.dll
0x00007ff898b10000 - 0x00007ff898b1b000 	C:\Program Files\Android\Android Studio\jre\bin\jimage.dll
0x00007ff87a410000 - 0x00007ff87a428000 	C:\Program Files\Android\Android Studio\jre\bin\zip.dll
0x00007ff89e800000 - 0x00007ff89efef000 	C:\WINDOWS\System32\SHELL32.dll
0x00007ff89b100000 - 0x00007ff89b9c8000 	C:\WINDOWS\SYSTEM32\windows.storage.dll
0x00007ff89afc0000 - 0x00007ff89b0fe000 	C:\WINDOWS\SYSTEM32\wintypes.dll
0x00007ff89fb20000 - 0x00007ff89fc11000 	C:\WINDOWS\System32\SHCORE.dll
0x00007ff89d000000 - 0x00007ff89d021000 	C:\WINDOWS\SYSTEM32\profapi.dll
0x00007ff875fa0000 - 0x00007ff875fba000 	C:\Program Files\Android\Android Studio\jre\bin\net.dll
0x00007ff8954f0000 - 0x00007ff89561f000 	C:\WINDOWS\SYSTEM32\WINHTTP.dll
0x00007ff89c590000 - 0x00007ff89c5f9000 	C:\WINDOWS\system32\mswsock.dll
0x00007ff875db0000 - 0x00007ff875dc4000 	C:\Program Files\Android\Android Studio\jre\bin\nio.dll
0x00007ff87da40000 - 0x00007ff87da67000 	C:\Users\venni\.gradle\native\e1d6ef7f7dcc3fd88c89a11ec53ec762bb8ba0a96d01ffa2cd45eb1d1d8dd5c5\windows-amd64\native-platform.dll
0x00007ff876cc0000 - 0x00007ff876e04000 	C:\Users\venni\.gradle\native\0d407fdbe67a94daf76414ababcb853783967236a71b16ec16e742cd7a986fd3\windows-amd64\native-platform-file-events.dll
0x00007ff897730000 - 0x00007ff89773a000 	C:\Program Files\Android\Android Studio\jre\bin\management.dll
0x00007ff88cd90000 - 0x00007ff88cd9d000 	C:\Program Files\Android\Android Studio\jre\bin\management_ext.dll
0x00007ff89c7e0000 - 0x00007ff89c7fb000 	C:\WINDOWS\SYSTEM32\CRYPTSP.dll
0x00007ff89c0a0000 - 0x00007ff89c0d5000 	C:\WINDOWS\system32\rsaenh.dll
0x00007ff89c680000 - 0x00007ff89c6a8000 	C:\WINDOWS\SYSTEM32\USERENV.dll
0x00007ff89c9a0000 - 0x00007ff89c9c8000 	C:\WINDOWS\SYSTEM32\bcrypt.dll
0x00007ff89c800000 - 0x00007ff89c80c000 	C:\WINDOWS\SYSTEM32\CRYPTBASE.dll
0x00007ff89bc20000 - 0x00007ff89bc4d000 	C:\WINDOWS\SYSTEM32\IPHLPAPI.DLL
0x00007ff89fb10000 - 0x00007ff89fb19000 	C:\WINDOWS\System32\NSI.dll
0x00007ff896000000 - 0x00007ff896019000 	C:\WINDOWS\SYSTEM32\dhcpcsvc6.DLL
0x00007ff8950d0000 - 0x00007ff8950ef000 	C:\WINDOWS\SYSTEM32\dhcpcsvc.DLL
0x00007ff89bc90000 - 0x00007ff89bd82000 	C:\WINDOWS\SYSTEM32\DNSAPI.dll

dbghelp: loaded successfully - version: 4.0.5 - missing functions: none
symbol engine: initialized successfully - sym options: 0x614 - pdb path: .;C:\Program Files\Android\Android Studio\jre\bin;C:\WINDOWS\SYSTEM32;C:\WINDOWS\WinSxS\amd64_microsoft.windows.common-controls_6595b64144ccf1df_6.0.22621.608_none_a9444ca7c10bb01d;C:\Program Files\Android\Android Studio\jre\bin\server;C:\Users\venni\.gradle\native\e1d6ef7f7dcc3fd88c89a11ec53ec762bb8ba0a96d01ffa2cd45eb1d1d8dd5c5\windows-amd64;C:\Users\venni\.gradle\native\0d407fdbe67a94daf76414ababcb853783967236a71b16ec16e742cd7a986fd3\windows-amd64

VM Arguments:
jvm_args: --add-opens=java.base/java.util=ALL-UNNAMED --add-opens=java.base/java.lang=ALL-UNNAMED --add-opens=java.base/java.lang.invoke=ALL-UNNAMED --add-opens=java.base/java.util=ALL-UNNAMED --add-opens=java.prefs/java.util.prefs=ALL-UNNAMED --add-opens=java.prefs/java.util.prefs=ALL-UNNAMED --add-opens=java.base/java.nio.charset=ALL-UNNAMED --add-opens=java.base/java.net=ALL-UNNAMED --add-opens=java.base/java.util.concurrent.atomic=ALL-UNNAMED -Xmx2048m -Dfile.encoding=UTF-8 -Duser.country=IN -Duser.language=en -Duser.variant 
java_command: org.gradle.launcher.daemon.bootstrap.GradleDaemon 7.4
java_class_path (initial): C:\Users\venni\.gradle\wrapper\dists\gradle-7.4-bin\c0gwcg53nkjbqw7r0h0umtfvt\gradle-7.4\lib\gradle-launcher-7.4.jar
Launcher Type: SUN_STANDARD

[Global flags]
     intx CICompilerCount                          = 4                                         {product} {ergonomic}
     uint ConcGCThreads                            = 3                                         {product} {ergonomic}
     uint G1ConcRefinementThreads                  = 10                                        {product} {ergonomic}
   size_t G1HeapRegionSize                         = 1048576                                   {product} {ergonomic}
    uintx GCDrainStackTargetSize                   = 64                                        {product} {ergonomic}
   size_t InitialHeapSize                          = 98566144                                  {product} {ergonomic}
   size_t MarkStackSize                            = 4194304                                   {product} {ergonomic}
   size_t MaxHeapSize                              = 2147483648                                {product} {command line}
   size_t MaxNewSize                               = 1287651328                                {product} {ergonomic}
   size_t MinHeapDeltaBytes                        = 1048576                                   {product} {ergonomic}
    uintx NonNMethodCodeHeapSize                   = 5836300                                {pd product} {ergonomic}
    uintx NonProfiledCodeHeapSize                  = 122910970                              {pd product} {ergonomic}
    uintx ProfiledCodeHeapSize                     = 122910970                              {pd product} {ergonomic}
    uintx ReservedCodeCacheSize                    = 251658240                              {pd product} {ergonomic}
     bool SegmentedCodeCache                       = true                                      {product} {ergonomic}
     bool UseCompressedClassPointers               = true                                 {lp64_product} {ergonomic}
     bool UseCompressedOops                        = true                                 {lp64_product} {ergonomic}
     bool UseG1GC                                  = true                                      {product} {ergonomic}
     bool UseLargePagesIndividualAllocation        = false                                  {pd product} {ergonomic}

Logging:
Log output configuration:
 #0: stdout all=warning uptime,level,tags
 #1: stderr all=off uptime,level,tags

Environment Variables:
JAVA_HOME=C:\Program Files\Java\jdk-19\bin
PATH=C:\Program Files\Common Files\Oracle\Java\javapath;C:\WINDOWS\system32;C:\WINDOWS;C:\WINDOWS\System32\Wbem;C:\WINDOWS\System32\WindowsPowerShell\v1.0\;C:\WINDOWS\System32\OpenSSH\;C:\Program Files\Git\cmd;C:\Users\venni\AppData\Local\Android\Sdk\platform-tools;C:\Users\venni\AppData\Local\Microsoft\WindowsApps
USERNAME=venni
OS=Windows_NT
PROCESSOR_IDENTIFIER=AMD64 Family 23 Model 104 Stepping 1, AuthenticAMD



---------------  S Y S T E M  ---------------

OS: Windows 11 , 64 bit Build 22621 (10.0.22621.963)
OS uptime: 0 days 1:31 hours

CPU:total 12 (initial active 12) (12 cores per cpu, 2 threads per core) family 23 model 104 stepping 1 microcode 0x0, cmov, cx8, fxsr, mmx, sse, sse2, sse3, ssse3, sse4.1, sse4.2, popcnt, avx, avx2, aes, clmul, mmxext, 3dnowpref, lzcnt, sse4a, ht, tsc, tscinvbit, tscinv, bmi1, bmi2, adx, sha, fma

Memory: 4k page, system-wide physical 6005M (340M free)
TotalPageFile size 8053M (AvailPageFile size 65M)
current process WorkingSet (physical memory assigned to process): 481M, peak: 493M
current process commit charge ("private bytes"): 640M, peak: 707M

vm_info: OpenJDK 64-Bit Server VM (11.0.13+0-b1751.21-8125866) for windows-amd64 JRE (11.0.13+0-b1751.21-8125866), built on Feb  2 2022 03:00:22 by "builder" with MS VC++ 14.0 (VS2015)

END.
